#
# There is insufficient memory for the Java Runtime Environment to continue.
# Native memory allocation (malloc) failed to allocate 32744 bytes for ChunkPool::allocate
# Possible reasons:
#   The system is out of physical RAM or swap space
#   In 32 bit mode, the process size limit was hit
# Possible solutions:
#   Reduce memory load on the system
#   Increase physical memory or swap space
#   Check if swap backing store is full
#   Use 64 bit Java on a 64 bit OS
#   Decrease Java heap size (-Xmx/-Xms)
#   Decrease number of Java threads
#   Decrease Java thread stack sizes (-Xss)
#   Set larger code cache with -XX:ReservedCodeCacheSize=
# This output file may be truncated or incomplete.
#
#  Out of Memory Error (allocation.cpp:273), pid=5524, tid=0x00000000000021a8
#
# JRE version: OpenJDK Runtime Environment (8.0_152-b01) (build 1.8.0_152-release-915-b01)
# Java VM: OpenJDK 64-Bit Server VM (25.152-b01 mixed mode windows-amd64 compressed oops)
# Failed to write core dump. Minidumps are not enabled by default on client versions of Windows
#

---------------  T H R E A D  ---------------

Current thread (0x00000000189a4000):  JavaThread "C1 CompilerThread2" daemon [_thread_in_native, id=8616, stack(0x0000000019280000,0x0000000019380000)]

Stack: [0x0000000019280000,0x0000000019380000]
[error occurred during error reporting (printing stack bounds), id 0xc0000005]

Native frames: (J=compiled Java code, j=interpreted, Vv=VM code, C=native code)


Current CompileTask:
C1:  34294 10470       3      
[error occurred during error reporting (printing current compile task), id 0xe0000001]


---------------  P R O C E S S  ---------------

Java Threads: ( => current thread )
  0x000000001a613000 JavaThread "Task worker for ':' Thread 3" [_thread_in_native, id=7228, stack(0x00000000259a0000,0x0000000025aa0000)]
  0x000000001a61a800 JavaThread "Task worker for ':' Thread 2" [_thread_in_native, id=8896, stack(0x0000000023370000,0x0000000023470000)]
  0x000000001a611800 JavaThread "Task worker for ':'" [_thread_in_Java, id=7852, stack(0x00000000257b0000,0x00000000258b0000)]
  0x000000001a61b800 JavaThread "Cache worker for task history cache (E:\zdh\as_workspace\HeadStyle\.gradle\4.1\taskHistory)" [_thread_blocked, id=5312, stack(0x00000000255d0000,0x00000000256d0000)]
  0x000000001a620000 JavaThread "Cache worker for file content cache (E:\zdh\as_workspace\HeadStyle\.gradle\4.1\fileContent)" [_thread_blocked, id=7396, stack(0x000000001be10000,0x000000001bf10000)]
  0x000000001a61a000 JavaThread "Memory manager" [_thread_blocked, id=7888, stack(0x000000001b470000,0x000000001b570000)]
  0x000000001a619000 JavaThread "pool-1-thread-1" [_thread_blocked, id=8820, stack(0x0000000022e20000,0x0000000022f20000)]
  0x000000001a617800 JavaThread "build operations Thread 4" [_thread_blocked, id=8576, stack(0x0000000022ae0000,0x0000000022be0000)]
  0x000000001a617000 JavaThread "build operations Thread 3" [_thread_blocked, id=5408, stack(0x00000000229a0000,0x0000000022aa0000)]
  0x000000001a616000 JavaThread "build operations Thread 2" [_thread_blocked, id=4452, stack(0x000000001fc10000,0x000000001fd10000)]
  0x000000001a615800 JavaThread "build operations" [_thread_blocked, id=9028, stack(0x0000000022890000,0x0000000022990000)]
  0x000000001a614800 JavaThread "Cache worker for Artifact transforms cache (C:\Users\admin\.gradle\caches\transforms-1)" [_thread_blocked, id=4376, stack(0x000000001ea90000,0x000000001eb90000)]
  0x000000001af9d800 JavaThread "Cache worker for file hash cache (E:\zdh\as_workspace\HeadStyle\.gradle\4.1\fileHashes)" [_thread_blocked, id=7560, stack(0x0000000019150000,0x0000000019250000)]
  0x000000001ab3a800 JavaThread "File lock request listener" [_thread_in_native, id=7260, stack(0x000000001c5e0000,0x000000001c6e0000)]
  0x000000001ab44800 JavaThread "Cache worker for file hash cache (C:\Users\admin\.gradle\caches\4.1\fileHashes)" [_thread_blocked, id=3120, stack(0x000000001c470000,0x000000001c570000)]
  0x000000001a67e000 JavaThread "Stdin handler" [_thread_blocked, id=8040, stack(0x000000001c0d0000,0x000000001c1d0000)]
  0x000000001aed0800 JavaThread "Asynchronous log dispatcher for DefaultDaemonConnection: socket connection from /127.0.0.1:49507 to /127.0.0.1:49508" [_thread_blocked, id=9176, stack(0x0000000019380000,0x0000000019480000)]
  0x000000001a681000 JavaThread "Daemon worker" [_thread_in_Java, id=6936, stack(0x000000001bf10000,0x000000001c010000)]
  0x000000001a680000 JavaThread "Cancel handler" [_thread_blocked, id=7744, stack(0x000000001bd10000,0x000000001be10000)]
  0x000000001b067800 JavaThread "Handler for socket connection from /127.0.0.1:49507 to /127.0.0.1:49508" [_thread_in_native, id=7904, stack(0x000000001b9d0000,0x000000001bad0000)]
  0x000000001a7cb000 JavaThread "Daemon" [_thread_blocked, id=9152, stack(0x000000001b820000,0x000000001b920000)]
  0x000000001a91b000 JavaThread "Daemon periodic checks" [_thread_blocked, id=2912, stack(0x000000001b6d0000,0x000000001b7d0000)]
  0x000000001ad42000 JavaThread "Incoming local TCP Connector on port 49507" [_thread_in_native, id=3844, stack(0x000000001b5b0000,0x000000001b6b0000)]
  0x0000000018a18800 JavaThread "Service Thread" daemon [_thread_blocked, id=6468, stack(0x00000000194a0000,0x00000000195a0000)]
=>0x00000000189a4000 JavaThread "C1 CompilerThread2" daemon [_thread_in_native, id=8616, stack(0x0000000019280000,0x0000000019380000)]
  0x00000000189a2800 JavaThread "C2 CompilerThread1" daemon [_thread_in_native, id=6272, stack(0x0000000018ef0000,0x0000000018ff0000)]
  0x000000001751f000 JavaThread "C2 CompilerThread0" daemon [_thread_in_native, id=7680, stack(0x0000000018760000,0x0000000018860000)]
  0x000000001898a800 JavaThread "Attach Listener" daemon [_thread_blocked, id=4664, stack(0x0000000019040000,0x0000000019140000)]
  0x000000001750e000 JavaThread "Signal Dispatcher" daemon [_thread_blocked, id=5820, stack(0x0000000018da0000,0x0000000018ea0000)]
  0x00000000174f9000 JavaThread "Finalizer" daemon [_thread_blocked, id=5668, stack(0x0000000018880000,0x0000000018980000)]
  0x00000000174b2000 JavaThread "Reference Handler" daemon [_thread_blocked, id=7516, stack(0x0000000018660000,0x0000000018760000)]
  0x0000000002348000 JavaThread "main" [_thread_blocked, id=1696, stack(0x0000000002780000,0x0000000002880000)]

Other Threads:
  0x00000000174aa800 VMThread [stack: 0x0000000018550000,0x0000000018650000] [id=8292]
  0x00000000189a8800 WatcherThread [stack: 0x0000000019670000,0x0000000019770000] [id=3384]

VM state:not at safepoint (normal execution)

VM Mutex/Monitor currently owned by a thread: None

Heap:
 PSYoungGen      total 198656K, used 113491K [0x00000000d5580000, 0x00000000e6300000, 0x0000000100000000)
  eden space 169472K, 66% used [0x00000000d5580000,0x00000000dc454da8,0x00000000dfb00000)
  from space 29184K, 0% used [0x00000000dfb00000,0x00000000dfb00000,0x00000000e1780000)
  to   space 30208K, 0% used [0x00000000e4580000,0x00000000e4580000,0x00000000e6300000)
 ParOldGen       total 175616K, used 52936K [0x0000000080000000, 0x000000008ab80000, 0x00000000d5580000)
  object space 175616K, 30% used [0x0000000080000000,0x00000000833b2300,0x000000008ab80000)
 Metaspace       used 60133K, capacity 63105K, committed 63320K, reserved 1103872K
  class space    used 7804K, capacity 8536K, committed 8576K, reserved 1048576K

Card table byte_map: [0x0000000011c40000,0x0000000012050000] byte_map_base: 0x0000000011840000

Marking Bits: (ParMarkBitMap*) 0x00000000510d3950
 Begin Bits: [0x0000000012720000, 0x0000000014720000)
 End Bits:   [0x0000000014720000, 0x0000000016720000)

Polling page: 0x0000000000460000

CodeCache: size=245760Kb used=29665Kb max_used=29681Kb free=216094Kb
 bounds [0x0000000002880000, 0x00000000045a0000, 0x0000000011880000]
 total_blobs=9893 nmethods=9108 adapters=697
 compilation: enabled

Compilation events (10 events):
Event: 34.260 Thread 0x00000000189a4000 10467       3       org.eclipse.jdt.internal.compiler.parser.Parser::consumeToken (1989 bytes)
Event: 34.263 Thread 0x00000000189a4000 nmethod 10467 0x0000000004590a50 code [0x0000000004591440, 0x0000000004594fe8]
Event: 34.263 Thread 0x00000000189a4000 10468       3       org.eclipse.jdt.internal.compiler.parser.Scanner::getNextToken (92 bytes)
Event: 34.264 Thread 0x00000000189a4000 nmethod 10468 0x0000000004322e10 code [0x0000000004322fa0, 0x0000000004323358]
Event: 34.266 Thread 0x000000001751f000 nmethod 10453 0x000000000459ae10 code [0x000000000459b0e0, 0x000000000459d500]
Event: 34.267 Thread 0x00000000189a4000 10469       3       org.eclipse.jdt.internal.compiler.parser.Parser::ntAction (8 bytes)
Event: 34.267 Thread 0x00000000189a4000 nmethod 10469 0x0000000004322a50 code [0x0000000004322ba0, 0x0000000004322d10]
Event: 34.267 Thread 0x00000000189a4000 10470       3       org.eclipse.jdt.internal.compiler.parser.Parser::consumeRule (6731 bytes)
Event: 34.283 Thread 0x00000000189a2800 10479   !   4       java.security.SecureClassLoader::getProtectionDomain (114 bytes)
Event: 34.284 Thread 0x000000001751f000 10480       4       java.security.SecureClassLoader::defineClass (16 bytes)

GC Heap History (10 events):
Event: 10.963 GC heap before
{Heap before GC invocations=12 (full 2):
 PSYoungGen      total 133120K, used 133103K [0x00000000d5580000, 0x00000000dfe00000, 0x0000000100000000)
  eden space 120832K, 100% used [0x00000000d5580000,0x00000000dcb80000,0x00000000dcb80000)
  from space 12288K, 99% used [0x00000000dcb80000,0x00000000dd77bff0,0x00000000dd780000)
  to   space 13824K, 0% used [0x00000000df080000,0x00000000df080000,0x00000000dfe00000)
 ParOldGen       total 108544K, used 17280K [0x0000000080000000, 0x0000000086a00000, 0x00000000d5580000)
  object space 108544K, 15% used [0x0000000080000000,0x00000000810e0330,0x0000000086a00000)
 Metaspace       used 50218K, capacity 51934K, committed 52056K, reserved 1093632K
  class space    used 6790K, capacity 7238K, committed 7296K, reserved 1048576K
Event: 11.001 GC heap after
Heap after GC invocations=12 (full 2):
 PSYoungGen      total 155648K, used 13795K [0x00000000d5580000, 0x00000000e0980000, 0x0000000100000000)
  eden space 141824K, 0% used [0x00000000d5580000,0x00000000d5580000,0x00000000de000000)
  from space 13824K, 99% used [0x00000000df080000,0x00000000dfdf8c98,0x00000000dfe00000)
  to   space 16896K, 0% used [0x00000000de000000,0x00000000de000000,0x00000000df080000)
 ParOldGen       total 108544K, used 21504K [0x0000000080000000, 0x0000000086a00000, 0x00000000d5580000)
  object space 108544K, 19% used [0x0000000080000000,0x0000000081500328,0x0000000086a00000)
 Metaspace       used 50218K, capacity 51934K, committed 52056K, reserved 1093632K
  class space    used 6790K, capacity 7238K, committed 7296K, reserved 1048576K
}
Event: 13.855 GC heap before
{Heap before GC invocations=13 (full 2):
 PSYoungGen      total 155648K, used 155619K [0x00000000d5580000, 0x00000000e0980000, 0x0000000100000000)
  eden space 141824K, 100% used [0x00000000d5580000,0x00000000de000000,0x00000000de000000)
  from space 13824K, 99% used [0x00000000df080000,0x00000000dfdf8c98,0x00000000dfe00000)
  to   space 16896K, 0% used [0x00000000de000000,0x00000000de000000,0x00000000df080000)
 ParOldGen       total 108544K, used 21504K [0x0000000080000000, 0x0000000086a00000, 0x00000000d5580000)
  object space 108544K, 19% used [0x0000000080000000,0x0000000081500328,0x0000000086a00000)
 Metaspace       used 53439K, capacity 55910K, committed 56280K, reserved 1097728K
  class space    used 7135K, capacity 7816K, committed 7936K, reserved 1048576K
Event: 13.885 GC heap after
Heap after GC invocations=13 (full 2):
 PSYoungGen      total 158720K, used 16864K [0x00000000d5580000, 0x00000000e2e00000, 0x0000000100000000)
  eden space 141824K, 0% used [0x00000000d5580000,0x00000000d5580000,0x00000000de000000)
  from space 16896K, 99% used [0x00000000de000000,0x00000000df078210,0x00000000df080000)
  to   space 23040K, 0% used [0x00000000e1780000,0x00000000e1780000,0x00000000e2e00000)
 ParOldGen       total 108544K, used 33273K [0x0000000080000000, 0x0000000086a00000, 0x00000000d5580000)
  object space 108544K, 30% used [0x0000000080000000,0x000000008207e7d0,0x0000000086a00000)
 Metaspace       used 53439K, capacity 55910K, committed 56280K, reserved 1097728K
  class space    used 7135K, capacity 7816K, committed 7936K, reserved 1048576K
}
Event: 26.170 GC heap before
{Heap before GC invocations=14 (full 2):
 PSYoungGen      total 158720K, used 158688K [0x00000000d5580000, 0x00000000e2e00000, 0x0000000100000000)
  eden space 141824K, 100% used [0x00000000d5580000,0x00000000de000000,0x00000000de000000)
  from space 16896K, 99% used [0x00000000de000000,0x00000000df078210,0x00000000df080000)
  to   space 23040K, 0% used [0x00000000e1780000,0x00000000e1780000,0x00000000e2e00000)
 ParOldGen       total 108544K, used 33273K [0x0000000080000000, 0x0000000086a00000, 0x00000000d5580000)
  object space 108544K, 30% used [0x0000000080000000,0x000000008207e7d0,0x0000000086a00000)
 Metaspace       used 56100K, capacity 58974K, committed 59028K, reserved 1099776K
  class space    used 7473K, capacity 8188K, committed 8192K, reserved 1048576K
Event: 26.196 GC heap after
Heap after GC invocations=14 (full 2):
 PSYoungGen      total 192512K, used 23008K [0x00000000d5580000, 0x00000000e3580000, 0x0000000100000000)
  eden space 169472K, 0% used [0x00000000d5580000,0x00000000d5580000,0x00000000dfb00000)
  from space 23040K, 99% used [0x00000000e1780000,0x00000000e2df8220,0x00000000e2e00000)
  to   space 29184K, 0% used [0x00000000dfb00000,0x00000000dfb00000,0x00000000e1780000)
 ParOldGen       total 108544K, used 40864K [0x0000000080000000, 0x0000000086a00000, 0x00000000d5580000)
  object space 108544K, 37% used [0x0000000080000000,0x00000000827e8218,0x0000000086a00000)
 Metaspace       used 56100K, capacity 58974K, committed 59028K, reserved 1099776K
  class space    used 7473K, capacity 8188K, committed 8192K, reserved 1048576K
}
Event: 26.762 GC heap before
{Heap before GC invocations=15 (full 2):
 PSYoungGen      total 192512K, used 37813K [0x00000000d5580000, 0x00000000e3580000, 0x0000000100000000)
  eden space 169472K, 8% used [0x00000000d5580000,0x00000000d63f5470,0x00000000dfb00000)
  from space 23040K, 99% used [0x00000000e1780000,0x00000000e2df8220,0x00000000e2e00000)
  to   space 29184K, 0% used [0x00000000dfb00000,0x00000000dfb00000,0x00000000e1780000)
 ParOldGen       total 108544K, used 40864K [0x0000000080000000, 0x0000000086a00000, 0x00000000d5580000)
  object space 108544K, 37% used [0x0000000080000000,0x00000000827e8218,0x0000000086a00000)
 Metaspace       used 56113K, capacity 58999K, committed 59028K, reserved 1099776K
  class space    used 7475K, capacity 8192K, committed 8192K, reserved 1048576K
Event: 26.781 GC heap after
Heap after GC invocations=15 (full 2):
 PSYoungGen      total 198656K, used 20784K [0x00000000d5580000, 0x00000000e6300000, 0x0000000100000000)
  eden space 169472K, 0% used [0x00000000d5580000,0x00000000d5580000,0x00000000dfb00000)
  from space 29184K, 71% used [0x00000000dfb00000,0x00000000e0f4c220,0x00000000e1780000)
  to   space 30208K, 0% used [0x00000000e4580000,0x00000000e4580000,0x00000000e6300000)
 ParOldGen       total 108544K, used 43824K [0x0000000080000000, 0x0000000086a00000, 0x00000000d5580000)
  object space 108544K, 40% used [0x0000000080000000,0x0000000082acc218,0x0000000086a00000)
 Metaspace       used 56113K, capacity 58999K, committed 59028K, reserved 1099776K
  class space    used 7475K, capacity 8192K, committed 8192K, reserved 1048576K
}
Event: 26.781 GC heap before
{Heap before GC invocations=16 (full 3):
 PSYoungGen      total 198656K, used 20784K [0x00000000d5580000, 0x00000000e6300000, 0x0000000100000000)
  eden space 169472K, 0% used [0x00000000d5580000,0x00000000d5580000,0x00000000dfb00000)
  from space 29184K, 71% used [0x00000000dfb00000,0x00000000e0f4c220,0x00000000e1780000)
  to   space 30208K, 0% used [0x00000000e4580000,0x00000000e4580000,0x00000000e6300000)
 ParOldGen       total 108544K, used 43824K [0x0000000080000000, 0x0000000086a00000, 0x00000000d5580000)
  object space 108544K, 40% used [0x0000000080000000,0x0000000082acc218,0x0000000086a00000)
 Metaspace       used 56113K, capacity 58999K, committed 59028K, reserved 1099776K
  class space    used 7475K, capacity 8192K, committed 8192K, reserved 1048576K
Event: 26.988 GC heap after
Heap after GC invocations=16 (full 3):
 PSYoungGen      total 198656K, used 0K [0x00000000d5580000, 0x00000000e6300000, 0x0000000100000000)
  eden space 169472K, 0% used [0x00000000d5580000,0x00000000d5580000,0x00000000dfb00000)
  from space 29184K, 0% used [0x00000000dfb00000,0x00000000dfb00000,0x00000000e1780000)
  to   space 30208K, 0% used [0x00000000e4580000,0x00000000e4580000,0x00000000e6300000)
 ParOldGen       total 175616K, used 52936K [0x0000000080000000, 0x000000008ab80000, 0x00000000d5580000)
  object space 175616K, 30% used [0x0000000080000000,0x00000000833b2300,0x000000008ab80000)
 Metaspace       used 56104K, capacity 58973K, committed 59028K, reserved 1099776K
  class space    used 7472K, capacity 8187K, committed 8192K, reserved 1048576K
}

Deoptimization events (10 events):
Event: 24.521 Thread 0x000000001a61b800 Uncommon trap: reason=bimorphic action=maybe_recompile pc=0x0000000003d2dd9c method=java.io.BufferedInputStream.read1([BII)I @ 39
Event: 25.119 Thread 0x000000001a61b800 Uncommon trap: reason=bimorphic action=maybe_recompile pc=0x0000000003d214a8 method=java.io.BufferedInputStream.read1([BII)I @ 39
Event: 25.650 Thread 0x000000001a61a800 Uncommon trap: reason=array_check action=maybe_recompile pc=0x0000000002ad1a8c method=java.util.TimSort.binarySort([Ljava/lang/Object;IIILjava/util/Comparator;)V @ 215
Event: 25.706 Thread 0x000000001a613000 Uncommon trap: reason=array_check action=maybe_recompile pc=0x0000000002ad1a8c method=java.util.TimSort.binarySort([Ljava/lang/Object;IIILjava/util/Comparator;)V @ 215
Event: 26.073 Thread 0x000000001a613000 Uncommon trap: reason=array_check action=maybe_recompile pc=0x0000000002ad1c18 method=java.util.TimSort.binarySort([Ljava/lang/Object;IIILjava/util/Comparator;)V @ 183
Event: 26.357 Thread 0x000000001a61a800 Uncommon trap: reason=array_check action=maybe_recompile pc=0x0000000002ad1c18 method=java.util.TimSort.binarySort([Ljava/lang/Object;IIILjava/util/Comparator;)V @ 183
Event: 26.357 Thread 0x000000001a61a800 Uncommon trap: reason=unstable_if action=reinterpret pc=0x0000000003564b80 method=com.google.common.collect.MapMakerInternalMap$Segment.getEntry(Ljava/lang/Object;I)Lcom/google/common/collect/MapMakerInternalMap$ReferenceEntry; @ 40
Event: 26.358 Thread 0x000000001a61a800 Uncommon trap: reason=unstable_if action=reinterpret pc=0x0000000002ae02f0 method=com.google.common.collect.MapMakerInternalMap$Segment.getEntry(Ljava/lang/Object;I)Lcom/google/common/collect/MapMakerInternalMap$ReferenceEntry; @ 40
Event: 32.201 Thread 0x000000001a61a800 Uncommon trap: reason=array_check action=maybe_recompile pc=0x0000000003a20b78 method=java.util.TimSort.binarySort([Ljava/lang/Object;IIILjava/util/Comparator;)V @ 193
Event: 32.245 Thread 0x000000001a61a800 Uncommon trap: reason=array_check action=maybe_recompile pc=0x0000000003a20b78 method=java.util.TimSort.binarySort([Ljava/lang/Object;IIILjava/util/Comparator;)V @ 193

Classes redefined (0 events):
No events

Internal exceptions (10 events):
Event: 15.261 Thread 0x000000001a681000 Exception <a 'java/lang/ClassNotFoundException': org/greenrobot/greendao/gradle/Greendao3GradlePlugin$apply$1$1Customizer> (0x00000000d7f8ef00) thrown at [D:\src\AOSP-openjdk-cygwin\jdk8u\hotspot\src\share\vm\classfile\systemDictionary.cpp, line 210]
Event: 15.264 Thread 0x000000001a681000 Exception <a 'java/lang/ClassNotFoundException': org/greenrobot/greendao/gradle/Greendao3GradlePlugin$createGreendaoTask$generateTask$1$outputFileTree$1BeanInfo> (0x00000000d7ff32c8) thrown at [D:\src\AOSP-openjdk-cygwin\jdk8u\hotspot\src\share\vm\classfi
Event: 15.264 Thread 0x000000001a681000 Exception <a 'java/lang/ClassNotFoundException': org/greenrobot/greendao/gradle/Greendao3GradlePlugin$createGreendaoTask$generateTask$1$outputFileTree$1Customizer> (0x00000000d80121e8) thrown at [D:\src\AOSP-openjdk-cygwin\jdk8u\hotspot\src\share\vm\class
Event: 16.398 Thread 0x000000001a681000 Exception <a 'java/lang/NoSuchMethodError': <clinit>> (0x00000000d9355eb0) thrown at [D:\src\AOSP-openjdk-cygwin\jdk8u\hotspot\src\share\vm\prims\jni.cpp, line 1613]
Event: 16.398 Thread 0x000000001a681000 Exception <a 'java/lang/NoSuchMethodError': <clinit>> (0x00000000d9364a60) thrown at [D:\src\AOSP-openjdk-cygwin\jdk8u\hotspot\src\share\vm\prims\jni.cpp, line 1613]
Event: 16.410 Thread 0x000000001a611800 Exception <a 'java/lang/NoSuchMethodError': <clinit>> (0x00000000d95a6a80) thrown at [D:\src\AOSP-openjdk-cygwin\jdk8u\hotspot\src\share\vm\prims\jni.cpp, line 1613]
Event: 16.411 Thread 0x000000001a611800 Exception <a 'java/lang/NoSuchMethodError': <clinit>> (0x00000000d96a5fb0) thrown at [D:\src\AOSP-openjdk-cygwin\jdk8u\hotspot\src\share\vm\prims\jni.cpp, line 1613]
Event: 16.411 Thread 0x000000001a611800 Exception <a 'java/lang/NoSuchMethodError': <clinit>> (0x00000000d96a7860) thrown at [D:\src\AOSP-openjdk-cygwin\jdk8u\hotspot\src\share\vm\prims\jni.cpp, line 1613]
Event: 16.755 Thread 0x000000001a681000 Exception <a 'java/lang/NoSuchMethodError': <clinit>> (0x00000000d99fbee0) thrown at [D:\src\AOSP-openjdk-cygwin\jdk8u\hotspot\src\share\vm\prims\jni.cpp, line 1613]
Event: 34.276 Thread 0x000000001a611800 Exception <a 'java/lang/ArrayIndexOutOfBoundsException': 1167> (0x00000000dc21cd78) thrown at [D:\src\AOSP-openjdk-cygwin\jdk8u\hotspot\src\share\vm\interpreter\interpreterRuntime.cpp, line 366]

Events (10 events):
Event: 34.283 loading class org/eclipse/jdt/internal/compiler/ast/JavadocAllocationExpression
Event: 34.283 loading class org/eclipse/jdt/internal/compiler/ast/JavadocAllocationExpression done
Event: 34.284 loading class org/eclipse/jdt/internal/compiler/lookup/ImportBinding
Event: 34.284 loading class org/eclipse/jdt/internal/compiler/lookup/ImportBinding done
Event: 34.284 loading class org/eclipse/jdt/internal/compiler/lookup/ImportConflictBinding
Event: 34.284 loading class org/eclipse/jdt/internal/compiler/lookup/ImportConflictBinding done
Event: 34.285 loading class org/eclipse/jdt/internal/compiler/lookup/Scope$Substitutor
Event: 34.285 loading class org/eclipse/jdt/internal/compiler/lookup/Scope$Substitutor done
Event: 34.285 loading class org/eclipse/jdt/internal/compiler/env/INameEnvironmentExtension
Event: 34.285 loading class org/eclipse/jdt/internal/compiler/env/INameEnvironmentExtension done


Dynamic libraries:
0x000000013f050000 - 0x000000013f081000 	C:\Program Files\Android\Android Studio\jre\bin\java.exe
0x0000000076ce0000 - 0x0000000076e8a000 	C:\Windows\SYSTEM32\ntdll.dll
0x0000000076800000 - 0x000000007691f000 	C:\Windows\system32\kernel32.dll
0x000007fefd240000 - 0x000007fefd2aa000 	C:\Windows\system32\KERNELBASE.dll
0x000007fefded0000 - 0x000007fefdfab000 	C:\Windows\system32\ADVAPI32.dll
0x000007fefef50000 - 0x000007fefefef000 	C:\Windows\system32\msvcrt.dll
0x000007fefd790000 - 0x000007fefd7af000 	C:\Windows\SYSTEM32\sechost.dll
0x000007fefd920000 - 0x000007fefda4d000 	C:\Windows\system32\RPCRT4.dll
0x0000000076be0000 - 0x0000000076cda000 	C:\Windows\system32\USER32.dll
0x000007fefd7b0000 - 0x000007fefd817000 	C:\Windows\system32\GDI32.dll
0x000007fefee70000 - 0x000007fefee7e000 	C:\Windows\system32\LPK.dll
0x000007fefee80000 - 0x000007fefef4b000 	C:\Windows\system32\USP10.dll
0x000007fefb780000 - 0x000007fefb974000 	C:\Windows\WinSxS\amd64_microsoft.windows.common-controls_6595b64144ccf1df_6.0.7601.18837_none_fa3b1e3d17594757\COMCTL32.dll
0x000007fefd470000 - 0x000007fefd4e1000 	C:\Windows\system32\SHLWAPI.dll
0x000007fefdcc0000 - 0x000007fefdcee000 	C:\Windows\system32\IMM32.DLL
0x000007fefdfd0000 - 0x000007fefe0d9000 	C:\Windows\system32\MSCTF.dll
0x0000000079370000 - 0x0000000079442000 	C:\Program Files\Android\Android Studio\jre\jre\bin\msvcr100.dll
0x0000000050910000 - 0x000000005114e000 	C:\Program Files\Android\Android Studio\jre\jre\bin\server\jvm.dll
0x000007fefa130000 - 0x000007fefa139000 	C:\Windows\system32\WSOCK32.dll
0x000007fefde80000 - 0x000007fefdecd000 	C:\Windows\system32\WS2_32.dll
0x000007fefdcf0000 - 0x000007fefdcf8000 	C:\Windows\system32\NSI.dll
0x000007fefd2f0000 - 0x000007fefd32b000 	C:\Windows\system32\WINMM.dll
0x000007fefc070000 - 0x000007fefc07c000 	C:\Windows\system32\VERSION.dll
0x0000000076ea0000 - 0x0000000076ea7000 	C:\Windows\system32\PSAPI.DLL
0x000007fefb990000 - 0x000007fefb99f000 	C:\Program Files\Android\Android Studio\jre\jre\bin\verify.dll
0x000007fef47b0000 - 0x000007fef47d9000 	C:\Program Files\Android\Android Studio\jre\jre\bin\java.dll
0x000007fef5690000 - 0x000007fef56a6000 	C:\Program Files\Android\Android Studio\jre\jre\bin\zip.dll
0x000007fefe0e0000 - 0x000007fefee6a000 	C:\Windows\system32\SHELL32.dll
0x000007fefd590000 - 0x000007fefd78c000 	C:\Windows\system32\ole32.dll
0x000007fefcf20000 - 0x000007fefcf2f000 	C:\Windows\system32\profapi.dll
0x000007fef4790000 - 0x000007fef47aa000 	C:\Program Files\Android\Android Studio\jre\jre\bin\net.dll
0x000007fefc740000 - 0x000007fefc795000 	C:\Windows\system32\mswsock.dll
0x000007fefc730000 - 0x000007fefc737000 	C:\Windows\System32\wship6.dll
0x000007fef4720000 - 0x000007fef4731000 	C:\Program Files\Android\Android Studio\jre\jre\bin\nio.dll
0x000007fef3ab0000 - 0x000007fef3ace000 	C:\Users\admin\.gradle\native\25\windows-amd64\native-platform.dll
0x000007fef5680000 - 0x000007fef568d000 	C:\Program Files\Android\Android Studio\jre\jre\bin\management.dll
0x000007fefc7a0000 - 0x000007fefc7b8000 	C:\Windows\system32\CRYPTSP.dll
0x000007fefc4a0000 - 0x000007fefc4e7000 	C:\Windows\system32\rsaenh.dll
0x000007fefc260000 - 0x000007fefc27e000 	C:\Windows\system32\USERENV.dll
0x000007fefce10000 - 0x000007fefce1f000 	C:\Windows\system32\CRYPTBASE.dll
0x000007fefaa20000 - 0x000007fefaa47000 	C:\Windows\system32\IPHLPAPI.DLL
0x000007fefaa10000 - 0x000007fefaa1b000 	C:\Windows\system32\WINNSI.DLL
0x000007fefa880000 - 0x000007fefa891000 	C:\Windows\system32\dhcpcsvc6.DLL
0x000007fefa630000 - 0x000007fefa648000 	C:\Windows\system32\dhcpcsvc.DLL

VM Arguments:
jvm_args: -XX:MaxPermSize=512m -XX:+HeapDumpOnOutOfMemoryError -Xmx2048m -Dfile.encoding=UTF-8 -Duser.country=CN -Duser.language=zh -Duser.variant 
java_command: org.gradle.launcher.daemon.bootstrap.GradleDaemon 4.1
java_class_path (initial): C:\Users\admin\.gradle\wrapper\dists\gradle-4.1-all\bzyivzo6n839fup2jbap0tjew\gradle-4.1\lib\gradle-launcher-4.1.jar
Launcher Type: SUN_STANDARD

Environment Variables:
JAVA_HOME=D:\jdkjava\jdk1.8.0_31
CLASSPATH=.;D:\jdkjava\jdk1.8.0_31\lib\tools.jar;D:\jdkjava\jdk1.8.0_31\lib\dt.jar
PATH=E:\ffmpeg\bin;D:\jdkjava\jdk1.8.0_31\bin;C:\Python27\Scripts;C:\Python27;E:\Android\sdk\platform-tools;C:\Program Files (x86)\Git\cmd;D:\sdk\platform-tools;C:\ProgramData\Oracle\Java\javapath;D:\jdkjava\jdk1.8.0_31\bin;C:\Program Files (x86)\NVIDIA Corporation\PhysX\Common;C:\Windows\system32;C:\Windows;C:\Windows\System32\Wbem;C:\Windows\System32\WindowsPowerShell\v1.0\;C:\Program Files (x86)\Common Files\microsoft shared\TigerKin;C:\Program Files (x86)\Git\cmd;C:\Program Files\PuTTY\;C:\Program Files\TortoiseSVN\bin;C:\Program Files\nodejs\;C:\Program Files (x86)\SSH Communications Security\SSH Secure Shell;C:\Users\admin\AppData\Local\Programs\Fiddler;C:\Users\admin\AppData\Roaming\npm
USERNAME=admin
OS=Windows_NT
PROCESSOR_IDENTIFIER=Intel64 Family 6 Model 60 Stepping 3, GenuineIntel



---------------  S Y S T E M  ---------------

OS: Windows 7 , 64 bit Build 7601 (6.1.7601.23915)

CPU:total 4 (initial active 4) (4 cores per cpu, 1 threads per core) family 6 model 60 stepping 3, cmov, cx8, fxsr, mmx, sse, sse2, sse3, ssse3, sse4.1, sse4.2, popcnt, avx, avx2, aes, clmul, erms, rtm, lzcnt, tsc, tscinvbit, bmi1, bmi2

Memory: 4k page, physical 8286452k(1698744k free), swap 9333168k(4184k free)

vm_info: OpenJDK 64-Bit Server VM (25.152-b01) for windows-amd64 JRE (1.8.0_152-release-915-b01), built by "builder" with MS VC++ 10.0 (VS2010)

time: Tue Mar 20 16:43:09 2018
elapsed time: 34 seconds (0d 0h 0m 34s)

