#
# There is insufficient memory for the Java Runtime Environment to continue.
# Native memory allocation (malloc) failed to allocate 32744 bytes for ChunkPool::allocate
# Possible reasons:
#   The system is out of physical RAM or swap space
#   In 32 bit mode, the process size limit was hit
# Possible solutions:
#   Reduce memory load on the system
#   Increase physical memory or swap space
#   Check if swap backing store is full
#   Use 64 bit Java on a 64 bit OS
#   Decrease Java heap size (-Xmx/-Xms)
#   Decrease number of Java threads
#   Decrease Java thread stack sizes (-Xss)
#   Set larger code cache with -XX:ReservedCodeCacheSize=
# This output file may be truncated or incomplete.
#
#  Out of Memory Error (allocation.cpp:273), pid=7084, tid=0x0000000000001e2c
#
# JRE version: OpenJDK Runtime Environment (8.0_152-b01) (build 1.8.0_152-release-915-b01)
# Java VM: OpenJDK 64-Bit Server VM (25.152-b01 mixed mode windows-amd64 compressed oops)
# Failed to write core dump. Minidumps are not enabled by default on client versions of Windows
#

---------------  T H R E A D  ---------------

Current thread (0x000000000462f000):  JavaThread "C2 CompilerThread0" daemon [_thread_in_native, id=7724, stack(0x0000000006250000,0x0000000006350000)]

Stack: [0x0000000006250000,0x0000000006350000]
[error occurred during error reporting (printing stack bounds), id 0xc0000005]

Native frames: (J=compiled Java code, j=interpreted, Vv=VM code, C=native code)


Current CompileTask:
C2:  29068 10607   !   4      
[error occurred during error reporting (printing current compile task), id 0xe0000001]


---------------  P R O C E S S  ---------------

Java Threads: ( => current thread )
  0x0000000005bbc800 JavaThread "Memory manager" [_thread_blocked, id=4040, stack(0x0000000063bd0000,0x0000000063cd0000)]
  0x000000005bfe4800 JavaThread "pool-1-thread-1" [_thread_blocked, id=3316, stack(0x0000000060390000,0x0000000060490000)]
  0x000000005bfe3800 JavaThread "build operations Thread 4" [_thread_blocked, id=7864, stack(0x000000005dd90000,0x000000005de90000)]
  0x000000005bfe3000 JavaThread "build operations Thread 3" [_thread_blocked, id=7280, stack(0x0000000062030000,0x0000000062130000)]
  0x000000005bfe2000 JavaThread "build operations Thread 2" [_thread_blocked, id=7228, stack(0x0000000061a40000,0x0000000061b40000)]
  0x000000005bfe1800 JavaThread "build operations" [_thread_blocked, id=4352, stack(0x0000000061c70000,0x0000000061d70000)]
  0x000000005bfdf000 JavaThread "Cache worker for Artifact transforms cache (C:\Users\admin\.gradle\caches\transforms-1)" [_thread_blocked, id=1660, stack(0x0000000061b40000,0x0000000061c40000)]
  0x000000005bd53000 JavaThread "Cache worker for file hash cache (E:\zdh\as_workspace\HeadStyle\.gradle\4.1\fileHashes)" [_thread_blocked, id=6328, stack(0x000000005dec0000,0x000000005dfc0000)]
  0x000000005bfa5000 JavaThread "File lock request listener" [_thread_in_native, id=4892, stack(0x000000005dc90000,0x000000005dd90000)]
  0x000000005bf27800 JavaThread "Cache worker for file hash cache (C:\Users\admin\.gradle\caches\4.1\fileHashes)" [_thread_blocked, id=7304, stack(0x0000000006770000,0x0000000006870000)]
  0x000000005b7d1800 JavaThread "Stdin handler" [_thread_blocked, id=8004, stack(0x000000005d410000,0x000000005d510000)]
  0x000000005b544800 JavaThread "Asynchronous log dispatcher for DefaultDaemonConnection: socket connection from /127.0.0.1:50166 to /127.0.0.1:50167" [_thread_blocked, id=3308, stack(0x000000005d960000,0x000000005da60000)]
  0x000000005b7d9800 JavaThread "Daemon worker" [_thread_in_Java, id=6804, stack(0x000000005d750000,0x000000005d850000)]
  0x000000005b546800 JavaThread "Cancel handler" [_thread_blocked, id=6084, stack(0x000000005d580000,0x000000005d680000)]
  0x000000005be7d800 JavaThread "Handler for socket connection from /127.0.0.1:50166 to /127.0.0.1:50167" [_thread_in_native, id=7196, stack(0x00000000064f0000,0x00000000065f0000)]
  0x000000005be78800 JavaThread "Daemon" [_thread_blocked, id=1244, stack(0x000000005d0e0000,0x000000005d1e0000)]
  0x000000005b862000 JavaThread "Daemon periodic checks" [_thread_blocked, id=3504, stack(0x0000000006f50000,0x0000000007050000)]
  0x000000005b91d800 JavaThread "Incoming local TCP Connector on port 50166" [_thread_in_native, id=5112, stack(0x0000000006d70000,0x0000000006e70000)]
  0x0000000005abe800 JavaThread "Service Thread" daemon [_thread_blocked, id=7376, stack(0x0000000006670000,0x0000000006770000)]
  0x0000000005a44000 JavaThread "C1 CompilerThread2" daemon [_thread_in_native, id=6576, stack(0x0000000005640000,0x0000000005740000)]
  0x0000000005a42800 JavaThread "C2 CompilerThread1" daemon [_thread_in_native, id=7096, stack(0x00000000063e0000,0x00000000064e0000)]
=>0x000000000462f000 JavaThread "C2 CompilerThread0" daemon [_thread_in_native, id=7724, stack(0x0000000006250000,0x0000000006350000)]
  0x0000000005a2a800 JavaThread "Attach Listener" daemon [_thread_blocked, id=5352, stack(0x0000000006090000,0x0000000006190000)]
  0x000000000461e000 JavaThread "Signal Dispatcher" daemon [_thread_blocked, id=3488, stack(0x0000000005e90000,0x0000000005f90000)]
  0x0000000004609000 JavaThread "Finalizer" daemon [_thread_blocked, id=2396, stack(0x0000000005920000,0x0000000005a20000)]
  0x00000000045c2000 JavaThread "Reference Handler" daemon [_thread_blocked, id=1972, stack(0x00000000057d0000,0x00000000058d0000)]
  0x0000000002428000 JavaThread "main" [_thread_blocked, id=6140, stack(0x00000000027f0000,0x00000000028f0000)]

Other Threads:
  0x00000000045ba800 VMThread [stack: 0x0000000005510000,0x0000000005610000] [id=3788]
  0x0000000005ac0800 WatcherThread [stack: 0x0000000006870000,0x0000000006970000] [id=7996]

VM state:not at safepoint (normal execution)

VM Mutex/Monitor currently owned by a thread: None

Heap:
 PSYoungGen      total 217600K, used 20934K [0x00000000d5580000, 0x00000000e8a00000, 0x0000000100000000)
  eden space 191488K, 10% used [0x00000000d5580000,0x00000000d69f1920,0x00000000e1080000)
  from space 26112K, 0% used [0x00000000e1080000,0x00000000e1080000,0x00000000e2a00000)
  to   space 27136K, 0% used [0x00000000e6f80000,0x00000000e6f80000,0x00000000e8a00000)
 ParOldGen       total 93696K, used 69496K [0x0000000080000000, 0x0000000085b80000, 0x00000000d5580000)
  object space 93696K, 74% used [0x0000000080000000,0x00000000843de190,0x0000000085b80000)
 Metaspace       used 59572K, capacity 63388K, committed 63576K, reserved 1105920K
  class space    used 8074K, capacity 9048K, committed 9088K, reserved 1048576K

Card table byte_map: [0x0000000002cb0000,0x00000000030c0000] byte_map_base: 0x00000000028b0000

Marking Bits: (ParMarkBitMap*) 0x0000000007843950
 Begin Bits: [0x00000000168c0000, 0x00000000188c0000)
 End Bits:   [0x00000000188c0000, 0x000000001a8c0000)

Polling page: 0x0000000000460000

CodeCache: size=245760Kb used=30972Kb max_used=30972Kb free=214788Kb
 bounds [0x00000000078c0000, 0x0000000009720000, 0x00000000168c0000]
 total_blobs=10094 nmethods=9327 adapters=678
 compilation: enabled

Compilation events (10 events):
Event: 29.037 Thread 0x0000000005a44000 nmethod 10639 0x0000000009719710 code [0x0000000009719880, 0x0000000009719b68]
Event: 29.039 Thread 0x0000000005a44000 10640       3       sun.reflect.misc.ReflectUtil::isNonPublicProxyClass (51 bytes)
Event: 29.040 Thread 0x0000000005a44000 nmethod 10640 0x0000000009719c50 code [0x0000000009719e80, 0x000000000971ab78]
Event: 29.040 Thread 0x0000000005a44000 10641       3       java.io.ObjectStreamClass::matchFields (247 bytes)
Event: 29.042 Thread 0x0000000005a44000 nmethod 10641 0x000000000971b110 code [0x000000000971b480, 0x000000000971d258]
Event: 29.048 Thread 0x0000000005a44000 10642       2       java.io.ObjectOutputStream$HandleTable::clear (27 bytes)
Event: 29.049 Thread 0x0000000005a44000 nmethod 10642 0x000000000971e650 code [0x000000000971e7c0, 0x000000000971ea18]
Event: 29.065 Thread 0x0000000005a44000 10644       1       com.android.dx.rop.type.Type::getDescriptor (5 bytes)
Event: 29.065 Thread 0x0000000005a44000 nmethod 10644 0x000000000971eb90 code [0x000000000971ece0, 0x000000000971edf0]
Event: 29.065 Thread 0x0000000005a44000 10645 % !   3       java.util.concurrent.ConcurrentHashMap::clear @ 10 (176 bytes)

GC Heap History (10 events):
Event: 18.358 GC heap before
{Heap before GC invocations=13 (full 2):
 PSYoungGen      total 209408K, used 100917K [0x00000000d5580000, 0x00000000e4800000, 0x0000000100000000)
  eden space 193536K, 43% used [0x00000000d5580000,0x00000000da88e180,0x00000000e1280000)
  from space 15872K, 99% used [0x00000000e2a00000,0x00000000e397f4e0,0x00000000e3980000)
  to   space 24064K, 0% used [0x00000000e1280000,0x00000000e1280000,0x00000000e2a00000)
 ParOldGen       total 93696K, used 36241K [0x0000000080000000, 0x0000000085b80000, 0x00000000d5580000)
  object space 93696K, 38% used [0x0000000080000000,0x00000000823645f8,0x0000000085b80000)
 Metaspace       used 56121K, capacity 58888K, committed 59028K, reserved 1099776K
  class space    used 7585K, capacity 8341K, committed 8448K, reserved 1048576K
Event: 18.403 GC heap after
Heap after GC invocations=13 (full 2):
 PSYoungGen      total 217600K, used 19676K [0x00000000d5580000, 0x00000000e4800000, 0x0000000100000000)
  eden space 193536K, 0% used [0x00000000d5580000,0x00000000d5580000,0x00000000e1280000)
  from space 24064K, 81% used [0x00000000e1280000,0x00000000e25b71d0,0x00000000e2a00000)
  to   space 15872K, 0% used [0x00000000e2a00000,0x00000000e2a00000,0x00000000e3980000)
 ParOldGen       total 93696K, used 42766K [0x0000000080000000, 0x0000000085b80000, 0x00000000d5580000)
  object space 93696K, 45% used [0x0000000080000000,0x00000000829c3940,0x0000000085b80000)
 Metaspace       used 56121K, capacity 58888K, committed 59028K, reserved 1099776K
  class space    used 7585K, capacity 8341K, committed 8448K, reserved 1048576K
}
Event: 18.403 GC heap before
{Heap before GC invocations=14 (full 3):
 PSYoungGen      total 217600K, used 19676K [0x00000000d5580000, 0x00000000e4800000, 0x0000000100000000)
  eden space 193536K, 0% used [0x00000000d5580000,0x00000000d5580000,0x00000000e1280000)
  from space 24064K, 81% used [0x00000000e1280000,0x00000000e25b71d0,0x00000000e2a00000)
  to   space 15872K, 0% used [0x00000000e2a00000,0x00000000e2a00000,0x00000000e3980000)
 ParOldGen       total 93696K, used 42766K [0x0000000080000000, 0x0000000085b80000, 0x00000000d5580000)
  object space 93696K, 45% used [0x0000000080000000,0x00000000829c3940,0x0000000085b80000)
 Metaspace       used 56121K, capacity 58888K, committed 59028K, reserved 1099776K
  class space    used 7585K, capacity 8341K, committed 8448K, reserved 1048576K
Event: 18.690 GC heap after
Heap after GC invocations=14 (full 3):
 PSYoungGen      total 217600K, used 0K [0x00000000d5580000, 0x00000000e4800000, 0x0000000100000000)
  eden space 193536K, 0% used [0x00000000d5580000,0x00000000d5580000,0x00000000e1280000)
  from space 24064K, 0% used [0x00000000e1280000,0x00000000e1280000,0x00000000e2a00000)
  to   space 15872K, 0% used [0x00000000e2a00000,0x00000000e2a00000,0x00000000e3980000)
 ParOldGen       total 93696K, used 57714K [0x0000000080000000, 0x0000000085b80000, 0x00000000d5580000)
  object space 93696K, 61% used [0x0000000080000000,0x000000008385ca98,0x0000000085b80000)
 Metaspace       used 56121K, capacity 58888K, committed 59028K, reserved 1099776K
  class space    used 7585K, capacity 8341K, committed 8448K, reserved 1048576K
}
Event: 27.701 GC heap before
{Heap before GC invocations=15 (full 3):
 PSYoungGen      total 217600K, used 193536K [0x00000000d5580000, 0x00000000e4800000, 0x0000000100000000)
  eden space 193536K, 100% used [0x00000000d5580000,0x00000000e1280000,0x00000000e1280000)
  from space 24064K, 0% used [0x00000000e1280000,0x00000000e1280000,0x00000000e2a00000)
  to   space 15872K, 0% used [0x00000000e2a00000,0x00000000e2a00000,0x00000000e3980000)
 ParOldGen       total 93696K, used 57714K [0x0000000080000000, 0x0000000085b80000, 0x00000000d5580000)
  object space 93696K, 61% used [0x0000000080000000,0x000000008385ca98,0x0000000085b80000)
 Metaspace       used 58689K, capacity 61976K, committed 62168K, reserved 1101824K
  class space    used 7959K, capacity 8838K, committed 8960K, reserved 1048576K
Event: 27.714 GC heap after
Heap after GC invocations=15 (full 3):
 PSYoungGen      total 207360K, used 15872K [0x00000000d5580000, 0x00000000e8e00000, 0x0000000100000000)
  eden space 191488K, 0% used [0x00000000d5580000,0x00000000d5580000,0x00000000e1080000)
  from space 15872K, 100% used [0x00000000e2a00000,0x00000000e3980000,0x00000000e3980000)
  to   space 26112K, 0% used [0x00000000e1080000,0x00000000e1080000,0x00000000e2a00000)
 ParOldGen       total 93696K, used 58887K [0x0000000080000000, 0x0000000085b80000, 0x00000000d5580000)
  object space 93696K, 62% used [0x0000000080000000,0x0000000083981c38,0x0000000085b80000)
 Metaspace       used 58689K, capacity 61976K, committed 62168K, reserved 1101824K
  class space    used 7959K, capacity 8838K, committed 8960K, reserved 1048576K
}
Event: 28.482 GC heap before
{Heap before GC invocations=16 (full 3):
 PSYoungGen      total 207360K, used 48921K [0x00000000d5580000, 0x00000000e8e00000, 0x0000000100000000)
  eden space 191488K, 17% used [0x00000000d5580000,0x00000000d75c64b0,0x00000000e1080000)
  from space 15872K, 100% used [0x00000000e2a00000,0x00000000e3980000,0x00000000e3980000)
  to   space 26112K, 0% used [0x00000000e1080000,0x00000000e1080000,0x00000000e2a00000)
 ParOldGen       total 93696K, used 58887K [0x0000000080000000, 0x0000000085b80000, 0x00000000d5580000)
  object space 93696K, 62% used [0x0000000080000000,0x0000000083981c38,0x0000000085b80000)
 Metaspace       used 58847K, capacity 62338K, committed 62424K, reserved 1107968K
  class space    used 7981K, capacity 8877K, committed 8960K, reserved 1048576K
Event: 28.495 GC heap after
Heap after GC invocations=16 (full 3):
 PSYoungGen      total 217600K, used 1344K [0x00000000d5580000, 0x00000000e8a00000, 0x0000000100000000)
  eden space 191488K, 0% used [0x00000000d5580000,0x00000000d5580000,0x00000000e1080000)
  from space 26112K, 5% used [0x00000000e1080000,0x00000000e11d0000,0x00000000e2a00000)
  to   space 27136K, 0% used [0x00000000e6f80000,0x00000000e6f80000,0x00000000e8a00000)
 ParOldGen       total 93696K, used 74185K [0x0000000080000000, 0x0000000085b80000, 0x00000000d5580000)
  object space 93696K, 79% used [0x0000000080000000,0x0000000084872700,0x0000000085b80000)
 Metaspace       used 58847K, capacity 62338K, committed 62424K, reserved 1107968K
  class space    used 7981K, capacity 8877K, committed 8960K, reserved 1048576K
}
Event: 28.495 GC heap before
{Heap before GC invocations=17 (full 4):
 PSYoungGen      total 217600K, used 1344K [0x00000000d5580000, 0x00000000e8a00000, 0x0000000100000000)
  eden space 191488K, 0% used [0x00000000d5580000,0x00000000d5580000,0x00000000e1080000)
  from space 26112K, 5% used [0x00000000e1080000,0x00000000e11d0000,0x00000000e2a00000)
  to   space 27136K, 0% used [0x00000000e6f80000,0x00000000e6f80000,0x00000000e8a00000)
 ParOldGen       total 93696K, used 74185K [0x0000000080000000, 0x0000000085b80000, 0x00000000d5580000)
  object space 93696K, 79% used [0x0000000080000000,0x0000000084872700,0x0000000085b80000)
 Metaspace       used 58847K, capacity 62338K, committed 62424K, reserved 1107968K
  class space    used 7981K, capacity 8877K, committed 8960K, reserved 1048576K
Event: 28.653 GC heap after
Heap after GC invocations=17 (full 4):
 PSYoungGen      total 217600K, used 0K [0x00000000d5580000, 0x00000000e8a00000, 0x0000000100000000)
  eden space 191488K, 0% used [0x00000000d5580000,0x00000000d5580000,0x00000000e1080000)
  from space 26112K, 0% used [0x00000000e1080000,0x00000000e1080000,0x00000000e2a00000)
  to   space 27136K, 0% used [0x00000000e6f80000,0x00000000e6f80000,0x00000000e8a00000)
 ParOldGen       total 93696K, used 69496K [0x0000000080000000, 0x0000000085b80000, 0x00000000d5580000)
  object space 93696K, 74% used [0x0000000080000000,0x00000000843de190,0x0000000085b80000)
 Metaspace       used 58847K, capacity 62338K, committed 62424K, reserved 1105920K
  class space    used 7981K, capacity 8877K, committed 8960K, reserved 1048576K
}

Deoptimization events (10 events):
Event: 28.969 Thread 0x000000005b7d9800 Uncommon trap: reason=class_check action=maybe_recompile pc=0x000000000938d40c method=java.io.ObjectOutputStream.writeNonProxyDesc(Ljava/io/ObjectStreamClass;Z)V @ 44
Event: 28.969 Thread 0x000000005b7d9800 Uncommon trap: reason=class_check action=maybe_recompile pc=0x000000000834d2f4 method=java.io.ObjectOutputStream$BlockDataOutputStream.drain()V @ 36
Event: 28.969 Thread 0x000000005b7d9800 Uncommon trap: reason=unstable_if action=reinterpret pc=0x0000000007ad0f40 method=java.io.ObjectStreamClass.getClassDataLayout()[Ljava/io/ObjectStreamClass$ClassDataSlot; @ 4
Event: 28.969 Thread 0x000000005b7d9800 Uncommon trap: reason=class_check action=maybe_recompile pc=0x0000000009423e18 method=java.io.ObjectOutputStream$BlockDataOutputStream.drain()V @ 36
Event: 28.969 Thread 0x000000005b7d9800 Uncommon trap: reason=class_check action=maybe_recompile pc=0x000000000938d40c method=java.io.ObjectOutputStream.writeNonProxyDesc(Ljava/io/ObjectStreamClass;Z)V @ 44
Event: 28.969 Thread 0x000000005b7d9800 Uncommon trap: reason=class_check action=maybe_recompile pc=0x000000000834d2f4 method=java.io.ObjectOutputStream$BlockDataOutputStream.drain()V @ 36
Event: 28.970 Thread 0x000000005b7d9800 Uncommon trap: reason=unstable_if action=reinterpret pc=0x000000000938e4f0 method=java.io.ObjectOutputStream.writeClassDesc(Ljava/io/ObjectStreamClass;Z)V @ 41
Event: 28.970 Thread 0x000000005b7d9800 Uncommon trap: reason=unstable_if action=reinterpret pc=0x0000000007a1bfd4 method=java.lang.reflect.Proxy.isProxyClass(Ljava/lang/Class;)Z @ 6
Event: 28.972 Thread 0x000000005b7d9800 Uncommon trap: reason=unstable_if action=reinterpret pc=0x0000000008fb2e24 method=java.io.ObjectOutputStream$HandleTable.assign(Ljava/lang/Object;)I @ 24
Event: 29.049 Thread 0x000000005b7d9800 Uncommon trap: reason=unstable_if action=reinterpret pc=0x00000000095bd648 method=org.gradle.internal.io.StreamByteBuffer.prepareRead()I @ 30

Classes redefined (0 events):
No events

Internal exceptions (10 events):
Event: 19.250 Thread 0x000000005b7d9800 Exception <a 'java/lang/ClassNotFoundException': org/jetbrains/plugins/gradle/model/AbstractExternalDependencyCustomizer> (0x00000000d944f6b8) thrown at [D:\src\AOSP-openjdk-cygwin\jdk8u\hotspot\src\share\vm\classfile\systemDictionary.cpp, line 210]
Event: 19.251 Thread 0x000000005b7d9800 Exception <a 'java/lang/ClassNotFoundException': org/jetbrains/plugins/gradle/model/DefaultExternalLibraryDependencyCustomizer> (0x00000000d947ce68) thrown at [D:\src\AOSP-openjdk-cygwin\jdk8u\hotspot\src\share\vm\classfile\systemDictionary.cpp, line 210]
Event: 19.281 Thread 0x000000005b7d9800 Exception <a 'java/lang/ClassNotFoundException': org/gradle/api/internal/artifacts/result/DefaultResolvedArtifactResultBeanInfo> (0x00000000d96b56f8) thrown at [D:\src\AOSP-openjdk-cygwin\jdk8u\hotspot\src\share\vm\classfile\systemDictionary.cpp, line 210
Event: 19.282 Thread 0x000000005b7d9800 Exception <a 'java/lang/ClassNotFoundException': org/gradle/api/internal/artifacts/result/DefaultResolvedArtifactResultCustomizer> (0x00000000d96e01e0) thrown at [D:\src\AOSP-openjdk-cygwin\jdk8u\hotspot\src\share\vm\classfile\systemDictionary.cpp, line 2
Event: 19.349 Thread 0x000000005b7d9800 Exception <a 'java/lang/NoSuchMethodError': java.lang.Object.lambda$of$a04ddf17$1(Ljava/lang/Object;)Ljava/lang/Object;> (0x00000000d9a22760) thrown at [D:\src\AOSP-openjdk-cygwin\jdk8u\hotspot\src\share\vm\interpreter\linkResolver.cpp, line 584]
Event: 19.371 Thread 0x000000005b7d9800 Exception <a 'java/lang/NoSuchMethodError': java.lang.Object.lambda$negate$1(Ljava/lang/Object;)Z> (0x00000000d9b0a8c0) thrown at [D:\src\AOSP-openjdk-cygwin\jdk8u\hotspot\src\share\vm\interpreter\linkResolver.cpp, line 584]
Event: 19.404 Thread 0x000000005b7d9800 Exception <a 'java/lang/ClassNotFoundException': java/util/CollectionsBeanInfo> (0x00000000d9d8e270) thrown at [D:\src\AOSP-openjdk-cygwin\jdk8u\hotspot\src\share\vm\classfile\systemDictionary.cpp, line 210]
Event: 19.404 Thread 0x000000005b7d9800 Exception <a 'java/lang/ClassNotFoundException': java/util/CollectionsCustomizer> (0x00000000d9d94c28) thrown at [D:\src\AOSP-openjdk-cygwin\jdk8u\hotspot\src\share\vm\classfile\systemDictionary.cpp, line 210]
Event: 22.641 Thread 0x000000005b7d9800 Implicit null exception at 0x00000000085b04a7 to 0x00000000085b0c71
Event: 28.968 Thread 0x000000005b7d9800 Implicit null exception at 0x000000000940c361 to 0x000000000940c482

Events (10 events):
Event: 29.060 loading class com/android/dx/rop/code/RegisterSpec$ForComparison
Event: 29.060 loading class com/android/dx/rop/code/RegisterSpec$ForComparison done
Event: 29.061 loading class com/android/dx/rop/cst/CstType
Event: 29.061 loading class com/android/dx/rop/cst/CstType done
Event: 29.061 loading class com/android/dx/rop/cst/TypedConstant
Event: 29.061 loading class com/android/dx/rop/cst/TypedConstant done
Event: 29.061 loading class com/android/dx/rop/cst/Constant
Event: 29.061 loading class com/android/dx/rop/cst/Constant done
Event: 29.061 loading class com/android/dx/rop/type/Type
Event: 29.061 loading class com/android/dx/rop/type/Type done


Dynamic libraries:
0x000000013f460000 - 0x000000013f491000 	C:\Program Files\Android\Android Studio\jre\bin\java.exe
0x0000000077c10000 - 0x0000000077dba000 	C:\Windows\SYSTEM32\ntdll.dll
0x0000000077990000 - 0x0000000077aaf000 	C:\Windows\system32\kernel32.dll
0x000007fefdff0000 - 0x000007fefe05a000 	C:\Windows\system32\KERNELBASE.dll
0x000007fefe9f0000 - 0x000007fefeacb000 	C:\Windows\system32\ADVAPI32.dll
0x000007fefe3f0000 - 0x000007fefe48f000 	C:\Windows\system32\msvcrt.dll
0x000007fefe560000 - 0x000007fefe57f000 	C:\Windows\SYSTEM32\sechost.dll
0x000007fefe2c0000 - 0x000007fefe3ed000 	C:\Windows\system32\RPCRT4.dll
0x0000000077750000 - 0x000000007784a000 	C:\Windows\system32\USER32.dll
0x000007fefec30000 - 0x000007fefec97000 	C:\Windows\system32\GDI32.dll
0x000007fefeb60000 - 0x000007fefeb6e000 	C:\Windows\system32\LPK.dll
0x000007fefe490000 - 0x000007fefe55b000 	C:\Windows\system32\USP10.dll
0x000007fefc680000 - 0x000007fefc874000 	C:\Windows\WinSxS\amd64_microsoft.windows.common-controls_6595b64144ccf1df_6.0.7601.18837_none_fa3b1e3d17594757\COMCTL32.dll
0x000007fefead0000 - 0x000007fefeb41000 	C:\Windows\system32\SHLWAPI.dll
0x000007fefeb70000 - 0x000007fefeb9e000 	C:\Windows\system32\IMM32.DLL
0x000007fefe8e0000 - 0x000007fefe9e9000 	C:\Windows\system32\MSCTF.dll
0x0000000079110000 - 0x00000000791e2000 	C:\Program Files\Android\Android Studio\jre\jre\bin\msvcr100.dll
0x0000000007080000 - 0x00000000078be000 	C:\Program Files\Android\Android Studio\jre\jre\bin\server\jvm.dll
0x000007fef9440000 - 0x000007fef9449000 	C:\Windows\system32\WSOCK32.dll
0x000007feffcf0000 - 0x000007feffd3d000 	C:\Windows\system32\WS2_32.dll
0x000007fefeb50000 - 0x000007fefeb58000 	C:\Windows\system32\NSI.dll
0x000007fefe0c0000 - 0x000007fefe0fb000 	C:\Windows\system32\WINMM.dll
0x000007fefcf70000 - 0x000007fefcf7c000 	C:\Windows\system32\VERSION.dll
0x0000000077de0000 - 0x0000000077de7000 	C:\Windows\system32\PSAPI.DLL
0x000007fefba20000 - 0x000007fefba2f000 	C:\Program Files\Android\Android Studio\jre\jre\bin\verify.dll
0x000007fef9000000 - 0x000007fef9029000 	C:\Program Files\Android\Android Studio\jre\jre\bin\java.dll
0x000007fef8fe0000 - 0x000007fef8ff6000 	C:\Program Files\Android\Android Studio\jre\jre\bin\zip.dll
0x000007fefeca0000 - 0x000007feffa2a000 	C:\Windows\system32\SHELL32.dll
0x000007feffa30000 - 0x000007feffc2c000 	C:\Windows\system32\ole32.dll
0x000007fefde50000 - 0x000007fefde5f000 	C:\Windows\system32\profapi.dll
0x000007fef6980000 - 0x000007fef699a000 	C:\Program Files\Android\Android Studio\jre\jre\bin\net.dll
0x000007fefd6e0000 - 0x000007fefd735000 	C:\Windows\system32\mswsock.dll
0x000007fefd6d0000 - 0x000007fefd6d7000 	C:\Windows\System32\wship6.dll
0x000007fef1670000 - 0x000007fef1681000 	C:\Program Files\Android\Android Studio\jre\jre\bin\nio.dll
0x000007feecac0000 - 0x000007feecade000 	C:\Users\admin\.gradle\native\25\windows-amd64\native-platform.dll
0x000007fefa750000 - 0x000007fefa75d000 	C:\Program Files\Android\Android Studio\jre\jre\bin\management.dll
0x000007fefd740000 - 0x000007fefd758000 	C:\Windows\system32\CRYPTSP.dll
0x000007fefd440000 - 0x000007fefd487000 	C:\Windows\system32\rsaenh.dll
0x000007fefd160000 - 0x000007fefd17e000 	C:\Windows\system32\USERENV.dll
0x000007fefdd40000 - 0x000007fefdd4f000 	C:\Windows\system32\CRYPTBASE.dll
0x000007fefb960000 - 0x000007fefb987000 	C:\Windows\system32\IPHLPAPI.DLL
0x000007fefb950000 - 0x000007fefb95b000 	C:\Windows\system32\WINNSI.DLL
0x000007fefb770000 - 0x000007fefb781000 	C:\Windows\system32\dhcpcsvc6.DLL
0x000007fefb750000 - 0x000007fefb768000 	C:\Windows\system32\dhcpcsvc.DLL

VM Arguments:
jvm_args: -XX:MaxPermSize=512m -XX:+HeapDumpOnOutOfMemoryError -Xmx2048m -Dfile.encoding=UTF-8 -Duser.country=CN -Duser.language=zh -Duser.variant 
java_command: org.gradle.launcher.daemon.bootstrap.GradleDaemon 4.1
java_class_path (initial): C:\Users\admin\.gradle\wrapper\dists\gradle-4.1-all\bzyivzo6n839fup2jbap0tjew\gradle-4.1\lib\gradle-launcher-4.1.jar
Launcher Type: SUN_STANDARD

Environment Variables:
JAVA_HOME=D:\jdkjava\jdk1.8.0_31
CLASSPATH=.;D:\jdkjava\jdk1.8.0_31\lib\tools.jar;D:\jdkjava\jdk1.8.0_31\lib\dt.jar
PATH=E:\ffmpeg\bin;D:\jdkjava\jdk1.8.0_31\bin;C:\Python27\Scripts;C:\Python27;E:\Android\sdk\platform-tools;C:\Program Files (x86)\Git\cmd;D:\sdk\platform-tools;C:\ProgramData\Oracle\Java\javapath;D:\jdkjava\jdk1.8.0_31\bin;C:\Program Files (x86)\NVIDIA Corporation\PhysX\Common;C:\Windows\system32;C:\Windows;C:\Windows\System32\Wbem;C:\Windows\System32\WindowsPowerShell\v1.0\;C:\Program Files (x86)\Common Files\microsoft shared\TigerKin;C:\Program Files (x86)\Git\cmd;D:\Program Files\nodejs\;C:\Program Files\PuTTY\;C:\Program Files\TortoiseSVN\bin;C:\Users\admin\AppData\Roaming\npm;C:\Program Files (x86)\SSH Communications Security\SSH Secure Shell;C:\Users\admin\AppData\Local\Programs\Fiddler
USERNAME=admin
OS=Windows_NT
PROCESSOR_IDENTIFIER=Intel64 Family 6 Model 60 Stepping 3, GenuineIntel



---------------  S Y S T E M  ---------------

OS: Windows 7 , 64 bit Build 7601 (6.1.7601.23915)

CPU:total 4 (initial active 4) (4 cores per cpu, 1 threads per core) family 6 model 60 stepping 3, cmov, cx8, fxsr, mmx, sse, sse2, sse3, ssse3, sse4.1, sse4.2, popcnt, avx, avx2, aes, clmul, erms, rtm, lzcnt, tsc, tscinvbit, bmi1, bmi2

Memory: 4k page, physical 8286452k(853832k free), swap 9333168k(5144k free)

vm_info: OpenJDK 64-Bit Server VM (25.152-b01) for windows-amd64 JRE (1.8.0_152-release-915-b01), built by "builder" with MS VC++ 10.0 (VS2010)

time: Sat Feb 10 10:05:11 2018
elapsed time: 29 seconds (0d 0h 0m 29s)

