#
# There is insufficient memory for the Java Runtime Environment to continue.
# Native memory allocation (malloc) failed to allocate 32744 bytes for ChunkPool::allocate
# Possible reasons:
#   The system is out of physical RAM or swap space
#   In 32 bit mode, the process size limit was hit
# Possible solutions:
#   Reduce memory load on the system
#   Increase physical memory or swap space
#   Check if swap backing store is full
#   Use 64 bit Java on a 64 bit OS
#   Decrease Java heap size (-Xmx/-Xms)
#   Decrease number of Java threads
#   Decrease Java thread stack sizes (-Xss)
#   Set larger code cache with -XX:ReservedCodeCacheSize=
# This output file may be truncated or incomplete.
#
#  Out of Memory Error (allocation.cpp:273), pid=7824, tid=0x0000000000001938
#
# JRE version: OpenJDK Runtime Environment (8.0_152-b01) (build 1.8.0_152-release-915-b01)
# Java VM: OpenJDK 64-Bit Server VM (25.152-b01 mixed mode windows-amd64 compressed oops)
# Failed to write core dump. Minidumps are not enabled by default on client versions of Windows
#

---------------  T H R E A D  ---------------

Current thread (0x000000005784d800):  JavaThread "C2 CompilerThread0" daemon [_thread_in_native, id=6456, stack(0x00000000593a0000,0x00000000594a0000)]

Stack: [0x00000000593a0000,0x00000000594a0000]
[error occurred during error reporting (printing stack bounds), id 0xc0000005]

Native frames: (J=compiled Java code, j=interpreted, Vv=VM code, C=native code)


Current CompileTask:
C2:4618905 35035       4      
[error occurred during error reporting (printing current compile task), id 0xe0000001]


---------------  P R O C E S S  ---------------

Java Threads: ( => current thread )
  0x000000005e7c2800 JavaThread "Cache worker for Java compile cache (E:\zdh\as_workspace\HeadStyle\.gradle\4.1\javaCompile)" [_thread_blocked, id=7540, stack(0x000000006a4f0000,0x000000006a5f0000)]
  0x0000000058d9d000 JavaThread "Task worker for ':' Thread 3" [_thread_blocked, id=6668, stack(0x000000006a390000,0x000000006a490000)]
  0x0000000058d9e800 JavaThread "Task worker for ':' Thread 2" [_thread_in_native, id=2844, stack(0x000000006a240000,0x000000006a340000)]
  0x0000000058d9d800 JavaThread "Task worker for ':'" [_thread_blocked, id=5840, stack(0x00000000631f0000,0x00000000632f0000)]
  0x0000000058d9b800 JavaThread "Cache worker for task history cache (E:\zdh\as_workspace\HeadStyle\.gradle\4.1\taskHistory)" [_thread_blocked, id=7412, stack(0x000000006a120000,0x000000006a220000)]
  0x0000000058d9a000 JavaThread "Cache worker for file content cache (E:\zdh\as_workspace\HeadStyle\.gradle\4.1\fileContent)" [_thread_blocked, id=3028, stack(0x0000000069e10000,0x0000000069f10000)]
  0x0000000058d9c000 JavaThread "build operations Thread 4" [_thread_blocked, id=6260, stack(0x00000000664e0000,0x00000000665e0000)]
  0x000000005e1a2000 JavaThread "build operations Thread 3" [_thread_blocked, id=6840, stack(0x0000000065040000,0x0000000065140000)]
  0x000000005e19f800 JavaThread "build operations Thread 2" [_thread_blocked, id=5796, stack(0x00000000687a0000,0x00000000688a0000)]
  0x000000005e1a1000 JavaThread "build operations" [_thread_blocked, id=7292, stack(0x0000000060210000,0x0000000060310000)]
  0x000000005e7c4800 JavaThread "Cache worker for Artifact transforms cache (C:\Users\admin\.gradle\caches\transforms-1)" [_thread_blocked, id=3660, stack(0x0000000063740000,0x0000000063840000)]
  0x000000005e7c4000 JavaThread "Cache worker for file hash cache (E:\zdh\as_workspace\HeadStyle\.gradle\4.1\fileHashes)" [_thread_blocked, id=6996, stack(0x000000005db90000,0x000000005dc90000)]
  0x000000005e7c3000 JavaThread "Asynchronous log dispatcher for DefaultDaemonConnection: socket connection from /127.0.0.1:59149 to /127.0.0.1:60277" [_thread_blocked, id=6452, stack(0x000000005df20000,0x000000005e020000)]
  0x000000005e7c1000 JavaThread "Daemon worker Thread 4" [_thread_blocked, id=4688, stack(0x000000005bf70000,0x000000005c070000)]
  0x000000005e7c1800 JavaThread "Cancel handler" [_thread_blocked, id=6488, stack(0x000000005bbd0000,0x000000005bcd0000)]
  0x000000005e7c0000 JavaThread "Handler for socket connection from /127.0.0.1:59149 to /127.0.0.1:60277" [_thread_in_native, id=6808, stack(0x000000005ba30000,0x000000005bb30000)]
  0x000000005e7bf800 JavaThread "Daemon Thread 4" [_thread_blocked, id=6860, stack(0x000000005b5e0000,0x000000005b6e0000)]
  0x0000000060ed1000 JavaThread "stdout" daemon [_thread_in_native, id=6904, stack(0x000000006b660000,0x000000006b760000)]
  0x0000000060ece000 JavaThread "stderr" daemon [_thread_in_native, id=2376, stack(0x000000006b510000,0x000000006b610000)]
  0x000000005e0a0800 JavaThread "Memory manager" [_thread_blocked, id=5052, stack(0x00000000628c0000,0x00000000629c0000)]
  0x000000005e0a0000 JavaThread "pool-1-thread-1" [_thread_blocked, id=6056, stack(0x0000000062530000,0x0000000062630000)]
  0x000000005b044000 JavaThread "File lock request listener" [_thread_in_native, id=7876, stack(0x000000005ca00000,0x000000005cb00000)]
  0x000000005a700000 JavaThread "Cache worker for file hash cache (C:\Users\admin\.gradle\caches\4.1\fileHashes)" [_thread_blocked, id=5324, stack(0x000000005c610000,0x000000005c710000)]
  0x000000005ad9b800 JavaThread "Daemon periodic checks" [_thread_blocked, id=4488, stack(0x0000000058a90000,0x0000000058b90000)]
  0x000000005b283800 JavaThread "Incoming local TCP Connector on port 59149" [_thread_in_native, id=6588, stack(0x000000005b8f0000,0x000000005b9f0000)]
  0x0000000058d53800 JavaThread "Service Thread" daemon [_thread_blocked, id=7688, stack(0x00000000596e0000,0x00000000597e0000)]
  0x0000000058cd4800 JavaThread "C1 CompilerThread2" daemon [_thread_blocked, id=1964, stack(0x00000000597f0000,0x00000000598f0000)]
  0x0000000058cd1800 JavaThread "C2 CompilerThread1" daemon [_thread_in_native, id=7172, stack(0x0000000059590000,0x0000000059690000)]
=>0x000000005784d800 JavaThread "C2 CompilerThread0" daemon [_thread_in_native, id=6456, stack(0x00000000593a0000,0x00000000594a0000)]
  0x0000000058cbb000 JavaThread "Attach Listener" daemon [_thread_blocked, id=4808, stack(0x0000000059260000,0x0000000059360000)]
  0x0000000058cba800 JavaThread "Signal Dispatcher" daemon [_thread_blocked, id=5084, stack(0x0000000059130000,0x0000000059230000)]
  0x0000000057829000 JavaThread "Finalizer" daemon [_thread_blocked, id=7848, stack(0x0000000058bb0000,0x0000000058cb0000)]
  0x00000000577e2000 JavaThread "Reference Handler" daemon [_thread_blocked, id=1084, stack(0x0000000058990000,0x0000000058a90000)]
  0x0000000002508000 JavaThread "main" [_thread_blocked, id=7564, stack(0x0000000002950000,0x0000000002a50000)]

Other Threads:
  0x00000000577da800 VMThread [stack: 0x0000000058830000,0x0000000058930000] [id=6324]
  0x0000000058cf9000 WatcherThread [stack: 0x0000000059910000,0x0000000059a10000] [id=6580]

VM state:not at safepoint (normal execution)

VM Mutex/Monitor currently owned by a thread: None

Heap:
 PSYoungGen      total 587264K, used 360084K [0x00000000d5580000, 0x0000000100000000, 0x0000000100000000)
  eden space 491008K, 55% used [0x00000000d5580000,0x00000000e5f56f48,0x00000000f3500000)
  from space 96256K, 91% used [0x00000000f3500000,0x00000000f8ace388,0x00000000f9300000)
  to   space 111104K, 0% used [0x00000000f9380000,0x00000000f9380000,0x0000000100000000)
 ParOldGen       total 546816K, used 331867K [0x0000000080000000, 0x00000000a1600000, 0x00000000d5580000)
  object space 546816K, 60% used [0x0000000080000000,0x0000000094416c98,0x00000000a1600000)
 Metaspace       used 120740K, capacity 128702K, committed 128916K, reserved 1161216K
  class space    used 14642K, capacity 16445K, committed 16572K, reserved 1048576K

Card table byte_map: [0x0000000011e10000,0x0000000012220000] byte_map_base: 0x0000000011a10000

Marking Bits: (ParMarkBitMap*) 0x00000000672a3950
 Begin Bits: [0x0000000012a50000, 0x0000000014a50000)
 End Bits:   [0x0000000014a50000, 0x0000000016a50000)

Polling page: 0x0000000000160000

CodeCache: size=245760Kb used=99132Kb max_used=99144Kb free=146627Kb
 bounds [0x0000000002a50000, 0x0000000008bc0000, 0x0000000011a50000]
 total_blobs=26380 nmethods=25431 adapters=859
 compilation: enabled

Compilation events (10 events):
Event: 4618.495 Thread 0x000000005784d800 nmethod 35023 0x0000000004f6af10 code [0x0000000004f6b420, 0x0000000004f6c428]
Event: 4618.495 Thread 0x000000005784d800 35032       4       com.sun.tools.javac.comp.Flow$AliveAnalyzer::visitBlock (9 bytes)
Event: 4618.497 Thread 0x000000005784d800 nmethod 35032 0x0000000004709190 code [0x00000000047092e0, 0x0000000004709438]
Event: 4618.497 Thread 0x000000005784d800 35033       4       com.sun.tools.javac.util.ListBuffer::add (8 bytes)
Event: 4618.499 Thread 0x000000005784d800 nmethod 35033 0x0000000003ffcb10 code [0x0000000003ffcc60, 0x0000000003ffcdc8]
Event: 4618.500 Thread 0x000000005784d800 35034       4       com.sun.tools.javac.comp.MemberEnter::methodEnv (133 bytes)
Event: 4618.508 Thread 0x000000005784d800 nmethod 35034 0x0000000004f6a0d0 code [0x0000000004f6a280, 0x0000000004f6a938]
Event: 4618.508 Thread 0x000000005784d800 35037       4       com.sun.tools.javac.comp.Lower$BasicFreeVarCollector::visitIdent (9 bytes)
Event: 4618.509 Thread 0x000000005784d800 nmethod 35037 0x0000000003f601d0 code [0x0000000003f60320, 0x0000000003f603a8]
Event: 4618.509 Thread 0x000000005784d800 35035       4       com.sun.tools.javac.comp.Flow$AssignAnalyzer::visitBinary (227 bytes)

GC Heap History (10 events):
Event: 2704.844 GC heap before
{Heap before GC invocations=43 (full 6):
 PSYoungGen      total 571904K, used 461104K [0x00000000d5580000, 0x00000000ff480000, 0x0000000100000000)
  eden space 458752K, 100% used [0x00000000d5580000,0x00000000f1580000,0x00000000f1580000)
  from space 113152K, 2% used [0x00000000f8100000,0x00000000f834c030,0x00000000fef80000)
  to   space 110080K, 0% used [0x00000000f1580000,0x00000000f1580000,0x00000000f8100000)
 ParOldGen       total 546816K, used 304567K [0x0000000080000000, 0x00000000a1600000, 0x00000000d5580000)
  object space 546816K, 55% used [0x0000000080000000,0x000000009296dc28,0x00000000a1600000)
 Metaspace       used 116853K, capacity 124390K, committed 124564K, reserved 1157120K
  class space    used 14293K, capacity 15979K, committed 16060K, reserved 1048576K
Event: 2704.870 GC heap after
Heap after GC invocations=43 (full 6):
 PSYoungGen      total 568832K, used 31034K [0x00000000d5580000, 0x00000000fee00000, 0x0000000100000000)
  eden space 458752K, 0% used [0x00000000d5580000,0x00000000d5580000,0x00000000f1580000)
  from space 110080K, 28% used [0x00000000f1580000,0x00000000f33ceb40,0x00000000f8100000)
  to   space 102400K, 0% used [0x00000000f8a00000,0x00000000f8a00000,0x00000000fee00000)
 ParOldGen       total 546816K, used 304575K [0x0000000080000000, 0x00000000a1600000, 0x00000000d5580000)
  object space 546816K, 55% used [0x0000000080000000,0x000000009296fc28,0x00000000a1600000)
 Metaspace       used 116853K, capacity 124390K, committed 124564K, reserved 1157120K
  class space    used 14293K, capacity 15979K, committed 16060K, reserved 1048576K
}
Event: 2783.989 GC heap before
{Heap before GC invocations=44 (full 6):
 PSYoungGen      total 568832K, used 489786K [0x00000000d5580000, 0x00000000fee00000, 0x0000000100000000)
  eden space 458752K, 100% used [0x00000000d5580000,0x00000000f1580000,0x00000000f1580000)
  from space 110080K, 28% used [0x00000000f1580000,0x00000000f33ceb40,0x00000000f8100000)
  to   space 102400K, 0% used [0x00000000f8a00000,0x00000000f8a00000,0x00000000fee00000)
 ParOldGen       total 546816K, used 304575K [0x0000000080000000, 0x00000000a1600000, 0x00000000d5580000)
  object space 546816K, 55% used [0x0000000080000000,0x000000009296fc28,0x00000000a1600000)
 Metaspace       used 117296K, capacity 124894K, committed 125204K, reserved 1159168K
  class space    used 14323K, capacity 16067K, committed 16188K, reserved 1048576K
Event: 2784.074 GC heap after
Heap after GC invocations=44 (full 6):
 PSYoungGen      total 574976K, used 56374K [0x00000000d5580000, 0x00000000ffe80000, 0x0000000100000000)
  eden space 472576K, 0% used [0x00000000d5580000,0x00000000d5580000,0x00000000f2300000)
  from space 102400K, 55% used [0x00000000f8a00000,0x00000000fc10d800,0x00000000fee00000)
  to   space 105472K, 0% used [0x00000000f2300000,0x00000000f2300000,0x00000000f8a00000)
 ParOldGen       total 546816K, used 305015K [0x0000000080000000, 0x00000000a1600000, 0x00000000d5580000)
  object space 546816K, 55% used [0x0000000080000000,0x00000000929ddcd0,0x00000000a1600000)
 Metaspace       used 117296K, capacity 124894K, committed 125204K, reserved 1159168K
  class space    used 14323K, capacity 16067K, committed 16188K, reserved 1048576K
}
Event: 2880.848 GC heap before
{Heap before GC invocations=45 (full 6):
 PSYoungGen      total 574976K, used 528950K [0x00000000d5580000, 0x00000000ffe80000, 0x0000000100000000)
  eden space 472576K, 100% used [0x00000000d5580000,0x00000000f2300000,0x00000000f2300000)
  from space 102400K, 55% used [0x00000000f8a00000,0x00000000fc10d800,0x00000000fee00000)
  to   space 105472K, 0% used [0x00000000f2300000,0x00000000f2300000,0x00000000f8a00000)
 ParOldGen       total 546816K, used 305015K [0x0000000080000000, 0x00000000a1600000, 0x00000000d5580000)
  object space 546816K, 55% used [0x0000000080000000,0x00000000929ddcd0,0x00000000a1600000)
 Metaspace       used 117350K, capacity 125044K, committed 125204K, reserved 1159168K
  class space    used 14326K, capacity 16070K, committed 16188K, reserved 1048576K
Event: 2880.875 GC heap after
Heap after GC invocations=45 (full 6):
 PSYoungGen      total 578048K, used 6480K [0x00000000d5580000, 0x00000000ffd00000, 0x0000000100000000)
  eden space 472576K, 0% used [0x00000000d5580000,0x00000000d5580000,0x00000000f2300000)
  from space 105472K, 6% used [0x00000000f2300000,0x00000000f2954030,0x00000000f8a00000)
  to   space 102400K, 0% used [0x00000000f9900000,0x00000000f9900000,0x00000000ffd00000)
 ParOldGen       total 546816K, used 329982K [0x0000000080000000, 0x00000000a1600000, 0x00000000d5580000)
  object space 546816K, 60% used [0x0000000080000000,0x000000009423fbd8,0x00000000a1600000)
 Metaspace       used 117350K, capacity 125044K, committed 125204K, reserved 1159168K
  class space    used 14326K, capacity 16070K, committed 16188K, reserved 1048576K
}
Event: 4559.797 GC heap before
{Heap before GC invocations=46 (full 6):
 PSYoungGen      total 578048K, used 479056K [0x00000000d5580000, 0x00000000ffd00000, 0x0000000100000000)
  eden space 472576K, 100% used [0x00000000d5580000,0x00000000f2300000,0x00000000f2300000)
  from space 105472K, 6% used [0x00000000f2300000,0x00000000f2954030,0x00000000f8a00000)
  to   space 102400K, 0% used [0x00000000f9900000,0x00000000f9900000,0x00000000ffd00000)
 ParOldGen       total 546816K, used 329982K [0x0000000080000000, 0x00000000a1600000, 0x00000000d5580000)
  object space 546816K, 60% used [0x0000000080000000,0x000000009423fbd8,0x00000000a1600000)
 Metaspace       used 117784K, capacity 125704K, committed 125972K, reserved 1159168K
  class space    used 14373K, capacity 16174K, committed 16188K, reserved 1048576K
Event: 4559.820 GC heap after
Heap after GC invocations=46 (full 6):
 PSYoungGen      total 581120K, used 23360K [0x00000000d5580000, 0x00000000ff100000, 0x0000000100000000)
  eden space 491008K, 0% used [0x00000000d5580000,0x00000000d5580000,0x00000000f3500000)
  from space 90112K, 25% used [0x00000000f9900000,0x00000000fafd0080,0x00000000ff100000)
  to   space 96256K, 0% used [0x00000000f3500000,0x00000000f3500000,0x00000000f9300000)
 ParOldGen       total 546816K, used 331859K [0x0000000080000000, 0x00000000a1600000, 0x00000000d5580000)
  object space 546816K, 60% used [0x0000000080000000,0x0000000094414c98,0x00000000a1600000)
 Metaspace       used 117784K, capacity 125704K, committed 125972K, reserved 1159168K
  class space    used 14373K, capacity 16174K, committed 16188K, reserved 1048576K
}
Event: 4615.876 GC heap before
{Heap before GC invocations=47 (full 6):
 PSYoungGen      total 581120K, used 514368K [0x00000000d5580000, 0x00000000ff100000, 0x0000000100000000)
  eden space 491008K, 100% used [0x00000000d5580000,0x00000000f3500000,0x00000000f3500000)
  from space 90112K, 25% used [0x00000000f9900000,0x00000000fafd0080,0x00000000ff100000)
  to   space 96256K, 0% used [0x00000000f3500000,0x00000000f3500000,0x00000000f9300000)
 ParOldGen       total 546816K, used 331859K [0x0000000080000000, 0x00000000a1600000, 0x00000000d5580000)
  object space 546816K, 60% used [0x0000000080000000,0x0000000094414c98,0x00000000a1600000)
 Metaspace       used 118228K, capacity 126176K, committed 126356K, reserved 1159168K
  class space    used 14417K, capacity 16248K, committed 16316K, reserved 1048576K
Event: 4615.938 GC heap after
Heap after GC invocations=47 (full 6):
 PSYoungGen      total 587264K, used 87864K [0x00000000d5580000, 0x0000000100000000, 0x0000000100000000)
  eden space 491008K, 0% used [0x00000000d5580000,0x00000000d5580000,0x00000000f3500000)
  from space 96256K, 91% used [0x00000000f3500000,0x00000000f8ace388,0x00000000f9300000)
  to   space 111104K, 0% used [0x00000000f9380000,0x00000000f9380000,0x0000000100000000)
 ParOldGen       total 546816K, used 331867K [0x0000000080000000, 0x00000000a1600000, 0x00000000d5580000)
  object space 546816K, 60% used [0x0000000080000000,0x0000000094416c98,0x00000000a1600000)
 Metaspace       used 118228K, capacity 126176K, committed 126356K, reserved 1159168K
  class space    used 14417K, capacity 16248K, committed 16316K, reserved 1048576K
}

Deoptimization events (10 events):
Event: 4616.093 Thread 0x0000000058d9e800 Uncommon trap: reason=bimorphic action=maybe_recompile pc=0x0000000008af33d0 method=com.squareup.javapoet.LineWrapper.append(Ljava/lang/String;)V @ 110
Event: 4616.093 Thread 0x0000000058d9e800 Uncommon trap: reason=bimorphic action=maybe_recompile pc=0x0000000008af33d0 method=com.squareup.javapoet.LineWrapper.append(Ljava/lang/String;)V @ 110
Event: 4616.093 Thread 0x0000000058d9e800 Uncommon trap: reason=bimorphic action=maybe_recompile pc=0x0000000008af33d0 method=com.squareup.javapoet.LineWrapper.append(Ljava/lang/String;)V @ 110
Event: 4616.095 Thread 0x0000000058d9e800 Uncommon trap: reason=speculate_class_check action=maybe_recompile pc=0x0000000008adaaec method=com.squareup.javapoet.TypeName.toString()Ljava/lang/String; @ 34
Event: 4616.095 Thread 0x0000000058d9e800 Uncommon trap: reason=unstable_if action=reinterpret pc=0x0000000008adac50 method=com.squareup.javapoet.ClassName.enclosingClassName()Lcom/squareup/javapoet/ClassName; @ 10
Event: 4616.258 Thread 0x0000000058d9e800 Uncommon trap: reason=unstable_if action=reinterpret pc=0x0000000004b88930 method=com.sun.tools.javac.file.JavacFileManager.listArchive(Lcom/sun/tools/javac/file/JavacFileManager$Archive;Lcom/sun/tools/javac/file/RelativePath$RelativeDirectory;Ljava/util/
Event: 4616.449 Thread 0x0000000058d9e800 Uncommon trap: reason=class_check action=maybe_recompile pc=0x0000000008b57e90 method=com.squareup.javapoet.CodeWriter.<init>(Ljava/lang/Appendable;Ljava/lang/String;Ljava/util/Map;Ljava/util/Set;)V @ 120
Event: 4616.449 Thread 0x0000000058d9e800 Uncommon trap: reason=unstable_if action=reinterpret pc=0x0000000008afff78 method=com.squareup.javapoet.CodeWriter.resolve(Ljava/lang/String;)Lcom/squareup/javapoet/ClassName; @ 48
Event: 4616.449 Thread 0x0000000058d9e800 Uncommon trap: reason=class_check action=maybe_recompile pc=0x0000000008b5494c method=com.squareup.javapoet.CodeWriter.<init>(Ljava/lang/Appendable;Ljava/lang/String;Ljava/util/Map;Ljava/util/Set;)V @ 102
Event: 4618.333 Thread 0x0000000058d9e800 Uncommon trap: reason=bimorphic action=maybe_recompile pc=0x0000000008b4c834 method=com.sun.tools.javac.comp.Attr.attribLazyConstantValue(Lcom/sun/tools/javac/comp/Env;Lcom/sun/tools/javac/tree/JCTree$JCVariableDecl;Lcom/sun/tools/javac/code/Type;)Ljava/l

Classes redefined (0 events):
No events

Internal exceptions (10 events):
Event: 4552.666 Thread 0x000000005e7c1000 Exception <a 'sun/nio/fs/WindowsException'> (0x00000000ead1bd20) thrown at [D:\src\AOSP-openjdk-cygwin\jdk8u\hotspot\src\share\vm\prims\jni.cpp, line 709]
Event: 4552.666 Thread 0x000000005e7c1000 Exception <a 'sun/nio/fs/WindowsException'> (0x00000000ead1e480) thrown at [D:\src\AOSP-openjdk-cygwin\jdk8u\hotspot\src\share\vm\prims\jni.cpp, line 709]
Event: 4552.666 Thread 0x000000005e7c1000 Exception <a 'sun/nio/fs/WindowsException'> (0x00000000ead1efd8) thrown at [D:\src\AOSP-openjdk-cygwin\jdk8u\hotspot\src\share\vm\prims\jni.cpp, line 709]
Event: 4552.666 Thread 0x000000005e7c1000 Exception <a 'sun/nio/fs/WindowsException'> (0x00000000ead20b78) thrown at [D:\src\AOSP-openjdk-cygwin\jdk8u\hotspot\src\share\vm\prims\jni.cpp, line 709]
Event: 4552.666 Thread 0x000000005e7c1000 Exception <a 'sun/nio/fs/WindowsException'> (0x00000000ead21708) thrown at [D:\src\AOSP-openjdk-cygwin\jdk8u\hotspot\src\share\vm\prims\jni.cpp, line 709]
Event: 4552.680 Thread 0x000000005e7c1000 Exception <a 'sun/nio/fs/WindowsException'> (0x00000000ead23ba0) thrown at [D:\src\AOSP-openjdk-cygwin\jdk8u\hotspot\src\share\vm\prims\jni.cpp, line 709]
Event: 4552.680 Thread 0x000000005e7c1000 Exception <a 'sun/nio/fs/WindowsException'> (0x00000000ead24530) thrown at [D:\src\AOSP-openjdk-cygwin\jdk8u\hotspot\src\share\vm\prims\jni.cpp, line 709]
Event: 4552.680 Thread 0x000000005e7c1000 Exception <a 'sun/nio/fs/WindowsException'> (0x00000000ead25f90) thrown at [D:\src\AOSP-openjdk-cygwin\jdk8u\hotspot\src\share\vm\prims\jni.cpp, line 709]
Event: 4552.680 Thread 0x000000005e7c1000 Exception <a 'sun/nio/fs/WindowsException'> (0x00000000ead269e0) thrown at [D:\src\AOSP-openjdk-cygwin\jdk8u\hotspot\src\share\vm\prims\jni.cpp, line 709]
Event: 4553.133 Thread 0x000000005e7c1000 Implicit null exception at 0x000000000857cc63 to 0x000000000857e63d

Events (10 events):
Event: 4618.148 Executing VM operation: ForceSafepoint done
Event: 4618.193 Executing VM operation: ForceSafepoint
Event: 4618.193 Executing VM operation: ForceSafepoint done
Event: 4618.308 Executing VM operation: ForceSafepoint
Event: 4618.308 Executing VM operation: ForceSafepoint done
Event: 4618.333 Thread 0x0000000058d9e800 Uncommon trap: trap_request=0xffffffc6 fr.pc=0x0000000008b4c834
Event: 4618.333 Thread 0x0000000058d9e800 DEOPT PACKING pc=0x0000000008b4c834 sp=0x000000006a339000
Event: 4618.333 Thread 0x0000000058d9e800 DEOPT UNPACKING pc=0x0000000002a9556a sp=0x000000006a338fa8 mode 2
Event: 4618.384 Executing VM operation: ForceSafepoint
Event: 4618.384 Executing VM operation: ForceSafepoint done


Dynamic libraries:
0x000000013f730000 - 0x000000013f761000 	C:\Program Files\Android\Android Studio\jre\bin\java.exe
0x0000000077440000 - 0x00000000775ea000 	C:\Windows\SYSTEM32\ntdll.dll
0x0000000076c00000 - 0x0000000076d1f000 	C:\Windows\system32\kernel32.dll
0x000007fefd890000 - 0x000007fefd8fa000 	C:\Windows\system32\KERNELBASE.dll
0x000007feff470000 - 0x000007feff54b000 	C:\Windows\system32\ADVAPI32.dll
0x000007fefec60000 - 0x000007fefecff000 	C:\Windows\system32\msvcrt.dll
0x000007feff730000 - 0x000007feff74f000 	C:\Windows\SYSTEM32\sechost.dll
0x000007feff340000 - 0x000007feff46d000 	C:\Windows\system32\RPCRT4.dll
0x0000000077340000 - 0x000000007743a000 	C:\Windows\system32\USER32.dll
0x000007fefdcf0000 - 0x000007fefdd57000 	C:\Windows\system32\GDI32.dll
0x000007fefef80000 - 0x000007fefef8e000 	C:\Windows\system32\LPK.dll
0x000007feff270000 - 0x000007feff33b000 	C:\Windows\system32\USP10.dll
0x000007fefc2e0000 - 0x000007fefc4d4000 	C:\Windows\WinSxS\amd64_microsoft.windows.common-controls_6595b64144ccf1df_6.0.7601.18837_none_fa3b1e3d17594757\COMCTL32.dll
0x000007fefdd60000 - 0x000007fefddd1000 	C:\Windows\system32\SHLWAPI.dll
0x000007feff660000 - 0x000007feff68e000 	C:\Windows\system32\IMM32.DLL
0x000007feff550000 - 0x000007feff659000 	C:\Windows\system32\MSCTF.dll
0x0000000073ae0000 - 0x0000000073bb2000 	C:\Program Files\Android\Android Studio\jre\jre\bin\msvcr100.dll
0x0000000066ae0000 - 0x000000006731e000 	C:\Program Files\Android\Android Studio\jre\jre\bin\server\jvm.dll
0x000007fef9de0000 - 0x000007fef9de9000 	C:\Windows\system32\WSOCK32.dll
0x000007fefde70000 - 0x000007fefdebd000 	C:\Windows\system32\WS2_32.dll
0x000007fefec50000 - 0x000007fefec58000 	C:\Windows\system32\NSI.dll
0x000007fefd730000 - 0x000007fefd76b000 	C:\Windows\system32\WINMM.dll
0x000007fefc7d0000 - 0x000007fefc7dc000 	C:\Windows\system32\VERSION.dll
0x0000000077600000 - 0x0000000077607000 	C:\Windows\system32\PSAPI.DLL
0x000007fefb810000 - 0x000007fefb81f000 	C:\Program Files\Android\Android Studio\jre\jre\bin\verify.dll
0x000007fef2e90000 - 0x000007fef2eb9000 	C:\Program Files\Android\Android Studio\jre\jre\bin\java.dll
0x000007fef2f10000 - 0x000007fef2f26000 	C:\Program Files\Android\Android Studio\jre\jre\bin\zip.dll
0x000007fefdec0000 - 0x000007fefec4a000 	C:\Windows\system32\SHELL32.dll
0x000007feff070000 - 0x000007feff26c000 	C:\Windows\system32\ole32.dll
0x000007fefd680000 - 0x000007fefd68f000 	C:\Windows\system32\profapi.dll
0x000007fef8930000 - 0x000007fef894a000 	C:\Program Files\Android\Android Studio\jre\jre\bin\net.dll
0x000007fefcf60000 - 0x000007fefcfb5000 	C:\Windows\system32\mswsock.dll
0x000007fefcf50000 - 0x000007fefcf57000 	C:\Windows\System32\wship6.dll
0x000007fef2ed0000 - 0x000007fef2ee1000 	C:\Program Files\Android\Android Studio\jre\jre\bin\nio.dll
0x000007fef2e50000 - 0x000007fef2e6e000 	C:\Users\admin\.gradle\native\25\windows-amd64\native-platform.dll
0x000007fefb920000 - 0x000007fefb92d000 	C:\Program Files\Android\Android Studio\jre\jre\bin\management.dll
0x000007fefcfc0000 - 0x000007fefcfd8000 	C:\Windows\system32\CRYPTSP.dll
0x000007fefccc0000 - 0x000007fefcd07000 	C:\Windows\system32\rsaenh.dll
0x000007fefc9c0000 - 0x000007fefc9de000 	C:\Windows\system32\USERENV.dll
0x000007fefd570000 - 0x000007fefd57f000 	C:\Windows\system32\CRYPTBASE.dll
0x000007fefb1c0000 - 0x000007fefb1e7000 	C:\Windows\system32\IPHLPAPI.DLL
0x000007fefb190000 - 0x000007fefb19b000 	C:\Windows\system32\WINNSI.DLL
0x000007fefafd0000 - 0x000007fefafe1000 	C:\Windows\system32\dhcpcsvc6.DLL
0x000007fefafb0000 - 0x000007fefafc8000 	C:\Windows\system32\dhcpcsvc.DLL
0x000007fefd510000 - 0x000007fefd567000 	C:\Windows\system32\apphelp.dll
0x000007feec5a0000 - 0x000007feec5c4000 	C:\Program Files\Android\Android Studio\jre\jre\bin\sunec.dll
0x000007fefc8a0000 - 0x000007fefc8a7000 	C:\Windows\System32\wshtcpip.dll
0x000007fefcde0000 - 0x000007fefce3b000 	C:\Windows\system32\DNSAPI.dll
0x000007fef8e50000 - 0x000007fef8e58000 	C:\Windows\system32\rasadhlp.dll
0x000007fefb0a0000 - 0x000007fefb0f3000 	C:\Windows\System32\fwpuclnt.dll
0x000007fefb5e0000 - 0x000007fefb5eb000 	C:\Program Files\Android\Android Studio\jre\jre\bin\sunmscapi.dll
0x000007fefd980000 - 0x000007fefdaed000 	C:\Windows\system32\CRYPT32.dll
0x000007fefd720000 - 0x000007fefd72f000 	C:\Windows\system32\MSASN1.dll

VM Arguments:
jvm_args: -XX:MaxPermSize=512m -XX:+HeapDumpOnOutOfMemoryError -Xmx2048m -Dfile.encoding=UTF-8 -Duser.country=CN -Duser.language=zh -Duser.variant 
java_command: org.gradle.launcher.daemon.bootstrap.GradleDaemon 4.1
java_class_path (initial): C:\Users\admin\.gradle\wrapper\dists\gradle-4.1-all\bzyivzo6n839fup2jbap0tjew\gradle-4.1\lib\gradle-launcher-4.1.jar
Launcher Type: SUN_STANDARD

Environment Variables:
JAVA_HOME=D:\jdkjava\jdk1.8.0_31
CLASSPATH=.;D:\jdkjava\jdk1.8.0_31\lib\tools.jar;D:\jdkjava\jdk1.8.0_31\lib\dt.jar
PATH=E:\ffmpeg\bin;D:\jdkjava\jdk1.8.0_31\bin;C:\Python27\Scripts;C:\Python27;E:\Android\sdk\platform-tools;C:\Program Files (x86)\Git\cmd;D:\sdk\platform-tools;C:\ProgramData\Oracle\Java\javapath;D:\jdkjava\jdk1.8.0_31\bin;C:\Program Files (x86)\NVIDIA Corporation\PhysX\Common;C:\Windows\system32;C:\Windows;C:\Windows\System32\Wbem;C:\Windows\System32\WindowsPowerShell\v1.0\;C:\Program Files (x86)\Common Files\microsoft shared\TigerKin;C:\Program Files (x86)\Git\cmd;C:\Program Files\PuTTY\;C:\Program Files\TortoiseSVN\bin;C:\Program Files\nodejs\;C:\Program Files (x86)\SSH Communications Security\SSH Secure Shell;C:\Users\admin\AppData\Local\Programs\Fiddler;C:\Users\admin\AppData\Roaming\npm
USERNAME=admin
OS=Windows_NT
PROCESSOR_IDENTIFIER=Intel64 Family 6 Model 60 Stepping 3, GenuineIntel



---------------  S Y S T E M  ---------------

OS: Windows 7 , 64 bit Build 7601 (6.1.7601.23915)

CPU:total 4 (initial active 4) (4 cores per cpu, 1 threads per core) family 6 model 60 stepping 3, cmov, cx8, fxsr, mmx, sse, sse2, sse3, ssse3, sse4.1, sse4.2, popcnt, avx, avx2, aes, clmul, erms, rtm, lzcnt, tsc, tscinvbit, bmi1, bmi2

Memory: 4k page, physical 8286452k(1005688k free), swap 9333168k(5120k free)

vm_info: OpenJDK 64-Bit Server VM (25.152-b01) for windows-amd64 JRE (1.8.0_152-release-915-b01), built by "builder" with MS VC++ 10.0 (VS2010)

time: Fri Mar 02 10:10:01 2018
elapsed time: 4618 seconds (0d 1h 16m 58s)

