#
# There is insufficient memory for the Java Runtime Environment to continue.
# Native memory allocation (malloc) failed to allocate 1265392 bytes for Chunk::new
# Possible reasons:
#   The system is out of physical RAM or swap space
#   In 32 bit mode, the process size limit was hit
# Possible solutions:
#   Reduce memory load on the system
#   Increase physical memory or swap space
#   Check if swap backing store is full
#   Use 64 bit Java on a 64 bit OS
#   Decrease Java heap size (-Xmx/-Xms)
#   Decrease number of Java threads
#   Decrease Java thread stack sizes (-Xss)
#   Set larger code cache with -XX:ReservedCodeCacheSize=
# This output file may be truncated or incomplete.
#
#  Out of Memory Error (allocation.cpp:390), pid=4532, tid=0x00000000000012c0
#
# JRE version: OpenJDK Runtime Environment (8.0_152-b01) (build 1.8.0_152-release-915-b01)
# Java VM: OpenJDK 64-Bit Server VM (25.152-b01 mixed mode windows-amd64 compressed oops)
# Failed to write core dump. Minidumps are not enabled by default on client versions of Windows
#

---------------  T H R E A D  ---------------

Current thread (0x00000000046ef000):  JavaThread "C2 CompilerThread0" daemon [_thread_in_native, id=4800, stack(0x0000000006230000,0x0000000006330000)]

Stack: [0x0000000006230000,0x0000000006330000]
[error occurred during error reporting (printing stack bounds), id 0xc0000005]

Native frames: (J=compiled Java code, j=interpreted, Vv=VM code, C=native code)


Current CompileTask:
C2:  52213 10516   !   4       java.io.ObjectOutputStream::writeObject0 (619 bytes)


---------------  P R O C E S S  ---------------

Java Threads: ( => current thread )
  0x000000005ade7800 JavaThread "Memory manager" [_thread_blocked, id=6276, stack(0x0000000061e70000,0x0000000061f70000)]
  0x000000005b618000 JavaThread "pool-1-thread-1" [_thread_blocked, id=4136, stack(0x0000000062320000,0x0000000062420000)]
  0x000000005b617800 JavaThread "build operations Thread 4" [_thread_blocked, id=6968, stack(0x0000000062420000,0x0000000062520000)]
  0x000000005b616800 JavaThread "build operations Thread 3" [_thread_blocked, id=7904, stack(0x00000000621c0000,0x00000000622c0000)]
  0x000000005b615800 JavaThread "build operations Thread 2" [_thread_blocked, id=6592, stack(0x000000005e140000,0x000000005e240000)]
  0x000000005b615000 JavaThread "build operations" [_thread_blocked, id=5644, stack(0x0000000061f70000,0x0000000062070000)]
  0x000000005b612800 JavaThread "Cache worker for Artifact transforms cache (C:\Users\admin\.gradle\caches\transforms-1)" [_thread_blocked, id=7352, stack(0x000000005dad0000,0x000000005dbd0000)]
  0x000000005b7f2800 JavaThread "Cache worker for file hash cache (E:\zdh\as_workspace\HeadStyle\.gradle\4.1\fileHashes)" [_thread_blocked, id=6500, stack(0x000000005d3a0000,0x000000005d4a0000)]
  0x000000005b75c000 JavaThread "File lock request listener" [_thread_in_native, id=1916, stack(0x000000005dd80000,0x000000005de80000)]
  0x000000005b725000 JavaThread "Cache worker for file hash cache (C:\Users\admin\.gradle\caches\4.1\fileHashes)" [_thread_blocked, id=6568, stack(0x000000005dbf0000,0x000000005dcf0000)]
  0x000000005aca3800 JavaThread "Stdin handler" [_thread_blocked, id=6256, stack(0x0000000006030000,0x0000000006130000)]
  0x000000005aca2000 JavaThread "Asynchronous log dispatcher for DefaultDaemonConnection: socket connection from /127.0.0.1:50062 to /127.0.0.1:50063" [_thread_blocked, id=6676, stack(0x000000005d770000,0x000000005d870000)]
  0x000000005b83c800 JavaThread "Daemon worker" [_thread_blocked, id=7668, stack(0x000000005d660000,0x000000005d760000)]
  0x000000005b45a800 JavaThread "Cancel handler" [_thread_blocked, id=4876, stack(0x000000005d4a0000,0x000000005d5a0000)]
  0x000000005b441800 JavaThread "Handler for socket connection from /127.0.0.1:50062 to /127.0.0.1:50063" [_thread_in_native, id=5712, stack(0x000000005cf40000,0x000000005d040000)]
  0x000000005b441000 JavaThread "Daemon" [_thread_blocked, id=6696, stack(0x000000005d060000,0x000000005d160000)]
  0x000000005af43000 JavaThread "Daemon periodic checks" [_thread_blocked, id=7756, stack(0x000000005b890000,0x000000005b990000)]
  0x000000005af3e000 JavaThread "Incoming local TCP Connector on port 50062" [_thread_in_native, id=5376, stack(0x000000005cda0000,0x000000005cea0000)]
  0x0000000005b42000 JavaThread "Service Thread" daemon [_thread_blocked, id=3492, stack(0x0000000006630000,0x0000000006730000)]
  0x0000000005ad6000 JavaThread "C1 CompilerThread2" daemon [_thread_blocked, id=4040, stack(0x00000000064e0000,0x00000000065e0000)]
  0x0000000005ad4800 JavaThread "C2 CompilerThread1" daemon [_thread_in_native, id=7516, stack(0x0000000006360000,0x0000000006460000)]
=>0x00000000046ef000 JavaThread "C2 CompilerThread0" daemon [_thread_in_native, id=4800, stack(0x0000000006230000,0x0000000006330000)]
  0x0000000005aaa800 JavaThread "Attach Listener" daemon [_thread_blocked, id=3316, stack(0x0000000006130000,0x0000000006230000)]
  0x00000000046de000 JavaThread "Signal Dispatcher" daemon [_thread_blocked, id=4160, stack(0x0000000005f30000,0x0000000006030000)]
  0x00000000046c9000 JavaThread "Finalizer" daemon [_thread_blocked, id=7564, stack(0x00000000059a0000,0x0000000005aa0000)]
  0x0000000004682000 JavaThread "Reference Handler" daemon [_thread_blocked, id=6612, stack(0x0000000005860000,0x0000000005960000)]
  0x0000000002468000 JavaThread "main" [_thread_blocked, id=4948, stack(0x00000000026f0000,0x00000000027f0000)]

Other Threads:
  0x000000000467a800 VMThread [stack: 0x0000000005580000,0x0000000005680000] [id=7484]
  0x0000000005b54000 WatcherThread [stack: 0x0000000005760000,0x0000000005860000] [id=6432]

VM state:at safepoint (normal execution)

VM Mutex/Monitor currently owned by a thread:  ([mutex/lock_event])
[0x000000000242de60] Threads_lock - owner thread: 0x000000000467a800
[0x000000000242e360] Heap_lock - owner thread: 0x0000000005ad6000

Heap:
 PSYoungGen      total 152064K, used 124416K [0x00000000d5580000, 0x00000000e0c00000, 0x0000000100000000)
  eden space 124416K, 100% used [0x00000000d5580000,0x00000000dcf00000,0x00000000dcf00000)
  from space 27648K, 0% used [0x00000000dcf00000,0x00000000dcf00000,0x00000000dea00000)
  to   space 20992K, 0% used [0x00000000dea00000,0x00000000dea00000,0x00000000dfe80000)
 ParOldGen       total 61440K, used 61398K [0x0000000080000000, 0x0000000083c00000, 0x00000000d5580000)
  object space 61440K, 99% used [0x0000000080000000,0x0000000083bf5958,0x0000000083c00000)
 Metaspace       used 61082K, capacity 65090K, committed 65240K, reserved 1105920K
  class space    used 8225K, capacity 9211K, committed 9216K, reserved 1048576K

Card table byte_map: [0x0000000002bb0000,0x0000000002fc0000] byte_map_base: 0x00000000027b0000

Marking Bits: (ParMarkBitMap*) 0x0000000007843950
 Begin Bits: [0x00000000168c0000, 0x00000000188c0000)
 End Bits:   [0x00000000188c0000, 0x000000001a8c0000)

Polling page: 0x0000000000370000

CodeCache: size=245760Kb used=31436Kb max_used=31436Kb free=214323Kb
 bounds [0x00000000078c0000, 0x00000000097a0000, 0x00000000168c0000]
 total_blobs=10276 nmethods=9488 adapters=699
 compilation: enabled

Compilation events (10 events):
Event: 52.131 Thread 0x0000000005ad6000 nmethod 10762% 0x000000000978e650 code [0x000000000978e880, 0x000000000978f5b8]
Event: 52.131 Thread 0x0000000005ad6000 10760       2       com.google.wireless.android.sdk.stats.GradleBuildSplits::internalGetFieldAccessorTable (11 bytes)
Event: 52.131 Thread 0x0000000005ad6000 nmethod 10760 0x000000000978fc50 code [0x000000000978fdc0, 0x000000000978ff48]
Event: 52.131 Thread 0x0000000005ad6000 10761       2       java.lang.Long::toString (52 bytes)
Event: 52.131 Thread 0x0000000005ad6000 nmethod 10761 0x000000000978ffd0 code [0x0000000009790160, 0x0000000009790448]
Event: 52.131 Thread 0x0000000005ad6000 10758       2       com.google.gson.stream.JsonWriter::writeDeferredName (25 bytes)
Event: 52.131 Thread 0x0000000005ad6000 nmethod 10758 0x0000000009790550 code [0x00000000097906c0, 0x0000000009790898]
Event: 52.131 Thread 0x0000000005ad6000 10764 %     3       com.google.protobuf.TextFormat$TextGenerator::print @ 12 (75 bytes)
Event: 52.132 Thread 0x0000000005ad6000 nmethod 10764% 0x0000000009790950 code [0x0000000009790b20, 0x00000000097911d8]
Event: 52.132 Thread 0x0000000005ad6000 10759       2       com.google.gson.stream.JsonWriter::beforeValue (155 bytes)

GC Heap History (10 events):
Event: 29.269 GC heap after
Heap after GC invocations=19 (full 2):
 PSYoungGen      total 115712K, used 15861K [0x00000000d5580000, 0x00000000dfe80000, 0x0000000100000000)
  eden space 99840K, 0% used [0x00000000d5580000,0x00000000d5580000,0x00000000db700000)
  from space 15872K, 99% used [0x00000000db700000,0x00000000dc67d4e0,0x00000000dc680000)
  to   space 20992K, 0% used [0x00000000dea00000,0x00000000dea00000,0x00000000dfe80000)
 ParOldGen       total 61440K, used 24126K [0x0000000080000000, 0x0000000083c00000, 0x00000000d5580000)
  object space 61440K, 39% used [0x0000000080000000,0x000000008178fbd0,0x0000000083c00000)
 Metaspace       used 53680K, capacity 55998K, committed 56280K, reserved 1097728K
  class space    used 7216K, capacity 7881K, committed 7936K, reserved 1048576K
}
Event: 31.069 GC heap before
{Heap before GC invocations=20 (full 2):
 PSYoungGen      total 115712K, used 115701K [0x00000000d5580000, 0x00000000dfe80000, 0x0000000100000000)
  eden space 99840K, 100% used [0x00000000d5580000,0x00000000db700000,0x00000000db700000)
  from space 15872K, 99% used [0x00000000db700000,0x00000000dc67d4e0,0x00000000dc680000)
  to   space 20992K, 0% used [0x00000000dea00000,0x00000000dea00000,0x00000000dfe80000)
 ParOldGen       total 61440K, used 24126K [0x0000000080000000, 0x0000000083c00000, 0x00000000d5580000)
  object space 61440K, 39% used [0x0000000080000000,0x000000008178fbd0,0x0000000083c00000)
 Metaspace       used 56067K, capacity 58886K, committed 59028K, reserved 1099776K
  class space    used 7575K, capacity 8340K, committed 8448K, reserved 1048576K
Event: 31.112 GC heap after
Heap after GC invocations=20 (full 2):
 PSYoungGen      total 145408K, used 20960K [0x00000000d5580000, 0x00000000e0c00000, 0x0000000100000000)
  eden space 124416K, 0% used [0x00000000d5580000,0x00000000d5580000,0x00000000dcf00000)
  from space 20992K, 99% used [0x00000000dea00000,0x00000000dfe78200,0x00000000dfe80000)
  to   space 27648K, 0% used [0x00000000dcf00000,0x00000000dcf00000,0x00000000dea00000)
 ParOldGen       total 61440K, used 33790K [0x0000000080000000, 0x0000000083c00000, 0x00000000d5580000)
  object space 61440K, 54% used [0x0000000080000000,0x00000000820ffa50,0x0000000083c00000)
 Metaspace       used 56067K, capacity 58886K, committed 59028K, reserved 1099776K
  class space    used 7575K, capacity 8340K, committed 8448K, reserved 1048576K
}
Event: 31.235 GC heap before
{Heap before GC invocations=21 (full 2):
 PSYoungGen      total 145408K, used 60067K [0x00000000d5580000, 0x00000000e0c00000, 0x0000000100000000)
  eden space 124416K, 31% used [0x00000000d5580000,0x00000000d7bb0b30,0x00000000dcf00000)
  from space 20992K, 99% used [0x00000000dea00000,0x00000000dfe78200,0x00000000dfe80000)
  to   space 27648K, 0% used [0x00000000dcf00000,0x00000000dcf00000,0x00000000dea00000)
 ParOldGen       total 61440K, used 33790K [0x0000000080000000, 0x0000000083c00000, 0x00000000d5580000)
  object space 61440K, 54% used [0x0000000080000000,0x00000000820ffa50,0x0000000083c00000)
 Metaspace       used 56149K, capacity 58892K, committed 59028K, reserved 1099776K
  class space    used 7580K, capacity 8341K, committed 8448K, reserved 1048576K
Event: 31.258 GC heap after
Heap after GC invocations=21 (full 2):
 PSYoungGen      total 152064K, used 23392K [0x00000000d5580000, 0x00000000e0c00000, 0x0000000100000000)
  eden space 124416K, 0% used [0x00000000d5580000,0x00000000d5580000,0x00000000dcf00000)
  from space 27648K, 84% used [0x00000000dcf00000,0x00000000de5d8000,0x00000000dea00000)
  to   space 20992K, 0% used [0x00000000dea00000,0x00000000dea00000,0x00000000dfe80000)
 ParOldGen       total 61440K, used 36646K [0x0000000080000000, 0x0000000083c00000, 0x00000000d5580000)
  object space 61440K, 59% used [0x0000000080000000,0x00000000823c9aa8,0x0000000083c00000)
 Metaspace       used 56149K, capacity 58892K, committed 59028K, reserved 1099776K
  class space    used 7580K, capacity 8341K, committed 8448K, reserved 1048576K
}
Event: 31.258 GC heap before
{Heap before GC invocations=22 (full 3):
 PSYoungGen      total 152064K, used 23392K [0x00000000d5580000, 0x00000000e0c00000, 0x0000000100000000)
  eden space 124416K, 0% used [0x00000000d5580000,0x00000000d5580000,0x00000000dcf00000)
  from space 27648K, 84% used [0x00000000dcf00000,0x00000000de5d8000,0x00000000dea00000)
  to   space 20992K, 0% used [0x00000000dea00000,0x00000000dea00000,0x00000000dfe80000)
 ParOldGen       total 61440K, used 36646K [0x0000000080000000, 0x0000000083c00000, 0x00000000d5580000)
  object space 61440K, 59% used [0x0000000080000000,0x00000000823c9aa8,0x0000000083c00000)
 Metaspace       used 56149K, capacity 58892K, committed 59028K, reserved 1099776K
  class space    used 7580K, capacity 8341K, committed 8448K, reserved 1048576K
Event: 31.507 GC heap after
Heap after GC invocations=22 (full 3):
 PSYoungGen      total 152064K, used 0K [0x00000000d5580000, 0x00000000e0c00000, 0x0000000100000000)
  eden space 124416K, 0% used [0x00000000d5580000,0x00000000d5580000,0x00000000dcf00000)
  from space 27648K, 0% used [0x00000000dcf00000,0x00000000dcf00000,0x00000000dea00000)
  to   space 20992K, 0% used [0x00000000dea00000,0x00000000dea00000,0x00000000dfe80000)
 ParOldGen       total 61440K, used 55469K [0x0000000080000000, 0x0000000083c00000, 0x00000000d5580000)
  object space 61440K, 90% used [0x0000000080000000,0x000000008362b5d8,0x0000000083c00000)
 Metaspace       used 56149K, capacity 58892K, committed 59028K, reserved 1099776K
  class space    used 7580K, capacity 8341K, committed 8448K, reserved 1048576K
}
Event: 44.690 GC heap before
{Heap before GC invocations=23 (full 4):
 PSYoungGen      total 152064K, used 124416K [0x00000000d5580000, 0x00000000e0c00000, 0x0000000100000000)
  eden space 124416K, 100% used [0x00000000d5580000,0x00000000dcf00000,0x00000000dcf00000)
  from space 27648K, 0% used [0x00000000dcf00000,0x00000000dcf00000,0x00000000dea00000)
  to   space 20992K, 0% used [0x00000000dea00000,0x00000000dea00000,0x00000000dfe80000)
 ParOldGen       total 61440K, used 55469K [0x0000000080000000, 0x0000000083c00000, 0x00000000d5580000)
  object space 61440K, 90% used [0x0000000080000000,0x000000008362b5d8,0x0000000083c00000)
 Metaspace       used 58377K, capacity 61600K, committed 61784K, reserved 1101824K
  class space    used 7943K, capacity 8792K, committed 8832K, reserved 1048576K
Event: 45.306 GC heap after
Heap after GC invocations=23 (full 4):
 PSYoungGen      total 152064K, used 6579K [0x00000000d5580000, 0x00000000e0c00000, 0x0000000100000000)
  eden space 124416K, 5% used [0x00000000d5580000,0x00000000d5becc80,0x00000000dcf00000)
  from space 27648K, 0% used [0x00000000dcf00000,0x00000000dcf00000,0x00000000dea00000)
  to   space 20992K, 0% used [0x00000000dea00000,0x00000000dea00000,0x00000000dfe80000)
 ParOldGen       total 61440K, used 61398K [0x0000000080000000, 0x0000000083c00000, 0x00000000d5580000)
  object space 61440K, 99% used [0x0000000080000000,0x0000000083bf5958,0x0000000083c00000)
 Metaspace       used 58377K, capacity 61600K, committed 61784K, reserved 1101824K
  class space    used 7943K, capacity 8792K, committed 8832K, reserved 1048576K
}
Event: 52.132 GC heap before
{Heap before GC invocations=24 (full 5):
 PSYoungGen      total 152064K, used 124416K [0x00000000d5580000, 0x00000000e0c00000, 0x0000000100000000)
  eden space 124416K, 100% used [0x00000000d5580000,0x00000000dcf00000,0x00000000dcf00000)
  from space 27648K, 0% used [0x00000000dcf00000,0x00000000dcf00000,0x00000000dea00000)
  to   space 20992K, 0% used [0x00000000dea00000,0x00000000dea00000,0x00000000dfe80000)
 ParOldGen       total 61440K, used 61398K [0x0000000080000000, 0x0000000083c00000, 0x00000000d5580000)
  object space 61440K, 99% used [0x0000000080000000,0x0000000083bf5958,0x0000000083c00000)
 Metaspace       used 61082K, capacity 65090K, committed 65240K, reserved 1105920K
  class space    used 8225K, capacity 9211K, committed 9216K, reserved 1048576K

Deoptimization events (10 events):
Event: 51.842 Thread 0x000000005b83c800 Uncommon trap: reason=unstable_if action=reinterpret pc=0x000000000930fe90 method=java.io.ObjectOutputStream.writeClassDesc(Ljava/io/ObjectStreamClass;Z)V @ 41
Event: 51.842 Thread 0x000000005b83c800 Uncommon trap: reason=unstable_if action=reinterpret pc=0x00000000086129f0 method=java.lang.reflect.Proxy.isProxyClass(Ljava/lang/Class;)Z @ 6
Event: 51.842 Thread 0x000000005b83c800 Uncommon trap: reason=unstable_if action=reinterpret pc=0x0000000008305930 method=java.lang.reflect.Proxy.isProxyClass(Ljava/lang/Class;)Z @ 6
Event: 51.842 Thread 0x000000005b83c800 Uncommon trap: reason=class_check action=maybe_recompile pc=0x00000000083fe22c method=java.io.ObjectOutputStream$BlockDataOutputStream.drain()V @ 36
Event: 51.844 Thread 0x000000005b83c800 Uncommon trap: reason=unstable_if action=reinterpret pc=0x0000000008fa0424 method=java.io.ObjectOutputStream$HandleTable.assign(Ljava/lang/Object;)I @ 24
Event: 51.920 Thread 0x000000005b83c800 Uncommon trap: reason=unstable_if action=reinterpret pc=0x00000000095a2274 method=org.gradle.internal.io.StreamByteBuffer.prepareRead()I @ 30
Event: 51.938 Thread 0x000000005b83c800 Uncommon trap: reason=unstable_if action=reinterpret pc=0x000000000967e53c method=org.gradle.internal.progress.DefaultBuildOperationExecutor.assertParentRunning(Ljava/lang/String;Lorg/gradle/internal/progress/BuildOperationDescriptor;Lorg/gradle/internal/
Event: 52.011 Thread 0x000000005b83c800 Uncommon trap: reason=unstable_if action=reinterpret pc=0x0000000008908270 method=java.nio.Buffer.limit(I)Ljava/nio/Buffer; @ 33
Event: 52.014 Thread 0x000000005b83c800 Uncommon trap: reason=unstable_if action=reinterpret pc=0x0000000007eb1d14 method=sun.nio.fs.WindowsNativeDispatcher.asNativeBuffer(Ljava/lang/String;)Lsun/nio/fs/NativeBuffer; @ 33
Event: 52.129 Thread 0x000000005b83c800 Uncommon trap: reason=unstable_if action=reinterpret pc=0x0000000007d010dc method=sun.nio.cs.UTF_8$Encoder.encodeArrayLoop(Ljava/nio/CharBuffer;Ljava/nio/ByteBuffer;)Ljava/nio/charset/CoderResult; @ 113

Classes redefined (0 events):
No events

Internal exceptions (10 events):
Event: 33.487 Thread 0x000000005b83c800 Exception <a 'java/lang/ClassNotFoundException': org/jetbrains/plugins/gradle/model/DefaultExternalLibraryDependencyCustomizer> (0x00000000d88e3788) thrown at [D:\src\AOSP-openjdk-cygwin\jdk8u\hotspot\src\share\vm\classfile\systemDictionary.cpp, line 210]
Event: 33.605 Thread 0x000000005b83c800 Exception <a 'java/lang/ClassNotFoundException': org/gradle/api/internal/artifacts/result/DefaultResolvedArtifactResultBeanInfo> (0x00000000d8b1c010) thrown at [D:\src\AOSP-openjdk-cygwin\jdk8u\hotspot\src\share\vm\classfile\systemDictionary.cpp, line 210
Event: 33.605 Thread 0x000000005b83c800 Exception <a 'java/lang/ClassNotFoundException': org/gradle/api/internal/artifacts/result/DefaultResolvedArtifactResultCustomizer> (0x00000000d8b46af8) thrown at [D:\src\AOSP-openjdk-cygwin\jdk8u\hotspot\src\share\vm\classfile\systemDictionary.cpp, line 2
Event: 33.722 Thread 0x000000005b83c800 Exception <a 'java/lang/NoSuchMethodError': java.lang.Object.lambda$of$a04ddf17$1(Ljava/lang/Object;)Ljava/lang/Object;> (0x00000000d8e8f880) thrown at [D:\src\AOSP-openjdk-cygwin\jdk8u\hotspot\src\share\vm\interpreter\linkResolver.cpp, line 584]
Event: 33.772 Thread 0x000000005b83c800 Exception <a 'java/lang/NoSuchMethodError': java.lang.Object.lambda$negate$1(Ljava/lang/Object;)Z> (0x00000000d8f778b0) thrown at [D:\src\AOSP-openjdk-cygwin\jdk8u\hotspot\src\share\vm\interpreter\linkResolver.cpp, line 584]
Event: 33.822 Thread 0x000000005b83c800 Exception <a 'java/lang/ClassNotFoundException': java/util/CollectionsBeanInfo> (0x00000000d91fbd88) thrown at [D:\src\AOSP-openjdk-cygwin\jdk8u\hotspot\src\share\vm\classfile\systemDictionary.cpp, line 210]
Event: 33.822 Thread 0x000000005b83c800 Exception <a 'java/lang/ClassNotFoundException': java/util/CollectionsCustomizer> (0x00000000d9202740) thrown at [D:\src\AOSP-openjdk-cygwin\jdk8u\hotspot\src\share\vm\classfile\systemDictionary.cpp, line 210]
Event: 39.851 Thread 0x000000005b83c800 Implicit null exception at 0x00000000092d122a to 0x00000000092d24ed
Event: 51.938 Thread 0x000000005b83c800 Implicit null exception at 0x000000000967e4dc to 0x000000000967e525
Event: 51.972 Thread 0x000000005b83c800 Exception <a 'sun/nio/fs/WindowsException'> (0x00000000dc57d8e0) thrown at [D:\src\AOSP-openjdk-cygwin\jdk8u\hotspot\src\share\vm\prims\jni.cpp, line 709]

Events (10 events):
Event: 52.112 loading class com/google/protobuf/GeneratedMessageV3$FieldAccessorTable$RepeatedEnumFieldAccessor
Event: 52.112 loading class com/google/protobuf/GeneratedMessageV3$FieldAccessorTable$RepeatedEnumFieldAccessor done
Event: 52.114 loading class com/google/wireless/android/sdk/stats/AnnotationProcessorInfo$Builder
Event: 52.114 loading class com/google/wireless/android/sdk/stats/AnnotationProcessorInfo$Builder done
Event: 52.115 loading class com/google/wireless/android/sdk/stats/AnnotationProcessorInfo$InclusionType
Event: 52.115 loading class com/google/wireless/android/sdk/stats/AnnotationProcessorInfo$InclusionType done
Event: 52.129 Thread 0x000000005b83c800 Uncommon trap: trap_request=0xffffff65 fr.pc=0x0000000007d010dc
Event: 52.129 Thread 0x000000005b83c800 DEOPT PACKING pc=0x0000000007d010dc sp=0x000000005d75cbd0
Event: 52.129 Thread 0x000000005b83c800 DEOPT UNPACKING pc=0x000000000790556a sp=0x000000005d75cb40 mode 2
Event: 52.132 Executing VM operation: ParallelGCFailedAllocation


Dynamic libraries:
0x000000013f460000 - 0x000000013f491000 	C:\Program Files\Android\Android Studio\jre\bin\java.exe
0x0000000077c10000 - 0x0000000077dba000 	C:\Windows\SYSTEM32\ntdll.dll
0x0000000077990000 - 0x0000000077aaf000 	C:\Windows\system32\kernel32.dll
0x000007fefdff0000 - 0x000007fefe05a000 	C:\Windows\system32\KERNELBASE.dll
0x000007fefe9f0000 - 0x000007fefeacb000 	C:\Windows\system32\ADVAPI32.dll
0x000007fefe3f0000 - 0x000007fefe48f000 	C:\Windows\system32\msvcrt.dll
0x000007fefe560000 - 0x000007fefe57f000 	C:\Windows\SYSTEM32\sechost.dll
0x000007fefe2c0000 - 0x000007fefe3ed000 	C:\Windows\system32\RPCRT4.dll
0x0000000077750000 - 0x000000007784a000 	C:\Windows\system32\USER32.dll
0x000007fefec30000 - 0x000007fefec97000 	C:\Windows\system32\GDI32.dll
0x000007fefeb60000 - 0x000007fefeb6e000 	C:\Windows\system32\LPK.dll
0x000007fefe490000 - 0x000007fefe55b000 	C:\Windows\system32\USP10.dll
0x000007fefc680000 - 0x000007fefc874000 	C:\Windows\WinSxS\amd64_microsoft.windows.common-controls_6595b64144ccf1df_6.0.7601.18837_none_fa3b1e3d17594757\COMCTL32.dll
0x000007fefead0000 - 0x000007fefeb41000 	C:\Windows\system32\SHLWAPI.dll
0x000007fefeb70000 - 0x000007fefeb9e000 	C:\Windows\system32\IMM32.DLL
0x000007fefe8e0000 - 0x000007fefe9e9000 	C:\Windows\system32\MSCTF.dll
0x0000000079110000 - 0x00000000791e2000 	C:\Program Files\Android\Android Studio\jre\jre\bin\msvcr100.dll
0x0000000007080000 - 0x00000000078be000 	C:\Program Files\Android\Android Studio\jre\jre\bin\server\jvm.dll
0x000007fef9440000 - 0x000007fef9449000 	C:\Windows\system32\WSOCK32.dll
0x000007feffcf0000 - 0x000007feffd3d000 	C:\Windows\system32\WS2_32.dll
0x000007fefeb50000 - 0x000007fefeb58000 	C:\Windows\system32\NSI.dll
0x000007fefe0c0000 - 0x000007fefe0fb000 	C:\Windows\system32\WINMM.dll
0x000007fefcf70000 - 0x000007fefcf7c000 	C:\Windows\system32\VERSION.dll
0x0000000077de0000 - 0x0000000077de7000 	C:\Windows\system32\PSAPI.DLL
0x000007fefba20000 - 0x000007fefba2f000 	C:\Program Files\Android\Android Studio\jre\jre\bin\verify.dll
0x000007fef9000000 - 0x000007fef9029000 	C:\Program Files\Android\Android Studio\jre\jre\bin\java.dll
0x000007fef8fe0000 - 0x000007fef8ff6000 	C:\Program Files\Android\Android Studio\jre\jre\bin\zip.dll
0x000007fefeca0000 - 0x000007feffa2a000 	C:\Windows\system32\SHELL32.dll
0x000007feffa30000 - 0x000007feffc2c000 	C:\Windows\system32\ole32.dll
0x000007fefde50000 - 0x000007fefde5f000 	C:\Windows\system32\profapi.dll
0x000007fef6980000 - 0x000007fef699a000 	C:\Program Files\Android\Android Studio\jre\jre\bin\net.dll
0x000007fefd6e0000 - 0x000007fefd735000 	C:\Windows\system32\mswsock.dll
0x000007fefd6d0000 - 0x000007fefd6d7000 	C:\Windows\System32\wship6.dll
0x000007fef1670000 - 0x000007fef1681000 	C:\Program Files\Android\Android Studio\jre\jre\bin\nio.dll
0x000007feecac0000 - 0x000007feecade000 	C:\Users\admin\.gradle\native\25\windows-amd64\native-platform.dll
0x000007fefa750000 - 0x000007fefa75d000 	C:\Program Files\Android\Android Studio\jre\jre\bin\management.dll
0x000007fefd740000 - 0x000007fefd758000 	C:\Windows\system32\CRYPTSP.dll
0x000007fefd440000 - 0x000007fefd487000 	C:\Windows\system32\rsaenh.dll
0x000007fefd160000 - 0x000007fefd17e000 	C:\Windows\system32\USERENV.dll
0x000007fefdd40000 - 0x000007fefdd4f000 	C:\Windows\system32\CRYPTBASE.dll
0x000007fefb960000 - 0x000007fefb987000 	C:\Windows\system32\IPHLPAPI.DLL
0x000007fefb950000 - 0x000007fefb95b000 	C:\Windows\system32\WINNSI.DLL
0x000007fefb770000 - 0x000007fefb781000 	C:\Windows\system32\dhcpcsvc6.DLL
0x000007fefb750000 - 0x000007fefb768000 	C:\Windows\system32\dhcpcsvc.DLL

VM Arguments:
jvm_args: -XX:MaxPermSize=512m -XX:+HeapDumpOnOutOfMemoryError -Xmx2048m -Dfile.encoding=UTF-8 -Duser.country=CN -Duser.language=zh -Duser.variant 
java_command: org.gradle.launcher.daemon.bootstrap.GradleDaemon 4.1
java_class_path (initial): C:\Users\admin\.gradle\wrapper\dists\gradle-4.1-all\bzyivzo6n839fup2jbap0tjew\gradle-4.1\lib\gradle-launcher-4.1.jar
Launcher Type: SUN_STANDARD

Environment Variables:
JAVA_HOME=D:\jdkjava\jdk1.8.0_31
CLASSPATH=.;D:\jdkjava\jdk1.8.0_31\lib\tools.jar;D:\jdkjava\jdk1.8.0_31\lib\dt.jar
PATH=E:\ffmpeg\bin;D:\jdkjava\jdk1.8.0_31\bin;C:\Python27\Scripts;C:\Python27;E:\Android\sdk\platform-tools;C:\Program Files (x86)\Git\cmd;D:\sdk\platform-tools;C:\ProgramData\Oracle\Java\javapath;D:\jdkjava\jdk1.8.0_31\bin;C:\Program Files (x86)\NVIDIA Corporation\PhysX\Common;C:\Windows\system32;C:\Windows;C:\Windows\System32\Wbem;C:\Windows\System32\WindowsPowerShell\v1.0\;C:\Program Files (x86)\Common Files\microsoft shared\TigerKin;C:\Program Files (x86)\Git\cmd;D:\Program Files\nodejs\;C:\Program Files\PuTTY\;C:\Program Files\TortoiseSVN\bin;C:\Users\admin\AppData\Roaming\npm;C:\Program Files (x86)\SSH Communications Security\SSH Secure Shell;C:\Users\admin\AppData\Local\Programs\Fiddler
USERNAME=admin
OS=Windows_NT
PROCESSOR_IDENTIFIER=Intel64 Family 6 Model 60 Stepping 3, GenuineIntel



---------------  S Y S T E M  ---------------

OS: Windows 7 , 64 bit Build 7601 (6.1.7601.23915)

CPU:total 4 (initial active 4) (4 cores per cpu, 1 threads per core) family 6 model 60 stepping 3, cmov, cx8, fxsr, mmx, sse, sse2, sse3, ssse3, sse4.1, sse4.2, popcnt, avx, avx2, aes, clmul, erms, rtm, lzcnt, tsc, tscinvbit, bmi1, bmi2

Memory: 4k page, physical 8286452k(830588k free), swap 9333168k(5840k free)

vm_info: OpenJDK 64-Bit Server VM (25.152-b01) for windows-amd64 JRE (1.8.0_152-release-915-b01), built by "builder" with MS VC++ 10.0 (VS2010)

time: Sat Feb 10 10:00:07 2018
elapsed time: 52 seconds (0d 0h 0m 52s)

