#
# There is insufficient memory for the Java Runtime Environment to continue.
# Native memory allocation (malloc) failed to allocate 46960 bytes for Chunk::new
# Possible reasons:
#   The system is out of physical RAM or swap space
#   In 32 bit mode, the process size limit was hit
# Possible solutions:
#   Reduce memory load on the system
#   Increase physical memory or swap space
#   Check if swap backing store is full
#   Use 64 bit Java on a 64 bit OS
#   Decrease Java heap size (-Xmx/-Xms)
#   Decrease number of Java threads
#   Decrease Java thread stack sizes (-Xss)
#   Set larger code cache with -XX:ReservedCodeCacheSize=
# This output file may be truncated or incomplete.
#
#  Out of Memory Error (allocation.cpp:390), pid=9988, tid=8588
#
# JRE version: Java(TM) SE Runtime Environment (8.0_66-b18) (build 1.8.0_66-b18)
# Java VM: Java HotSpot(TM) 64-Bit Server VM (25.66-b18 mixed mode windows-amd64 compressed oops)
# Failed to write core dump. Minidumps are not enabled by default on client versions of Windows
#

---------------  T H R E A D  ---------------

Current thread (0x00000000564a9800):  JavaThread "C2 CompilerThread1" daemon [_thread_in_native, id=8588, stack(0x0000000056e40000,0x0000000056f40000)]

Stack: [0x0000000056e40000,0x0000000056f40000]
[error occurred during error reporting (printing stack bounds), id 0xc0000005]

Native frames: (J=compiled Java code, j=interpreted, Vv=VM code, C=native code)


Current CompileTask:
C2:  84914 10293       4       org.gradle.api.internal.AbstractTask::assertDynamicObject (39 bytes)


---------------  P R O C E S S  ---------------

Java Threads: ( => current thread )
  0x0000000058a94000 JavaThread "Stdin handler" [_thread_blocked, id=8280, stack(0x000000005f440000,0x000000005f540000)]
  0x0000000058a93000 JavaThread "Asynchronous log dispatcher for DefaultDaemonConnection: socket connection from /127.0.0.1:56856 to /127.0.0.1:56873" [_thread_blocked, id=9340, stack(0x000000005a400000,0x000000005a500000)]
  0x0000000058a90000 JavaThread "Cancel handler" [_thread_blocked, id=9252, stack(0x000000005a2a0000,0x000000005a3a0000)]
  0x0000000058a91800 JavaThread "Handler for socket connection from /127.0.0.1:56856 to /127.0.0.1:56873" [_thread_in_native, id=9356, stack(0x0000000059dd0000,0x0000000059ed0000)]
  0x0000000058a91000 JavaThread "pool-2-thread-1" [_thread_blocked, id=9880, stack(0x000000005ab50000,0x000000005ac50000)]
  0x0000000058a8f800 JavaThread "File lock request listener" [_thread_in_native, id=9692, stack(0x000000005b2f0000,0x000000005b3f0000)]
  0x0000000058812800 JavaThread "Daemon worker" [_thread_in_vm, id=3628, stack(0x000000005a650000,0x000000005a750000)]
  0x0000000058582800 JavaThread "Daemon" [_thread_blocked, id=4116, stack(0x0000000056280000,0x0000000056380000)]
  0x00000000584c2000 JavaThread "Incoming local TCP Connector on port 56856" [_thread_in_native, id=6224, stack(0x0000000059f00000,0x000000005a000000)]
  0x000000005812e000 JavaThread "pool-1-thread-1" [_thread_blocked, id=7464, stack(0x0000000059a90000,0x0000000059b90000)]
  0x0000000056527800 JavaThread "Service Thread" daemon [_thread_blocked, id=10136, stack(0x0000000056f60000,0x0000000057060000)]
  0x00000000564b0800 JavaThread "C1 CompilerThread2" daemon [_thread_in_native, id=9348, stack(0x00000000569e0000,0x0000000056ae0000)]
=>0x00000000564a9800 JavaThread "C2 CompilerThread1" daemon [_thread_in_native, id=8588, stack(0x0000000056e40000,0x0000000056f40000)]
  0x000000005648b000 JavaThread "C2 CompilerThread0" daemon [_thread_in_native, id=9980, stack(0x0000000056cb0000,0x0000000056db0000)]
  0x0000000056488800 JavaThread "Attach Listener" daemon [_thread_blocked, id=8980, stack(0x0000000056b20000,0x0000000056c20000)]
  0x0000000054fa2800 JavaThread "Signal Dispatcher" daemon [_thread_blocked, id=4664, stack(0x00000000568e0000,0x00000000569e0000)]
  0x0000000054f4b800 JavaThread "Finalizer" daemon [_thread_blocked, id=7136, stack(0x0000000056380000,0x0000000056480000)]
  0x0000000054f44800 JavaThread "Reference Handler" daemon [_thread_blocked, id=9956, stack(0x0000000056120000,0x0000000056220000)]
  0x000000000241f800 JavaThread "main" [_thread_blocked, id=1176, stack(0x00000000025b0000,0x00000000026b0000)]

Other Threads:
  0x0000000054f3b800 VMThread [stack: 0x0000000055fc0000,0x00000000560c0000] [id=5308]
  0x0000000056558000 WatcherThread [stack: 0x00000000571a0000,0x00000000572a0000] [id=9468]

VM state:not at safepoint (normal execution)

VM Mutex/Monitor currently owned by a thread: None

Heap:
 PSYoungGen      total 210432K, used 94124K [0x00000000eab00000, 0x00000000f8800000, 0x0000000100000000)
  eden space 196608K, 40% used [0x00000000eab00000,0x00000000ef9733b8,0x00000000f6b00000)
  from space 13824K, 99% used [0x00000000f7a00000,0x00000000f8778040,0x00000000f8780000)
  to   space 14848K, 0% used [0x00000000f6b00000,0x00000000f6b00000,0x00000000f7980000)
 ParOldGen       total 119296K, used 58214K [0x00000000c0000000, 0x00000000c7480000, 0x00000000eab00000)
  object space 119296K, 48% used [0x00000000c0000000,0x00000000c38d9848,0x00000000c7480000)
 Metaspace       used 62237K, capacity 65544K, committed 65752K, reserved 1105920K
  class space    used 8413K, capacity 9130K, committed 9216K, reserved 1048576K

Card table byte_map: [0x0000000011a70000,0x0000000011c80000] byte_map_base: 0x0000000011470000

Marking Bits: (ParMarkBitMap*) 0x00000000700ba5b0
 Begin Bits: [0x00000000123b0000, 0x00000000133b0000)
 End Bits:   [0x00000000133b0000, 0x00000000143b0000)

Polling page: 0x0000000000460000

CodeCache: size=245760Kb used=30977Kb max_used=30977Kb free=214782Kb
 bounds [0x00000000026b0000, 0x0000000004520000, 0x00000000116b0000]
 total_blobs=9863 nmethods=9065 adapters=708
 compilation: enabled

Compilation events (10 events):
Event: 84.732 Thread 0x00000000564b0800 nmethod 10466 0x00000000044fd3d0 code [0x00000000044fd520, 0x00000000044fd630]
Event: 84.736 Thread 0x00000000564b0800 10467  s    3       sun.reflect.MethodAccessorGenerator::generateName (98 bytes)
Event: 84.736 Thread 0x00000000564b0800 nmethod 10467 0x00000000044fd690 code [0x00000000044fd940, 0x00000000044fee48]
Event: 84.736 Thread 0x00000000564b0800 10468       3       sun.reflect.MethodAccessorGenerator::buildInternalSignature (72 bytes)
Event: 84.737 Thread 0x00000000564b0800 nmethod 10468 0x00000000044ff710 code [0x00000000044ff940, 0x0000000004500948]
Event: 84.737 Thread 0x00000000564b0800 10469  s    3       java.util.Vector::get (23 bytes)
Event: 84.737 Thread 0x00000000564b0800 nmethod 10469 0x0000000004500ed0 code [0x0000000004501060, 0x00000000045014e8]
Event: 84.737 Thread 0x00000000564b0800 10470       3       sun.reflect.AccessorGenerator::emitCommonConstantPoolEntries (573 bytes)
Event: 84.743 Thread 0x00000000564b0800 nmethod 10470 0x00000000045016d0 code [0x0000000004502600, 0x000000000450a578]
Event: 84.743 Thread 0x00000000564b0800 10472       3       sun.reflect.MethodAccessorGenerator::emitInvoke (1033 bytes)

GC Heap History (10 events):
Event: 39.778 GC heap before
{Heap before GC invocations=13 (full 2):
 PSYoungGen      total 138240K, used 135179K [0x00000000eab00000, 0x00000000f4100000, 0x0000000100000000)
  eden space 126464K, 100% used [0x00000000eab00000,0x00000000f2680000,0x00000000f2680000)
  from space 11776K, 74% used [0x00000000f3280000,0x00000000f3b02ec0,0x00000000f3e00000)
  to   space 12288K, 0% used [0x00000000f2680000,0x00000000f2680000,0x00000000f3280000)
 ParOldGen       total 70656K, used 14840K [0x00000000c0000000, 0x00000000c4500000, 0x00000000eab00000)
  object space 70656K, 21% used [0x00000000c0000000,0x00000000c0e7e278,0x00000000c4500000)
 Metaspace       used 44566K, capacity 45668K, committed 45784K, reserved 1089536K
  class space    used 6028K, capacity 6340K, committed 6400K, reserved 1048576K
Event: 39.789 GC heap after
Heap after GC invocations=13 (full 2):
 PSYoungGen      total 138752K, used 12263K [0x00000000eab00000, 0x00000000f8780000, 0x0000000100000000)
  eden space 126464K, 0% used [0x00000000eab00000,0x00000000eab00000,0x00000000f2680000)
  from space 12288K, 99% used [0x00000000f2680000,0x00000000f3279df0,0x00000000f3280000)
  to   space 13824K, 0% used [0x00000000f7a00000,0x00000000f7a00000,0x00000000f8780000)
 ParOldGen       total 70656K, used 15679K [0x00000000c0000000, 0x00000000c4500000, 0x00000000eab00000)
  object space 70656K, 22% used [0x00000000c0000000,0x00000000c0f4ff50,0x00000000c4500000)
 Metaspace       used 44566K, capacity 45668K, committed 45784K, reserved 1089536K
  class space    used 6028K, capacity 6340K, committed 6400K, reserved 1048576K
}
Event: 44.283 GC heap before
{Heap before GC invocations=14 (full 2):
 PSYoungGen      total 138752K, used 138727K [0x00000000eab00000, 0x00000000f8780000, 0x0000000100000000)
  eden space 126464K, 100% used [0x00000000eab00000,0x00000000f2680000,0x00000000f2680000)
  from space 12288K, 99% used [0x00000000f2680000,0x00000000f3279df0,0x00000000f3280000)
  to   space 13824K, 0% used [0x00000000f7a00000,0x00000000f7a00000,0x00000000f8780000)
 ParOldGen       total 70656K, used 15679K [0x00000000c0000000, 0x00000000c4500000, 0x00000000eab00000)
  object space 70656K, 22% used [0x00000000c0000000,0x00000000c0f4ff50,0x00000000c4500000)
 Metaspace       used 50623K, capacity 52420K, committed 52696K, reserved 1095680K
  class space    used 6947K, capacity 7360K, committed 7424K, reserved 1048576K
Event: 44.308 GC heap after
Heap after GC invocations=14 (full 2):
 PSYoungGen      total 210432K, used 12558K [0x00000000eab00000, 0x00000000f8800000, 0x0000000100000000)
  eden space 196608K, 0% used [0x00000000eab00000,0x00000000eab00000,0x00000000f6b00000)
  from space 13824K, 90% used [0x00000000f7a00000,0x00000000f8643a40,0x00000000f8780000)
  to   space 14848K, 0% used [0x00000000f6b00000,0x00000000f6b00000,0x00000000f7980000)
 ParOldGen       total 70656K, used 23415K [0x00000000c0000000, 0x00000000c4500000, 0x00000000eab00000)
  object space 70656K, 33% used [0x00000000c0000000,0x00000000c16ddee0,0x00000000c4500000)
 Metaspace       used 50623K, capacity 52420K, committed 52696K, reserved 1095680K
  class space    used 6947K, capacity 7360K, committed 7424K, reserved 1048576K
}
Event: 58.249 GC heap before
{Heap before GC invocations=15 (full 2):
 PSYoungGen      total 210432K, used 194632K [0x00000000eab00000, 0x00000000f8800000, 0x0000000100000000)
  eden space 196608K, 92% used [0x00000000eab00000,0x00000000f5cce828,0x00000000f6b00000)
  from space 13824K, 90% used [0x00000000f7a00000,0x00000000f8643a40,0x00000000f8780000)
  to   space 14848K, 0% used [0x00000000f6b00000,0x00000000f6b00000,0x00000000f7980000)
 ParOldGen       total 70656K, used 23415K [0x00000000c0000000, 0x00000000c4500000, 0x00000000eab00000)
  object space 70656K, 33% used [0x00000000c0000000,0x00000000c16ddee0,0x00000000c4500000)
 Metaspace       used 56633K, capacity 58944K, committed 59028K, reserved 1099776K
  class space    used 7685K, capacity 8177K, committed 8192K, reserved 1048576K
Event: 58.276 GC heap after
Heap after GC invocations=15 (full 2):
 PSYoungGen      total 211456K, used 14830K [0x00000000eab00000, 0x00000000f8800000, 0x0000000100000000)
  eden space 196608K, 0% used [0x00000000eab00000,0x00000000eab00000,0x00000000f6b00000)
  from space 14848K, 99% used [0x00000000f6b00000,0x00000000f797ba60,0x00000000f7980000)
  to   space 13824K, 0% used [0x00000000f7a00000,0x00000000f7a00000,0x00000000f8780000)
 ParOldGen       total 70656K, used 38904K [0x00000000c0000000, 0x00000000c4500000, 0x00000000eab00000)
  object space 70656K, 55% used [0x00000000c0000000,0x00000000c25fe0b0,0x00000000c4500000)
 Metaspace       used 56633K, capacity 58944K, committed 59028K, reserved 1099776K
  class space    used 7685K, capacity 8177K, committed 8192K, reserved 1048576K
}
Event: 58.276 GC heap before
{Heap before GC invocations=16 (full 3):
 PSYoungGen      total 211456K, used 14830K [0x00000000eab00000, 0x00000000f8800000, 0x0000000100000000)
  eden space 196608K, 0% used [0x00000000eab00000,0x00000000eab00000,0x00000000f6b00000)
  from space 14848K, 99% used [0x00000000f6b00000,0x00000000f797ba60,0x00000000f7980000)
  to   space 13824K, 0% used [0x00000000f7a00000,0x00000000f7a00000,0x00000000f8780000)
 ParOldGen       total 70656K, used 38904K [0x00000000c0000000, 0x00000000c4500000, 0x00000000eab00000)
  object space 70656K, 55% used [0x00000000c0000000,0x00000000c25fe0b0,0x00000000c4500000)
 Metaspace       used 56633K, capacity 58944K, committed 59028K, reserved 1099776K
  class space    used 7685K, capacity 8177K, committed 8192K, reserved 1048576K
Event: 58.515 GC heap after
Heap after GC invocations=16 (full 3):
 PSYoungGen      total 211456K, used 0K [0x00000000eab00000, 0x00000000f8800000, 0x0000000100000000)
  eden space 196608K, 0% used [0x00000000eab00000,0x00000000eab00000,0x00000000f6b00000)
  from space 14848K, 0% used [0x00000000f6b00000,0x00000000f6b00000,0x00000000f7980000)
  to   space 13824K, 0% used [0x00000000f7a00000,0x00000000f7a00000,0x00000000f8780000)
 ParOldGen       total 119296K, used 51961K [0x00000000c0000000, 0x00000000c7480000, 0x00000000eab00000)
  object space 119296K, 43% used [0x00000000c0000000,0x00000000c32be6b0,0x00000000c7480000)
 Metaspace       used 56633K, capacity 58944K, committed 59028K, reserved 1099776K
  class space    used 7685K, capacity 8177K, committed 8192K, reserved 1048576K
}
Event: 80.800 GC heap before
{Heap before GC invocations=17 (full 3):
 PSYoungGen      total 211456K, used 196608K [0x00000000eab00000, 0x00000000f8800000, 0x0000000100000000)
  eden space 196608K, 100% used [0x00000000eab00000,0x00000000f6b00000,0x00000000f6b00000)
  from space 14848K, 0% used [0x00000000f6b00000,0x00000000f6b00000,0x00000000f7980000)
  to   space 13824K, 0% used [0x00000000f7a00000,0x00000000f7a00000,0x00000000f8780000)
 ParOldGen       total 119296K, used 51961K [0x00000000c0000000, 0x00000000c7480000, 0x00000000eab00000)
  object space 119296K, 43% used [0x00000000c0000000,0x00000000c32be6b0,0x00000000c7480000)
 Metaspace       used 61854K, capacity 64994K, committed 65240K, reserved 1105920K
  class space    used 8393K, capacity 9095K, committed 9216K, reserved 1048576K
Event: 80.816 GC heap after
Heap after GC invocations=17 (full 3):
 PSYoungGen      total 210432K, used 13792K [0x00000000eab00000, 0x00000000f8800000, 0x0000000100000000)
  eden space 196608K, 0% used [0x00000000eab00000,0x00000000eab00000,0x00000000f6b00000)
  from space 13824K, 99% used [0x00000000f7a00000,0x00000000f8778040,0x00000000f8780000)
  to   space 14848K, 0% used [0x00000000f6b00000,0x00000000f6b00000,0x00000000f7980000)
 ParOldGen       total 119296K, used 58214K [0x00000000c0000000, 0x00000000c7480000, 0x00000000eab00000)
  object space 119296K, 48% used [0x00000000c0000000,0x00000000c38d9848,0x00000000c7480000)
 Metaspace       used 61854K, capacity 64994K, committed 65240K, reserved 1105920K
  class space    used 8393K, capacity 9095K, committed 9216K, reserved 1048576K
}

Deoptimization events (10 events):
Event: 74.387 Thread 0x0000000058a91800 Uncommon trap: reason=bimorphic action=maybe_recompile pc=0x0000000003ebd374 method=java.io.DataInputStream.readChar()C @ 4
Event: 74.560 Thread 0x0000000058a93000 Uncommon trap: reason=unstable_if action=reinterpret pc=0x0000000003f27e1c method=com.esotericsoftware.kryo.io.Output.writeUtf8Length(I)V @ 4
Event: 75.220 Thread 0x0000000058812800 Uncommon trap: reason=bimorphic action=maybe_recompile pc=0x000000000424f084 method=com.google.common.collect.Iterables$3.transform(Ljava/lang/Iterable;)Ljava/util/Iterator; @ 1
Event: 75.220 Thread 0x0000000058812800 Uncommon trap: reason=bimorphic action=maybe_recompile pc=0x000000000424f084 method=com.google.common.collect.Iterables$3.transform(Ljava/lang/Iterable;)Ljava/util/Iterator; @ 1
Event: 76.661 Thread 0x0000000058812800 Uncommon trap: reason=unstable_if action=reinterpret pc=0x0000000003deb800 method=com.sun.org.apache.xerces.internal.impl.XMLDocumentFragmentScannerImpl$FragmentContentDriver.startOfMarkup()V @ 108
Event: 83.760 Thread 0x0000000058812800 Uncommon trap: reason=class_check action=maybe_recompile pc=0x000000000448e860 method=org.gradle.api.internal.project.taskfactory.DefaultTaskClassValidatorExtractor$DefaultTaskPropertyActionContext.getAnnotation(Ljava/lang/Class;)Ljava/lang/annotation/Anno7íá¨ðT@
Event: 83.760 Thread 0x0000000058812800 Uncommon trap: reason=class_check action=maybe_recompile pc=0x000000000448e860 method=org.gradle.api.internal.project.taskfactory.DefaultTaskClassValidatorExtractor$DefaultTaskPropertyActionContext.getAnnotation(Ljava/lang/Class;)Ljava/lang/annotation/AnnoûŠ ©ðT@
Event: 83.760 Thread 0x0000000058812800 Uncommon trap: reason=class_check action=maybe_recompile pc=0x000000000448e860 method=org.gradle.api.internal.project.taskfactory.DefaultTaskClassValidatorExtractor$DefaultTaskPropertyActionContext.getAnnotation(Ljava/lang/Class;)Ljava/lang/annotation/Anno
Event: 83.761 Thread 0x0000000058812800 Uncommon trap: reason=class_check action=maybe_recompile pc=0x000000000448e860 method=org.gradle.api.internal.project.taskfactory.DefaultTaskClassValidatorExtractor$DefaultTaskPropertyActionContext.getAnnotation(Ljava/lang/Class;)Ljava/lang/annotation/Anno»GÛ‚0U@
Event: 84.758 Thread 0x0000000058812800 Uncommon trap: reason=bimorphic action=maybe_recompile pc=0x0000000004189a48 method=org.codehaus.groovy.util.SingleKeyHashMap.get(Ljava/lang/Object;)Ljava/lang/Object; @ 43

Internal exceptions (10 events):
Event: 81.956 Thread 0x0000000058812800 Exception <a 'sun/nio/fs/WindowsException'> (0x00000000ead37338) thrown at [C:\re\workspace\8-2-build-windows-amd64-cygwin\jdk8u66\5298\hotspot\src\share\vm\prims\jni.cpp, line 709]
Event: 81.956 Thread 0x0000000058812800 Exception <a 'sun/nio/fs/WindowsException'> (0x00000000ead37e90) thrown at [C:\re\workspace\8-2-build-windows-amd64-cygwin\jdk8u66\5298\hotspot\src\share\vm\prims\jni.cpp, line 709]
Event: 81.956 Thread 0x0000000058812800 Exception <a 'sun/nio/fs/WindowsException'> (0x00000000ead39a30) thrown at [C:\re\workspace\8-2-build-windows-amd64-cygwin\jdk8u66\5298\hotspot\src\share\vm\prims\jni.cpp, line 709]
Event: 81.956 Thread 0x0000000058812800 Exception <a 'sun/nio/fs/WindowsException'> (0x00000000ead3a5c0) thrown at [C:\re\workspace\8-2-build-windows-amd64-cygwin\jdk8u66\5298\hotspot\src\share\vm\prims\jni.cpp, line 709]
Event: 81.972 Thread 0x0000000058812800 Exception <a 'sun/nio/fs/WindowsException'> (0x00000000ead3ca58) thrown at [C:\re\workspace\8-2-build-windows-amd64-cygwin\jdk8u66\5298\hotspot\src\share\vm\prims\jni.cpp, line 709]
Event: 81.972 Thread 0x0000000058812800 Exception <a 'sun/nio/fs/WindowsException'> (0x00000000ead3d3e8) thrown at [C:\re\workspace\8-2-build-windows-amd64-cygwin\jdk8u66\5298\hotspot\src\share\vm\prims\jni.cpp, line 709]
Event: 81.972 Thread 0x0000000058812800 Exception <a 'sun/nio/fs/WindowsException'> (0x00000000ead3ee48) thrown at [C:\re\workspace\8-2-build-windows-amd64-cygwin\jdk8u66\5298\hotspot\src\share\vm\prims\jni.cpp, line 709]
Event: 81.972 Thread 0x0000000058812800 Exception <a 'sun/nio/fs/WindowsException'> (0x00000000ead3f898) thrown at [C:\re\workspace\8-2-build-windows-amd64-cygwin\jdk8u66\5298\hotspot\src\share\vm\prims\jni.cpp, line 709]
Event: 82.001 Thread 0x0000000058812800 Exception <a 'java/lang/reflect/InvocationTargetException'> (0x00000000eaf93ab0) thrown at [C:\re\workspace\8-2-build-windows-amd64-cygwin\jdk8u66\5298\hotspot\src\share\vm\runtime\reflection.cpp, line 1092]
Event: 82.002 Thread 0x0000000058812800 Exception <a 'java/lang/reflect/InvocationTargetException'> (0x00000000eaf96ad0) thrown at [C:\re\workspace\8-2-build-windows-amd64-cygwin\jdk8u66\5298\hotspot\src\share\vm\runtime\reflection.cpp, line 1092]

Events (10 events):
Event: 84.382 Thread 0x00000000564b0800 flushing nmethod 0x0000000003fd5210
Event: 84.382 Thread 0x00000000564b0800 flushing nmethod 0x0000000003fdda10
Event: 84.383 Thread 0x00000000564a9800 flushing nmethod 0x00000000040bcf10
Event: 84.383 Thread 0x00000000564a9800 flushing nmethod 0x00000000040ce1d0
Event: 84.383 Thread 0x00000000564a9800 flushing nmethod 0x00000000040ee5d0
Event: 84.490 loading class org/gradle/internal/component/local/model/DefaultLocalComponentMetadata$1
Event: 84.490 loading class org/gradle/internal/component/local/model/DefaultLocalComponentMetadata$1 done
Event: 84.758 Thread 0x0000000058812800 Uncommon trap: trap_request=0xffffffc6 fr.pc=0x0000000004189a48
Event: 84.758 Thread 0x0000000058812800 DEOPT PACKING pc=0x0000000004189a48 sp=0x000000005a746e20
Event: 84.758 Thread 0x0000000058812800 DEOPT UNPACKING pc=0x00000000026f582a sp=0x000000005a746c78 mode 2


Dynamic libraries:
0x000000013f320000 - 0x000000013f357000 	D:\jdkjava\jdk1.8.0_31\bin\java.exe
0x0000000077950000 - 0x0000000077afa000 	C:\Windows\SYSTEM32\ntdll.dll
0x00000000776d0000 - 0x00000000777ef000 	C:\Windows\system32\kernel32.dll
0x000007fefdc80000 - 0x000007fefdcea000 	C:\Windows\system32\KERNELBASE.dll
0x000007feffaf0000 - 0x000007feffbcb000 	C:\Windows\system32\ADVAPI32.dll
0x000007feff680000 - 0x000007feff71f000 	C:\Windows\system32\msvcrt.dll
0x000007fefeee0000 - 0x000007fefeeff000 	C:\Windows\SYSTEM32\sechost.dll
0x000007feff450000 - 0x000007feff57d000 	C:\Windows\system32\RPCRT4.dll
0x0000000077270000 - 0x000000007736a000 	C:\Windows\system32\USER32.dll
0x000007feff3e0000 - 0x000007feff447000 	C:\Windows\system32\GDI32.dll
0x000007feff0d0000 - 0x000007feff0de000 	C:\Windows\system32\LPK.dll
0x000007feff980000 - 0x000007feffa4b000 	C:\Windows\system32\USP10.dll
0x000007fefc3c0000 - 0x000007fefc5b4000 	C:\Windows\WinSxS\amd64_microsoft.windows.common-controls_6595b64144ccf1df_6.0.7601.18837_none_fa3b1e3d17594757\COMCTL32.dll
0x000007feff720000 - 0x000007feff791000 	C:\Windows\system32\SHLWAPI.dll
0x000007fefeeb0000 - 0x000007fefeede000 	C:\Windows\system32\IMM32.DLL
0x000007fefe010000 - 0x000007fefe119000 	C:\Windows\system32\MSCTF.dll
0x0000000068aa0000 - 0x0000000068b72000 	D:\jdkjava\jdk1.8.0_31\jre\bin\msvcr100.dll
0x000000006f8b0000 - 0x0000000070139000 	D:\jdkjava\jdk1.8.0_31\jre\bin\server\jvm.dll
0x000007fef8fe0000 - 0x000007fef8fe9000 	C:\Windows\system32\WSOCK32.dll
0x000007fefef80000 - 0x000007fefefcd000 	C:\Windows\system32\WS2_32.dll
0x000007fefe000000 - 0x000007fefe008000 	C:\Windows\system32\NSI.dll
0x000007fefdcf0000 - 0x000007fefdd2b000 	C:\Windows\system32\WINMM.dll
0x000007fefccb0000 - 0x000007fefccbc000 	C:\Windows\system32\VERSION.dll
0x0000000077b10000 - 0x0000000077b17000 	C:\Windows\system32\PSAPI.DLL
0x0000000069290000 - 0x000000006929f000 	D:\jdkjava\jdk1.8.0_31\jre\bin\verify.dll
0x0000000068d80000 - 0x0000000068da9000 	D:\jdkjava\jdk1.8.0_31\jre\bin\java.dll
0x0000000068f40000 - 0x0000000068f56000 	D:\jdkjava\jdk1.8.0_31\jre\bin\zip.dll
0x000007fefe120000 - 0x000007fefeeaa000 	C:\Windows\system32\SHELL32.dll
0x000007feff1e0000 - 0x000007feff3dc000 	C:\Windows\system32\ole32.dll
0x000007fefdb90000 - 0x000007fefdb9f000 	C:\Windows\system32\profapi.dll
0x0000000068e90000 - 0x0000000068eaa000 	D:\jdkjava\jdk1.8.0_31\jre\bin\net.dll
0x000007fefd380000 - 0x000007fefd3d5000 	C:\Windows\system32\mswsock.dll
0x000007fefd370000 - 0x000007fefd377000 	C:\Windows\System32\wship6.dll
0x0000000068d60000 - 0x0000000068d71000 	D:\jdkjava\jdk1.8.0_31\jre\bin\nio.dll
0x000007fef63b0000 - 0x000007fef63ce000 	C:\Users\admin\.gradle\native\23\windows-amd64\native-platform.dll
0x000007fefd3e0000 - 0x000007fefd3f8000 	C:\Windows\system32\CRYPTSP.dll
0x000007fefd0e0000 - 0x000007fefd127000 	C:\Windows\system32\rsaenh.dll
0x000007fefce90000 - 0x000007fefceae000 	C:\Windows\system32\USERENV.dll
0x000007fefda80000 - 0x000007fefda8f000 	C:\Windows\system32\CRYPTBASE.dll
0x000007fefb3e0000 - 0x000007fefb407000 	C:\Windows\system32\IPHLPAPI.DLL
0x000007fefb3c0000 - 0x000007fefb3cb000 	C:\Windows\system32\WINNSI.DLL
0x000007fefb1e0000 - 0x000007fefb1f1000 	C:\Windows\system32\dhcpcsvc6.DLL
0x000007fefb1c0000 - 0x000007fefb1d8000 	C:\Windows\system32\dhcpcsvc.DLL
0x0000000069280000 - 0x000000006928d000 	D:\jdkjava\jdk1.8.0_31\jre\bin\management.dll
0x000007fefda20000 - 0x000007fefda77000 	C:\Windows\system32\apphelp.dll
0x0000000061c50000 - 0x0000000061c74000 	D:\jdkjava\jdk1.8.0_31\jre\bin\sunec.dll
0x000007fefcd80000 - 0x000007fefcd87000 	C:\Windows\System32\wshtcpip.dll
0x000007fefd200000 - 0x000007fefd25b000 	C:\Windows\system32\DNSAPI.dll
0x000007fef4780000 - 0x000007fef4788000 	C:\Windows\system32\rasadhlp.dll
0x000007fefb210000 - 0x000007fefb263000 	C:\Windows\System32\fwpuclnt.dll
0x000007fefb890000 - 0x000007fefb8a5000 	C:\Windows\system32\NLAapi.dll
0x000007feee900000 - 0x000007feee915000 	C:\Windows\system32\napinsp.dll
0x000007feee8e0000 - 0x000007feee8f9000 	C:\Windows\system32\pnrpnsp.dll
0x000007feee8d0000 - 0x000007feee8db000 	C:\Windows\System32\winrnr.dll

VM Arguments:
jvm_args: -XX:MaxPermSize=256m -XX:+HeapDumpOnOutOfMemoryError -Xmx1024m -Dfile.encoding=GBK -Duser.country=CN -Duser.language=zh -Duser.variant 
java_command: org.gradle.launcher.daemon.bootstrap.GradleDaemon 3.3
java_class_path (initial): C:\Users\admin\.gradle\wrapper\dists\gradle-3.3-all\55gk2rcmfc6p2dg9u9ohc3hw9\gradle-3.3\lib\gradle-launcher-3.3.jar
Launcher Type: SUN_STANDARD

Environment Variables:
JAVA_HOME=D:\jdkjava\jdk1.8.0_31
CLASSPATH=.;D:\jdkjava\jdk1.8.0_31\lib\tools.jar;D:\jdkjava\jdk1.8.0_31\lib\dt.jar
PATH=E:\ffmpeg\bin;D:\jdkjava\jdk1.8.0_31\bin;C:\Python27\Scripts;C:\Python27;E:\Android\sdk\platform-tools;C:\Program Files (x86)\Git\cmd;D:\sdk\platform-tools;C:\ProgramData\Oracle\Java\javapath;D:\jdkjava\jdk1.8.0_31\bin;C:\Program Files (x86)\NVIDIA Corporation\PhysX\Common;C:\Windows\system32;C:\Windows;C:\Windows\System32\Wbem;C:\Windows\System32\WindowsPowerShell\v1.0\;C:\Program Files (x86)\Common Files\microsoft shared\TigerKin;C:\Program Files (x86)\Git\cmd;D:\Program Files\nodejs\;C:\Program Files\PuTTY\;C:\Program Files\TortoiseSVN\bin;C:\Users\admin\AppData\Roaming\npm;C:\Program Files (x86)\SSH Communications Security\SSH Secure Shell;C:\Users\admin\AppData\Local\Programs\Fiddler
USERNAME=admin
OS=Windows_NT
PROCESSOR_IDENTIFIER=Intel64 Family 6 Model 60 Stepping 3, GenuineIntel



---------------  S Y S T E M  ---------------

OS: Windows 7 , 64 bit Build 7601 (6.1.7601.23915)

CPU:total 4 (4 cores per cpu, 1 threads per core) family 6 model 60 stepping 3, cmov, cx8, fxsr, mmx, sse, sse2, sse3, ssse3, sse4.1, sse4.2, popcnt, avx, avx2, aes, clmul, erms, rtm, lzcnt, tsc, tscinvbit, bmi1, bmi2

Memory: 4k page, physical 8286452k(541688k free), swap 9333168k(5128k free)

vm_info: Java HotSpot(TM) 64-Bit Server VM (25.66-b18) for windows-amd64 JRE (1.8.0_66-b18), built on Nov  9 2015 10:51:13 by "java_re" with MS VC++ 10.0 (VS2010)

time: Fri Dec 15 19:50:42 2017
elapsed time: 84 seconds (0d 0h 1m 24s)

