JvmtiExport can_access_local_variables 0
JvmtiExport can_hotswap_or_post_breakpoint 0
JvmtiExport can_post_on_exceptions 0
# 825 ciObject found
instanceKlass org/gradle/internal/component/local/model/DefaultLocalComponentMetadata$1
instanceKlass org/gradle/internal/metaobject/BeanDynamicObject$1
instanceKlass org/gradle/execution/taskpath/ResolvedTaskPath
instanceKlass org/gradle/util/NameMatcher
instanceKlass org/gradle/execution/DefaultBuildConfigurationActionExecuter$1
instanceKlass org/gradle/initialization/DefaultGradleLauncher$2
instanceKlass org/gradle/internal/DefaultTaskExecutionRequest
instanceKlass org/gradle/internal/remote/internal/inet/SocketConnection$1
instanceKlass com/google/protobuf/SmallSortedMap$EntryIterator
instanceKlass com/google/protobuf/GeneratedMessageV3$ExtendableMessage$ExtensionWriter
instanceKlass org/gradle/cache/internal/DefaultMultiProcessSafePersistentIndexedCache$4
instanceKlass com/android/tools/analytics/JournalingUsageTracker$1
instanceKlass com/google/protobuf/ByteString$CodedBuilder
instanceKlass com/google/wireless/android/play/playlog/proto/ClientAnalytics$LogEventKeyValuesOrBuilder
instanceKlass com/google/protobuf/ByteString$ArraysByteArrayCopier
instanceKlass com/google/protobuf/CodedInputStream
instanceKlass com/google/protobuf/Internal
instanceKlass com/google/protobuf/ByteString$ByteIterator
instanceKlass com/google/protobuf/ByteString$ByteArrayCopier
instanceKlass com/google/protobuf/ByteString
instanceKlass com/google/protobuf/SmallSortedMap$EmptySet$2
instanceKlass com/google/protobuf/SmallSortedMap$EmptySet$1
instanceKlass com/google/protobuf/SmallSortedMap$EmptySet
instanceKlass com/google/protobuf/LazyFieldLite
instanceKlass com/google/protobuf/FieldSet
instanceKlass com/google/wireless/android/play/playlog/proto/ClientAnalytics$ExperimentIdsOrBuilder
instanceKlass com/google/wireless/android/play/playlog/proto/ClientAnalytics$AppUsage1pLogEventOrBuilder
instanceKlass com/google/wireless/android/play/playlog/proto/ClientAnalytics$NetworkConnectionInfoOrBuilder
instanceKlass com/google/wireless/android/play/playlog/proto/ClientAnalytics$ActiveExperimentsOrBuilder
instanceKlass com/google/wireless/android/play/playlog/proto/ClientAnalytics$LogEventOrBuilder
instanceKlass com/google/protobuf/GeneratedMessageV3$ExtendableMessageOrBuilder
instanceKlass com/google/wireless/android/sdk/stats/AndroidStudioEvent$EventKind$1
instanceKlass com/google/wireless/android/sdk/stats/AndroidStudioEvent$EventCategory$1
instanceKlass com/google/wireless/android/sdk/stats/EmulatorPerformanceStatsOrBuilder
instanceKlass com/google/wireless/android/sdk/stats/AppLinksAssistantEventOrBuilder
instanceKlass com/google/wireless/android/sdk/stats/FirebaseContextDetailsOrBuilder
instanceKlass com/google/wireless/android/sdk/stats/StudioPerformanceStatsOrBuilder
instanceKlass com/google/wireless/android/sdk/stats/LayoutEditorEventOrBuilder
instanceKlass com/google/wireless/android/sdk/stats/StudioProjectChangeOrBuilder
instanceKlass com/google/wireless/android/sdk/stats/LldbPerformanceStatsOrBuilder
instanceKlass com/google/wireless/android/sdk/stats/JvmDetailsOrBuilder
instanceKlass com/google/wireless/android/sdk/stats/MachineDetailsOrBuilder
instanceKlass com/google/wireless/android/sdk/stats/UIActionStatsOrBuilder
instanceKlass com/google/wireless/android/sdk/stats/TestRecorderDetailsOrBuilder
instanceKlass com/google/wireless/android/sdk/stats/GfxTracingDetailsOrBuilder
instanceKlass com/google/wireless/android/sdk/stats/FirebaseErrorDetailsOrBuilder
instanceKlass com/google/wireless/android/sdk/stats/LLDBFrontendDetailsOrBuilder
instanceKlass com/google/wireless/android/sdk/stats/EmulatorHostOrBuilder
instanceKlass com/google/wireless/android/sdk/stats/HypervisorOrBuilder
instanceKlass com/google/wireless/android/sdk/stats/EmulatorUiEventOrBuilder
instanceKlass com/google/wireless/android/sdk/stats/TestRunOrBuilder
instanceKlass com/google/wireless/android/sdk/stats/EmulatorDetailsOrBuilder
instanceKlass com/google/wireless/android/sdk/stats/MetaMetricsOrBuilder
instanceKlass com/google/wireless/android/sdk/stats/InstantRunOrBuilder
instanceKlass com/google/wireless/android/sdk/stats/GradleBuildDetailsOrBuilder
instanceKlass com/google/wireless/android/sdk/stats/StudioCrashOrBuilder
instanceKlass com/google/wireless/android/sdk/stats/DeviceInfoOrBuilder
instanceKlass com/google/wireless/android/sdk/stats/ProductDetailsOrBuilder
instanceKlass com/google/wireless/android/sdk/stats/AndroidStudioEventOrBuilder
instanceKlass com/google/protobuf/Utf8$Processor
instanceKlass com/google/protobuf/Utf8
instanceKlass com/google/protobuf/WireFormat
instanceKlass com/google/protobuf/UnsafeUtil$1
instanceKlass com/google/protobuf/UnsafeUtil
instanceKlass com/google/protobuf/ByteOutput
instanceKlass com/google/common/cache/LocalCache$WriteThroughEntry
instanceKlass com/google/common/cache/LocalCache$HashIterator
instanceKlass org/apache/tools/ant/IntrospectionHelper$AttributeSetter
instanceKlass org/apache/tools/ant/IntrospectionHelper$NestedCreator
instanceKlass org/apache/tools/ant/IntrospectionHelper
instanceKlass com/android/dx/rop/code/RegisterSpec
instanceKlass com/android/dx/rop/type/TypeBearer
instanceKlass com/android/dx/util/ToHuman
instanceKlass com/android/dx/rop/type/Prototype
instanceKlass com/android/dx/cf/direct/ClassPathOpener$Consumer
instanceKlass com/android/dx/cf/direct/ClassPathOpener$FileNameFilter
instanceKlass com/android/dx/cf/direct/AttributeFactory
instanceKlass com/android/dx/command/dexer/Main
instanceKlass com/android/builder/internal/compiler/PreProcessCache$Key
instanceKlass com/android/builder/internal/compiler/PreProcessCache$BaseItem
instanceKlass com/android/builder/internal/compiler/PreProcessCache
instanceKlass com/android/build/gradle/BasePlugin$1$$Lambda$284
instanceKlass com/android/ide/common/util/JvmWideVariable$$Lambda$283
instanceKlass com/android/ide/common/util/JvmWideVariable$$Lambda$282
instanceKlass com/android/ide/common/internal/ExecutorSingleton$$Lambda$281
instanceKlass java/lang/invoke/LambdaForm$DMH
instanceKlass com/android/ide/common/util/JvmWideVariable$ValueWrapper
instanceKlass com/android/ide/common/util/JvmWideVariable$ValueWrapperMBean
instanceKlass com/google/common/reflect/TypeCapture
instanceKlass com/android/ide/common/util/JvmWideVariable
instanceKlass com/android/ide/common/internal/ExecutorSingleton
instanceKlass com/google/common/collect/ImmutableSet$SerializedForm
instanceKlass com/google/common/collect/ImmutableList$SerializedForm
instanceKlass com/google/common/collect/ImmutableMap$SerializedForm
instanceKlass org/gradle/tooling/internal/provider/serialization/WellKnownClassLoaderRegistry$1
instanceKlass org/gradle/tooling/internal/provider/serialization/DefaultPayloadClassLoaderRegistry$1
instanceKlass org/gradle/tooling/internal/provider/BuildActionResult
instanceKlass com/android/builder/model/level2/Library
instanceKlass com/android/build/gradle/internal/ide/level2/GlobalLibraryMapImpl
instanceKlass com/android/builder/model/NativeSettings
instanceKlass com/android/builder/model/NativeArtifact
instanceKlass com/android/build/gradle/internal/ide/NativeModelBuilder$NativeAndroidProjectBuilder
instanceKlass com/android/builder/model/NativeToolchain
instanceKlass com/android/builder/model/ArtifactMetaData
instanceKlass com/android/builder/model/SyncIssue
instanceKlass com/android/builder/model/BuildType
instanceKlass com/android/builder/model/BuildTypeContainer
instanceKlass com/android/builder/model/SourceProviderContainer
instanceKlass com/android/builder/model/JavaArtifact
instanceKlass com/android/builder/model/SigningConfig
instanceKlass com/android/builder/model/VectorDrawablesOptions
instanceKlass com/android/builder/model/ApiVersion
instanceKlass com/android/builder/model/ClassField
instanceKlass com/android/build/FilterData
instanceKlass com/android/builder/model/AndroidArtifactOutput
instanceKlass com/android/build/OutputFile
instanceKlass com/android/build/VariantOutput
instanceKlass com/android/builder/model/NativeLibrary
instanceKlass com/android/builder/model/InstantRun
instanceKlass com/android/builder/model/TestOptions
instanceKlass com/android/builder/model/level2/GraphItem
instanceKlass com/android/builder/model/JavaLibrary
instanceKlass com/android/builder/model/MavenCoordinates
instanceKlass com/android/builder/model/AndroidLibrary
instanceKlass com/android/builder/model/AndroidBundle
instanceKlass com/android/builder/model/Library
instanceKlass com/android/builder/model/level2/DependencyGraphs
instanceKlass com/android/builder/model/SourceProvider
instanceKlass com/android/builder/model/Dependencies
instanceKlass com/android/builder/model/TestedTargetVariant
instanceKlass com/android/builder/model/ProductFlavor
instanceKlass com/android/builder/model/DimensionAware
instanceKlass com/android/builder/model/BaseConfig
instanceKlass com/android/builder/model/AndroidArtifact
instanceKlass com/android/builder/model/BaseArtifact
instanceKlass com/android/builder/model/Variant
instanceKlass com/android/builder/model/JavaCompileOptions
instanceKlass com/android/builder/model/LintOptions
instanceKlass com/android/builder/model/AaptOptions
instanceKlass com/android/builder/model/ProductFlavorContainer
instanceKlass com/android/build/gradle/internal/ide/DefaultJavaCompileOptions
instanceKlass com/android/build/gradle/internal/ide/ModelBuilder$$Lambda$280
instanceKlass com/android/build/gradle/internal/ide/ModelBuilder$$Lambda$279
instanceKlass com/android/build/gradle/internal/ide/ModelBuilder$$Lambda$278
instanceKlass com/android/build/gradle/internal/ide/SigningConfigImpl
instanceKlass com/android/builder/model/JavaCompileOptions
instanceKlass com/android/build/gradle/internal/ide/DefaultAndroidProject
instanceKlass com/android/build/gradle/internal/ide/ModelBuilder$$Lambda$277
instanceKlass com/android/build/gradle/internal/ide/VariantImpl
instanceKlass com/android/build/gradle/internal/ide/ModelBuilder$1
instanceKlass com/android/build/gradle/internal/ide/ModelBuilder$$Lambda$276
instanceKlass com/android/builder/model/JavaArtifact
instanceKlass org/gradle/api/internal/project/taskfactory/TaskPropertyInfo$5
instanceKlass org/gradle/api/internal/project/taskfactory/TaskPropertyInfo$4
instanceKlass org/gradle/api/internal/tasks/DefaultTaskOutputs$5
instanceKlass org/gradle/api/internal/tasks/TaskPropertyUtils
instanceKlass com/android/build/gradle/internal/ide/BaseArtifactImpl
instanceKlass com/android/build/gradle/internal/ide/DependenciesConverter$$Lambda$275
instanceKlass com/android/build/gradle/internal/dependency/DependencyContainerImpl$$Lambda$274
instanceKlass com/android/build/gradle/internal/dependency/DependencyContainerImpl$$Lambda$273
instanceKlass com/android/build/gradle/internal/dependency/DependencyContainerImpl$$Lambda$272
instanceKlass com/android/ide/common/caching/CreatingCache$1
instanceKlass com/android/ide/common/caching/CreatingCache$ValueState
instanceKlass com/android/build/gradle/internal/ide/DependenciesConverter$1
instanceKlass com/android/build/gradle/internal/ide/DependenciesConverter$$Lambda$271
instanceKlass com/android/build/gradle/internal/ide/DependenciesConverter$$Lambda$270
instanceKlass com/android/build/gradle/internal/ide/DependenciesConverter$DependencyItemFactory
instanceKlass com/android/build/gradle/internal/incremental/BuildInfoWriterTask$ConfigAction
instanceKlass com/android/build/gradle/internal/ide/InstantRunImpl
instanceKlass com/android/build/gradle/internal/ide/AndroidArtifactOutputImpl
instanceKlass com/android/builder/model/AndroidArtifactOutput
instanceKlass com/android/build/gradle/internal/ide/OutputFileImpl
instanceKlass com/android/build/gradle/internal/ide/ModelBuilder$SourceProviders
instanceKlass com/android/build/gradle/internal/ide/BuildTypeContainerImpl
instanceKlass com/android/builder/model/BuildTypeContainer
instanceKlass com/android/build/gradle/internal/ide/ApiVersionImpl
instanceKlass com/android/build/gradle/internal/ide/BaseConfigImpl
instanceKlass com/android/build/gradle/internal/ide/SourceProviderImpl
instanceKlass com/android/build/gradle/internal/ide/SourceProviderContainerImpl$$Lambda$269
instanceKlass com/android/build/gradle/internal/ide/SourceProviderContainerImpl
instanceKlass com/android/builder/model/SourceProviderContainer
instanceKlass com/android/build/gradle/internal/ide/ProductFlavorContainerImpl
instanceKlass com/android/builder/model/ProductFlavorContainer
instanceKlass com/android/build/gradle/internal/ide/NativeToolchainImpl
instanceKlass com/android/builder/model/NativeToolchain
instanceKlass com/android/build/gradle/internal/ide/AaptOptionsImpl
instanceKlass com/android/build/gradle/internal/ide/ArtifactMetaDataImpl
instanceKlass com/android/builder/model/ArtifactMetaData
instanceKlass com/android/builder/model/NativeAndroidProject
instanceKlass com/android/builder/model/level2/GlobalLibraryMap
instanceKlass java/lang/reflect/WeakCache$LookupValue
instanceKlass org/gradle/tooling/internal/gradle/DefaultGradleBuild
instanceKlass org/jetbrains/plugins/gradle/model/ExtIdeaContentRoot
instanceKlass org/jetbrains/plugins/gradle/tooling/internal/IdeaContentRootImpl
instanceKlass org/jetbrains/plugins/gradle/model/ExtIdeaContentRoot
instanceKlass org/gradle/tooling/model/idea/IdeaContentRoot
instanceKlass org/jetbrains/plugins/gradle/tooling/internal/IdeaCompilerOutputImpl
instanceKlass org/jetbrains/plugins/gradle/tooling/internal/ModuleExtendedModelImpl
instanceKlass org/jetbrains/plugins/gradle/model/ClasspathEntryModel
instanceKlass org/jetbrains/plugins/gradle/model/FileCollectionDependency
instanceKlass org/jetbrains/plugins/gradle/model/ExternalMultiLibraryDependency
instanceKlass org/jetbrains/plugins/gradle/tooling/internal/ClasspathEntryModelImpl
instanceKlass org/jetbrains/plugins/gradle/tooling/util/DependencyTraverser$Itr
instanceKlass org/jetbrains/plugins/gradle/tooling/util/DependencyTraverser
instanceKlass com/google/common/base/Objects
instanceKlass org/jetbrains/plugins/gradle/DefaultExternalDependencyId
instanceKlass org/jetbrains/plugins/gradle/ExternalDependencyId
instanceKlass org/jetbrains/plugins/gradle/model/AbstractExternalDependency
instanceKlass com/google/common/collect/AbstractMapBasedMultimap$WrappedCollection$WrappedIterator
instanceKlass org/gradle/api/internal/artifacts/ivyservice/resolveengine/result/VersionSelectionReasons$1
instanceKlass com/google/common/base/Function
instanceKlass org/jetbrains/plugins/gradle/tooling/util/DependencyResolverImpl$DependencyResultsTransformer
instanceKlass com/google/common/collect/AbstractMapBasedMultimap$Itr
instanceKlass com/google/common/collect/AbstractMultimap$1
instanceKlass org/gradle/api/specs/internal/ClosureSpec
instanceKlass org/codehaus/groovy/runtime/metaclass/ClosureMetaClass$NormalMethodChooser
instanceKlass org/jetbrains/plugins/gradle/tooling/util/ModuleComponentIdentifierImpl
instanceKlass com/google/common/collect/Multiset
instanceKlass org/gradle/api/internal/artifacts/ivyservice/ErrorHandlingConfigurationResolver$1
instanceKlass groovy/lang/PropertyValue
instanceKlass sun/reflect/generics/tree/LongSignature
instanceKlass sun/reflect/generics/tree/CharSignature
instanceKlass sun/reflect/generics/tree/ShortSignature
instanceKlass sun/reflect/generics/tree/FloatSignature
instanceKlass sun/reflect/generics/tree/DoubleSignature
instanceKlass com/google/common/collect/AbstractMultimap
instanceKlass com/google/common/collect/ListMultimap
instanceKlass com/google/common/collect/Multimap
instanceKlass org/jetbrains/plugins/gradle/model/ExternalLibraryDependency
instanceKlass org/jetbrains/plugins/gradle/tooling/util/DependencyResolverImpl
instanceKlass org/jetbrains/plugins/gradle/tooling/util/DependencyResolver
instanceKlass org/jetbrains/plugins/gradle/tooling/internal/BuildScriptClasspathModelImpl
instanceKlass org/jetbrains/plugins/gradle/ExternalDependencyId
instanceKlass org/jetbrains/plugins/gradle/model/ExternalFilter
instanceKlass org/jetbrains/plugins/gradle/model/ExternalSourceDirectorySet
instanceKlass com/intellij/openapi/externalSystem/model/project/IExternalSystemSourceType
instanceKlass org/jetbrains/plugins/gradle/model/ExternalSourceSet
instanceKlass org/jetbrains/plugins/gradle/model/ExternalPlugin
instanceKlass org/jetbrains/plugins/gradle/model/DefaultExternalPlugin
instanceKlass java/lang/invoke/SerializedLambda
instanceKlass java/util/TreeMap$TreeMapSpliterator
instanceKlass com/android/build/api/transform/TransformInvocation
instanceKlass org/gradle/api/internal/tasks/testing/detection/TestFrameworkDetector
instanceKlass org/gradle/api/internal/tasks/testing/WorkerTestClassProcessorFactory
instanceKlass org/gradle/api/file/FileCopyDetails
instanceKlass groovy/util/Node
instanceKlass org/jetbrains/plugins/gradle/model/DefaultExternalTask
instanceKlass org/gradle/api/tasks/SourceSetOutput
instanceKlass org/codehaus/groovy/runtime/metaclass/ClosureMetaClass$6
instanceKlass org/jetbrains/plugins/gradle/model/GradleConfiguration
instanceKlass org/jetbrains/plugins/gradle/model/ExternalTask
instanceKlass org/jetbrains/plugins/gradle/model/GradleExtension
instanceKlass org/jetbrains/plugins/gradle/model/GradleProperty
instanceKlass org/codehaus/groovy/runtime/typehandling/ShortTypeHandling
instanceKlass org/jetbrains/plugins/gradle/model/DefaultGradleProperty
instanceKlass org/jetbrains/plugins/gradle/model/GradleExtension
instanceKlass org/jetbrains/plugins/gradle/model/GradleProperty
instanceKlass org/codehaus/groovy/runtime/typehandling/NumberMathModificationInfo
instanceKlass org/codehaus/groovy/runtime/metaclass/ClosureMetaClass$4
instanceKlass org/jetbrains/plugins/gradle/model/DefaultGradleConfiguration
instanceKlass org/jetbrains/plugins/gradle/model/GradleConfiguration
instanceKlass org/jetbrains/plugins/gradle/model/DefaultGradleExtensions
instanceKlass org/jetbrains/kotlin/android/synthetic/idea/AndroidExtensionsGradleModelImpl
instanceKlass org/gradle/tooling/model/internal/Exceptions
instanceKlass org/jetbrains/kotlin/gradle/ArgsInfo
instanceKlass org/jetbrains/kotlin/gradle/KotlinGradleModelImpl
instanceKlass kotlin/collections/EmptySet
instanceKlass org/gradle/api/internal/project/DefaultProject$4
instanceKlass org/jetbrains/plugins/gradle/tooling/util/VersionMatcher
instanceKlass org/jetbrains/plugins/gradle/tooling/annotation/TargetVersions
instanceKlass org/gradle/tooling/model/build/JavaEnvironment
instanceKlass org/gradle/tooling/model/build/GradleEnvironment
instanceKlass org/gradle/tooling/model/build/GradleEnvironment
instanceKlass org/gradle/tooling/model/build/JavaEnvironment
instanceKlass org/gradle/tooling/internal/build/DefaultBuildEnvironment
instanceKlass org/gradle/process/internal/CurrentProcess
instanceKlass org/gradle/tooling/internal/adapter/ProtocolToModelAdapter$BeanMixInMethodInvoker
instanceKlass com/google/common/base/Preconditions
instanceKlass com/google/common/base/Optional
instanceKlass org/gradle/tooling/internal/adapter/ProtocolToModelAdapter$MethodInvocationCache$MethodInvocationKey
instanceKlass org/gradle/tooling/internal/adapter/MethodInvocation
instanceKlass org/gradle/tooling/internal/adapter/ProtocolToModelAdapter$AdaptingMethodInvoker
instanceKlass org/gradle/tooling/internal/adapter/ProtocolToModelAdapter$PropertyCachingMethodInvoker
instanceKlass org/gradle/tooling/internal/adapter/ProtocolToModelAdapter$SafeMethodInvoker
instanceKlass org/gradle/tooling/internal/adapter/ProtocolToModelAdapter$SupportedPropertyInvoker
instanceKlass org/gradle/tooling/internal/adapter/ProtocolToModelAdapter$ChainedMethodInvoker
instanceKlass org/gradle/tooling/internal/adapter/ProtocolToModelAdapter$ClassMixInMethodInvoker
instanceKlass org/gradle/tooling/internal/adapter/ProtocolToModelAdapter$InvocationHandlerImpl
instanceKlass org/gradle/tooling/internal/adapter/ProtocolToModelAdapter$ViewKey
instanceKlass org/gradle/tooling/model/java/InstalledJdk
instanceKlass org/gradle/tooling/model/idea/IdeaSourceDirectory
instanceKlass org/gradle/tooling/model/SourceDirectory
instanceKlass org/gradle/tooling/model/idea/IdeaContentRoot
instanceKlass org/gradle/tooling/model/idea/IdeaDependencyScope
instanceKlass org/gradle/tooling/model/idea/IdeaCompilerOutput
instanceKlass org/gradle/tooling/model/gradle/GradleScript
instanceKlass org/gradle/tooling/model/BuildIdentifier
instanceKlass org/gradle/tooling/model/ProjectIdentifier
instanceKlass org/gradle/tooling/model/idea/IdeaLanguageLevel
instanceKlass org/gradle/tooling/model/idea/IdeaJavaLanguageSettings
instanceKlass org/gradle/tooling/internal/adapter/ProtocolToModelAdapter$MixInMappingAction
instanceKlass org/gradle/tooling/internal/consumer/converters/IncludedBuildsMixin
instanceKlass org/gradle/tooling/internal/consumer/converters/IdeaModuleDependencyTargetNameMixin
instanceKlass org/gradle/tooling/internal/consumer/converters/IdeaProjectJavaLanguageSettingsMixin
instanceKlass org/gradle/tooling/internal/consumer/converters/TaskDisplayNameMixin
instanceKlass org/gradle/tooling/model/GradleTask
instanceKlass org/gradle/tooling/model/Task
instanceKlass org/gradle/tooling/model/Launchable
instanceKlass org/gradle/tooling/internal/consumer/converters/FixedBuildIdentifierProvider
instanceKlass org/gradle/tooling/internal/consumer/converters/BasicGradleProjectIdentifierMixin
instanceKlass org/gradle/tooling/model/gradle/BasicGradleProject
instanceKlass org/gradle/tooling/internal/adapter/ProtocolToModelAdapter$TypeSpecificMappingAction
instanceKlass org/gradle/tooling/internal/consumer/converters/GradleProjectIdentifierMixin
instanceKlass org/gradle/tooling/internal/gradle/DefaultBuildIdentifier
instanceKlass org/gradle/tooling/internal/gradle/DefaultProjectIdentifier
instanceKlass org/gradle/tooling/internal/gradle/GradleProjectIdentity
instanceKlass org/gradle/tooling/internal/gradle/GradleBuildIdentity
instanceKlass org/gradle/tooling/internal/adapter/ProtocolToModelAdapter$DefaultViewBuilder
instanceKlass org/gradle/tooling/internal/provider/connection/ProviderBuildResult
instanceKlass org/gradle/api/internal/artifacts/ivyservice/ShortCircuitEmptyConfigurationResolver$EmptyResolvedConfiguration$1
instanceKlass org/gradle/plugins/ide/idea/model/internal/IdeaDependenciesProvider$5
instanceKlass org/gradle/plugins/ide/idea/model/internal/IdeaDependenciesProvider$4
instanceKlass org/gradle/api/artifacts/result/UnresolvedDependencyResult
instanceKlass org/gradle/api/internal/artifacts/result/DefaultArtifactResolutionResult
instanceKlass org/gradle/api/internal/artifacts/result/DefaultResolvedArtifactResult
instanceKlass org/gradle/api/artifacts/result/ResolvedArtifactResult
instanceKlass org/gradle/api/internal/artifacts/result/DefaultComponentArtifactsResult
instanceKlass org/gradle/api/artifacts/result/ArtifactResolutionResult
instanceKlass org/gradle/api/internal/artifacts/query/DefaultArtifactResolutionQuery$1
instanceKlass com/google/common/collect/AbstractMapBasedMultimap$KeySet$1
instanceKlass org/gradle/api/artifacts/result/ArtifactResult
instanceKlass org/gradle/api/artifacts/result/ComponentArtifactsResult
instanceKlass org/gradle/api/artifacts/result/ComponentResult
instanceKlass org/gradle/api/internal/artifacts/query/DefaultArtifactResolutionQuery
instanceKlass org/gradle/plugins/ide/internal/resolver/model/IdeExtendedRepoFileDependency$FileNameComparator
instanceKlass org/gradle/api/internal/artifacts/ivyservice/DefaultLenientConfiguration$IgnoreMissingExternalArtifacts
instanceKlass org/gradle/api/internal/artifacts/ivyservice/DefaultLenientConfiguration$2
instanceKlass org/gradle/plugins/ide/internal/resolver/DefaultIdeDependencyResolver$2
instanceKlass org/gradle/plugins/ide/internal/resolver/model/IdeDependencyKey
instanceKlass org/gradle/plugins/ide/idea/model/Dependency
instanceKlass org/gradle/plugins/ide/idea/model/internal/IdeaDependenciesProvider$3
instanceKlass org/gradle/plugins/ide/internal/resolver/model/IdeDependency
instanceKlass org/gradle/plugins/ide/internal/resolver/DefaultIdeDependencyResolver$1
instanceKlass org/gradle/plugins/ide/idea/model/internal/IdeaDependenciesProvider$9
instanceKlass org/gradle/plugins/ide/idea/model/internal/IdeaDependenciesProvider$8
instanceKlass org/gradle/plugins/ide/idea/model/internal/IdeaDependenciesProvider$1
instanceKlass org/gradle/plugins/ide/idea/model/internal/IdeaDependenciesProvider$2
instanceKlass org/gradle/plugins/ide/internal/resolver/UnresolvedDependenciesLogger
instanceKlass org/gradle/plugins/ide/idea/model/internal/ModuleDependencyBuilder
instanceKlass org/gradle/plugins/ide/idea/model/internal/IdeaScopeMappingRule
instanceKlass org/gradle/plugins/ide/internal/resolver/DefaultIdeDependencyResolver
instanceKlass org/gradle/plugins/ide/internal/resolver/IdeDependencyResolver
instanceKlass org/gradle/plugins/ide/internal/IdeDependenciesExtractor
instanceKlass org/gradle/plugins/ide/internal/resolver/model/IdeDependencyKey$DependencyBuilder
instanceKlass org/gradle/plugins/ide/idea/model/internal/IdeaDependenciesProvider
instanceKlass org/gradle/plugins/ide/internal/tooling/idea/DefaultIdeaCompilerOutput
instanceKlass org/gradle/plugins/ide/internal/tooling/idea/DefaultIdeaModule
instanceKlass org/gradle/plugins/ide/internal/tooling/idea/DefaultIdeaContentRoot
instanceKlass org/gradle/plugins/ide/idea/IdeaPlugin$9$2
instanceKlass org/gradle/plugins/ide/idea/IdeaPlugin$9$1
instanceKlass org/gradle/plugins/ide/internal/tooling/java/DefaultInstalledJdk
instanceKlass org/gradle/plugins/ide/internal/tooling/idea/DefaultIdeaJavaLanguageSettings
instanceKlass org/gradle/plugins/ide/internal/tooling/idea/DefaultIdeaLanguageLevel
instanceKlass org/gradle/plugins/ide/internal/tooling/idea/DefaultIdeaProject
instanceKlass org/gradle/util/DistributionLocator
instanceKlass org/gradle/buildinit/tasks/internal/TaskConfiguration$3
instanceKlass org/gradle/api/internal/AbstractTask$5
instanceKlass org/gradle/buildinit/tasks/internal/TaskConfiguration$2
instanceKlass org/gradle/buildinit/tasks/internal/TaskConfiguration$1
instanceKlass org/gradle/api/tasks/diagnostics/internal/TaskReportModel
instanceKlass org/gradle/internal/graph/GraphRenderer
instanceKlass org/gradle/api/plugins/HelpTasksPlugin$Rules$1
instanceKlass org/gradle/language/base/plugins/LifecycleBasePlugin$1$1
instanceKlass org/gradle/api/tasks/diagnostics/BuildEnvironmentReportTask$1
instanceKlass org/gradle/api/tasks/diagnostics/internal/graph/NodeRenderer
instanceKlass org/gradle/api/tasks/diagnostics/internal/graph/nodes/RenderableDependency
instanceKlass org/gradle/api/tasks/diagnostics/internal/DependencyReportRenderer
instanceKlass com/google/common/base/Strings
instanceKlass org/gradle/api/internal/tasks/PublicTaskSpecification
instanceKlass org/gradle/plugins/ide/internal/tooling/ToolingModelBuilderSupport
instanceKlass org/gradle/tooling/internal/gradle/DefaultBuildIdentifier
instanceKlass org/gradle/tooling/internal/gradle/DefaultProjectIdentifier
instanceKlass org/gradle/tooling/internal/gradle/DefaultGradleScript
instanceKlass org/gradle/tooling/model/gradle/GradleScript
instanceKlass org/gradle/tooling/internal/gradle/DefaultGradleProject
instanceKlass org/gradle/plugins/ide/idea/IdeaPlugin$5
instanceKlass org/gradle/plugins/ide/internal/configurer/HierarchicalElementDeduplicator$StatefulDeduplicator$1
instanceKlass org/gradle/plugins/ide/internal/configurer/HierarchicalElementDeduplicator$StatefulDeduplicator
instanceKlass org/gradle/plugins/ide/idea/internal/IdeaNameDeduper$IdeaDeduplicationAdapter
instanceKlass org/gradle/plugins/ide/internal/configurer/HierarchicalElementDeduplicator
instanceKlass org/gradle/plugins/ide/idea/internal/IdeaNameDeduper$2
instanceKlass org/gradle/plugins/ide/idea/internal/IdeaNameDeduper$1
instanceKlass org/gradle/plugins/ide/internal/configurer/NameDeduplicationAdapter
instanceKlass org/gradle/plugins/ide/idea/internal/IdeaNameDeduper
instanceKlass org/gradle/plugins/ide/idea/IdeaPlugin$4
instanceKlass org/gradle/plugins/ide/idea/internal/IdeaScalaConfigurer
instanceKlass org/gradle/plugins/ide/idea/IdeaPlugin$20
instanceKlass org/gradle/language/scala/plugins/ScalaLanguagePlugin
instanceKlass org/gradle/plugins/ide/idea/IdeaPlugin$19
instanceKlass org/gradle/api/plugins/scala/ScalaBasePlugin
instanceKlass org/gradle/plugins/ide/idea/IdeaPlugin$17
instanceKlass org/gradle/plugins/ide/idea/IdeaPlugin$16
instanceKlass org/gradle/plugins/ide/idea/IdeaPlugin$15
instanceKlass org/gradle/plugins/ide/idea/IdeaPlugin$14
instanceKlass org/gradle/plugins/ide/idea/IdeaPlugin$13
instanceKlass org/gradle/plugins/ide/idea/IdeaPlugin$12
instanceKlass org/gradle/plugins/ide/idea/IdeaPlugin$11
instanceKlass org/gradle/language/scala/ScalaPlatform
instanceKlass org/gradle/plugins/ide/idea/model/Path
instanceKlass org/gradle/plugins/ide/idea/IdeaPlugin$10
instanceKlass org/gradle/plugins/ide/idea/IdeaPlugin$9
instanceKlass org/gradle/plugins/ide/idea/IdeaPlugin$8
instanceKlass org/gradle/plugins/ide/idea/IdeaPlugin$7
instanceKlass org/gradle/plugins/ide/idea/IdeaPlugin$6
instanceKlass org/gradle/composite/internal/CompositeBuildIdeProjectResolver
instanceKlass org/gradle/plugins/ide/idea/model/PathFactory
instanceKlass org/gradle/plugins/ide/idea/model/IdeaLanguageLevel
instanceKlass org/gradle/plugins/ide/api/FileContentMerger
instanceKlass org/gradle/plugins/ide/internal/generator/generator/PersistableConfigurationObjectGenerator
instanceKlass org/gradle/internal/xml/XmlTransformer
instanceKlass org/gradle/plugins/ide/internal/generator/AbstractPersistableConfigurationObject
instanceKlass org/gradle/plugins/ide/internal/generator/generator/PersistableConfigurationObject
instanceKlass org/gradle/plugins/ide/internal/generator/generator/Generator
instanceKlass org/gradle/plugins/ide/idea/model/IdeaWorkspace
instanceKlass org/gradle/plugins/ide/idea/model/IdeaProject
instanceKlass org/gradle/plugins/ide/idea/model/IdeaModule
instanceKlass org/gradle/plugins/ide/idea/model/IdeaModel
instanceKlass org/gradle/plugins/ide/idea/IdeaPlugin$3
instanceKlass org/gradle/plugins/ide/idea/IdeaPlugin$2
instanceKlass org/gradle/plugins/ide/idea/IdeaPlugin$1
instanceKlass org/gradle/plugins/ide/internal/IdePlugin
instanceKlass org/jetbrains/kotlin/gradle/KotlinGradleModel
instanceKlass org/jetbrains/kotlin/android/synthetic/idea/AndroidExtensionsGradleModel
instanceKlass org/jetbrains/plugins/gradle/model/GradleExtensions
instanceKlass org/jetbrains/plugins/gradle/model/BuildScriptClasspathModel
instanceKlass org/jetbrains/plugins/gradle/model/ModuleExtendedModel
instanceKlass org/jetbrains/plugins/gradle/model/ear/EarConfiguration$EarModel
instanceKlass org/jetbrains/plugins/gradle/model/ExternalDependency
instanceKlass org/jetbrains/plugins/gradle/model/ear/EarConfiguration
instanceKlass org/jetbrains/plugins/gradle/model/web/WebConfiguration$WarModel
instanceKlass org/jetbrains/plugins/gradle/model/web/WebConfiguration
instanceKlass org/gradle/tooling/internal/consumer/versioning/ModelMapping$DefaultModelIdentifier
instanceKlass com/google/common/base/Objects
instanceKlass org/jetbrains/plugins/gradle/model/UnresolvedExternalDependency
instanceKlass org/jetbrains/plugins/gradle/model/FileCollectionDependency
instanceKlass org/jetbrains/plugins/gradle/model/ExternalLibraryDependency
instanceKlass org/jetbrains/plugins/gradle/model/ExternalProjectDependency
instanceKlass org/jetbrains/plugins/gradle/model/ExternalDependency
instanceKlass org/gradle/tooling/model/gradle/BuildInvocations
instanceKlass org/gradle/tooling/internal/adapter/ProtocolToModelAdapter$2
instanceKlass org/gradle/tooling/internal/adapter/ProtocolToModelAdapter$ViewGraphDetails
instanceKlass org/gradle/tooling/model/gradle/ProjectPublications
instanceKlass org/gradle/tooling/internal/protocol/InternalProjectOutcomes
instanceKlass org/gradle/tooling/model/internal/outcomes/ProjectOutcomes
instanceKlass org/gradle/tooling/internal/protocol/InternalBuildEnvironment
instanceKlass org/gradle/tooling/model/build/BuildEnvironment
instanceKlass org/gradle/tooling/internal/protocol/InternalBasicIdeaProject
instanceKlass org/gradle/tooling/model/idea/BasicIdeaProject
instanceKlass org/gradle/tooling/internal/protocol/InternalGradleProject
instanceKlass org/gradle/tooling/model/GradleProject
instanceKlass org/gradle/tooling/model/BuildableElement
instanceKlass org/gradle/tooling/internal/protocol/InternalIdeaProject
instanceKlass org/gradle/tooling/model/idea/IdeaProject
instanceKlass org/gradle/tooling/internal/protocol/eclipse/EclipseProjectVersion3
instanceKlass org/gradle/tooling/internal/protocol/ProjectVersion3
instanceKlass org/gradle/tooling/internal/protocol/BuildableProjectVersion1
instanceKlass org/gradle/tooling/model/eclipse/EclipseProject
instanceKlass org/gradle/tooling/internal/protocol/eclipse/HierarchicalEclipseProjectVersion1
instanceKlass org/gradle/tooling/internal/protocol/HierarchicalProjectVersion1
instanceKlass org/gradle/tooling/model/eclipse/HierarchicalEclipseProject
instanceKlass com/google/common/collect/AbstractMapEntry
instanceKlass com/google/common/collect/Hashing
instanceKlass com/google/common/collect/CollectPreconditions
instanceKlass com/google/common/collect/BiMap
instanceKlass org/gradle/tooling/internal/protocol/ModelIdentifier
instanceKlass org/gradle/tooling/internal/consumer/versioning/ModelMapping
instanceKlass org/gradle/tooling/model/internal/outcomes/GradleFileBuildOutcome
instanceKlass org/gradle/tooling/model/internal/outcomes/GradleBuildOutcome
instanceKlass org/gradle/tooling/model/idea/IdeaModuleDependency
instanceKlass org/gradle/tooling/model/idea/IdeaSingleEntryLibraryDependency
instanceKlass org/gradle/tooling/model/ExternalDependency
instanceKlass org/gradle/tooling/model/idea/IdeaDependency
instanceKlass org/gradle/tooling/model/Dependency
instanceKlass org/gradle/tooling/internal/consumer/converters/ConsumerTargetTypeProvider
instanceKlass org/gradle/tooling/internal/adapter/CollectionMapper
instanceKlass org/gradle/tooling/internal/adapter/TypeInspector
instanceKlass org/gradle/internal/time/TrueTimeProvider
instanceKlass org/gradle/internal/time/TimeProvider
instanceKlass org/gradle/internal/time/Clock
instanceKlass org/gradle/internal/time/CountdownTimer
instanceKlass org/gradle/internal/time/Timer
instanceKlass org/gradle/internal/time/Timers
instanceKlass org/gradle/tooling/internal/adapter/ProtocolToModelAdapter$MethodInvocationCache
instanceKlass org/gradle/tooling/internal/adapter/ProtocolToModelAdapter$ReflectionMethodInvoker
instanceKlass org/gradle/tooling/internal/adapter/MethodInvoker
instanceKlass org/gradle/tooling/internal/adapter/ProtocolToModelAdapter$1
instanceKlass org/gradle/tooling/internal/adapter/ProtocolToModelAdapter$NoOpDecoration
instanceKlass org/gradle/tooling/internal/adapter/ProtocolToModelAdapter$ViewDecoration
instanceKlass org/gradle/tooling/internal/adapter/ViewBuilder
instanceKlass org/gradle/internal/typeconversion/NotationParser
instanceKlass org/gradle/internal/typeconversion/NotationConverter
instanceKlass org/gradle/tooling/internal/adapter/ProtocolToModelAdapter
instanceKlass org/gradle/tooling/internal/adapter/ObjectGraphAdapter
instanceKlass org/gradle/tooling/internal/protocol/BuildResult
instanceKlass org/gradle/tooling/internal/provider/runner/DefaultBuildController
instanceKlass org/gradle/internal/logging/text/AbstractStyledTextOutput$StyleOverrideTextOutput
instanceKlass org/gradle/internal/logging/events/StyledTextOutputEvent$Span
instanceKlass org/gradle/api/internal/changedetection/state/DefaultTaskHistoryStore
instanceKlass org/gradle/api/internal/changedetection/state/CacheCapSizer
instanceKlass org/gradle/cache/internal/MultiProcessSafeAsyncPersistentIndexedCache
instanceKlass org/greenrobot/greendao/gradle/AndroidPluginSourceProvider$addGeneratorTask$1
instanceKlass org/gradle/api/internal/AbstractTask$13
instanceKlass org/greenrobot/greendao/gradle/Greendao3GradlePlugin$createGreendaoTask$$inlined$apply$lambda$1
instanceKlass org/greenrobot/greendao/codemodifier/SchemaOptions
instanceKlass org/gradle/api/internal/tasks/DefaultTaskInputs$2
