#
# There is insufficient memory for the Java Runtime Environment to continue.
# Native memory allocation (malloc) failed to allocate 144128 bytes for Chunk::new
# Possible reasons:
#   The system is out of physical RAM or swap space
#   In 32 bit mode, the process size limit was hit
# Possible solutions:
#   Reduce memory load on the system
#   Increase physical memory or swap space
#   Check if swap backing store is full
#   Use 64 bit Java on a 64 bit OS
#   Decrease Java heap size (-Xmx/-Xms)
#   Decrease number of Java threads
#   Decrease Java thread stack sizes (-Xss)
#   Set larger code cache with -XX:ReservedCodeCacheSize=
# This output file may be truncated or incomplete.
#
#  Out of Memory Error (allocation.cpp:390), pid=3680, tid=5320
#
# JRE version: Java(TM) SE Runtime Environment (8.0_66-b18) (build 1.8.0_66-b18)
# Java VM: Java HotSpot(TM) 64-Bit Server VM (25.66-b18 mixed mode windows-amd64 compressed oops)
# Failed to write core dump. Minidumps are not enabled by default on client versions of Windows
#

---------------  T H R E A D  ---------------

Current thread (0x0000000058837000):  JavaThread "C2 CompilerThread0" daemon [_thread_in_native, id=5320, stack(0x0000000059030000,0x0000000059130000)]

Stack: [0x0000000059030000,0x0000000059130000]
[error occurred during error reporting (printing stack bounds), id 0xc0000005]

Native frames: (J=compiled Java code, j=interpreted, Vv=VM code, C=native code)


Current CompileTask:
C2:   3035  581  s!   4       com.android.multidex.Path::getClass (144 bytes)


---------------  P R O C E S S  ---------------

Java Threads: ( => current thread )
  0x0000000058848800 JavaThread "Service Thread" daemon [_thread_blocked, id=8100, stack(0x0000000059440000,0x0000000059540000)]
  0x000000005752d800 JavaThread "C1 CompilerThread2" daemon [_thread_blocked, id=2960, stack(0x00000000592e0000,0x00000000593e0000)]
  0x000000005752c000 JavaThread "C2 CompilerThread1" daemon [_thread_in_native, id=6272, stack(0x00000000585e0000,0x00000000586e0000)]
=>0x0000000058837000 JavaThread "C2 CompilerThread0" daemon [_thread_in_native, id=5320, stack(0x0000000059030000,0x0000000059130000)]
  0x000000005882a800 JavaThread "Attach Listener" daemon [_thread_blocked, id=7944, stack(0x0000000058e60000,0x0000000058f60000)]
  0x000000005751e000 JavaThread "Signal Dispatcher" daemon [_thread_blocked, id=6612, stack(0x0000000058d50000,0x0000000058e50000)]
  0x00000000574c7000 JavaThread "Finalizer" daemon [_thread_blocked, id=7292, stack(0x0000000058720000,0x0000000058820000)]
  0x00000000574c0000 JavaThread "Reference Handler" daemon [_thread_blocked, id=6920, stack(0x0000000058380000,0x0000000058480000)]
  0x00000000001ae800 JavaThread "main" [_thread_in_vm, id=4580, stack(0x00000000027e0000,0x00000000028e0000)]

Other Threads:
  0x00000000574ba800 VMThread [stack: 0x00000000584d0000,0x00000000585d0000] [id=7648]
  0x000000005884b000 WatcherThread [stack: 0x0000000059560000,0x0000000059660000] [id=6728]

VM state:not at safepoint (normal execution)

VM Mutex/Monitor currently owned by a thread: None

Heap:
 PSYoungGen      total 38400K, used 15662K [0x00000000d5d80000, 0x00000000d8800000, 0x0000000100000000)
  eden space 33280K, 31% used [0x00000000d5d80000,0x00000000d67d0a10,0x00000000d7e00000)
  from space 5120K, 99% used [0x00000000d8300000,0x00000000d87fb070,0x00000000d8800000)
  to   space 5120K, 0% used [0x00000000d7e00000,0x00000000d7e00000,0x00000000d8300000)
 ParOldGen       total 87552K, used 10168K [0x0000000081800000, 0x0000000086d80000, 0x00000000d5d80000)
  object space 87552K, 11% used [0x0000000081800000,0x00000000821ee140,0x0000000086d80000)
 Metaspace       used 3806K, capacity 5176K, committed 5376K, reserved 1056768K
  class space    used 404K, capacity 488K, committed 512K, reserved 1048576K

Card table byte_map: [0x0000000011ca0000,0x00000000120a0000] byte_map_base: 0x0000000011894000

Marking Bits: (ParMarkBitMap*) 0x000000006054a5b0
 Begin Bits: [0x00000000127f0000, 0x0000000014790000)
 End Bits:   [0x0000000014790000, 0x0000000016730000)

Polling page: 0x0000000000160000

CodeCache: size=245760Kb used=3431Kb max_used=3431Kb free=242328Kb
 bounds [0x00000000028e0000, 0x0000000002c40000, 0x00000000118e0000]
 total_blobs=841 nmethods=590 adapters=164
 compilation: enabled

Compilation events (10 events):
Event: 2.734 Thread 0x000000005752d800  590       3       com.android.dx.rop.cst.CstLong::make (9 bytes)
Event: 2.734 Thread 0x000000005752d800 nmethod 590 0x0000000002c36f10 code [0x0000000002c370a0, 0x0000000002c37470]
Event: 2.734 Thread 0x000000005752d800  591       3       com.android.dx.rop.cst.CstLong::<init> (6 bytes)
Event: 2.734 Thread 0x000000005752d800 nmethod 591 0x0000000002c37710 code [0x0000000002c37880, 0x0000000002c37bb0]
Event: 2.774 Thread 0x000000005752d800  592       1       com.android.dx.cf.attrib.BaseAnnotations::byteLength (8 bytes)
Event: 2.774 Thread 0x000000005752d800 nmethod 592 0x0000000002c37d90 code [0x0000000002c37ee0, 0x0000000002c37ff0]
Event: 2.780 Thread 0x000000005752d800  596 % !   3       java.util.concurrent.ConcurrentHashMap::transfer @ 99 (832 bytes)
Event: 2.782 Thread 0x000000005752d800 nmethod 596% 0x0000000002c38050 code [0x0000000002c383e0, 0x0000000002c3ab58]
Event: 2.888 Thread 0x000000005752d800  598       1       com.android.dx.cf.attrib.BaseParameterAnnotations::byteLength (8 bytes)
Event: 2.888 Thread 0x000000005752d800 nmethod 598 0x0000000002c3cd50 code [0x0000000002c3cea0, 0x0000000002c3cfb0]

GC Heap History (8 events):
Event: 2.154 GC heap before
{Heap before GC invocations=1 (full 0):
 PSYoungGen      total 38400K, used 33280K [0x00000000d5d80000, 0x00000000d8800000, 0x0000000100000000)
  eden space 33280K, 100% used [0x00000000d5d80000,0x00000000d7e00000,0x00000000d7e00000)
  from space 5120K, 0% used [0x00000000d8300000,0x00000000d8300000,0x00000000d8800000)
  to   space 5120K, 0% used [0x00000000d7e00000,0x00000000d7e00000,0x00000000d8300000)
 ParOldGen       total 87552K, used 0K [0x0000000081800000, 0x0000000086d80000, 0x00000000d5d80000)
  object space 87552K, 0% used [0x0000000081800000,0x0000000081800000,0x0000000086d80000)
 Metaspace       used 3751K, capacity 5176K, committed 5376K, reserved 1056768K
  class space    used 401K, capacity 488K, committed 512K, reserved 1048576K
Event: 2.167 GC heap after
Heap after GC invocations=1 (full 0):
 PSYoungGen      total 38400K, used 4517K [0x00000000d5d80000, 0x00000000d8800000, 0x0000000100000000)
  eden space 33280K, 0% used [0x00000000d5d80000,0x00000000d5d80000,0x00000000d7e00000)
  from space 5120K, 88% used [0x00000000d7e00000,0x00000000d82696b8,0x00000000d8300000)
  to   space 5120K, 0% used [0x00000000d8300000,0x00000000d8300000,0x00000000d8800000)
 ParOldGen       total 87552K, used 8K [0x0000000081800000, 0x0000000086d80000, 0x00000000d5d80000)
  object space 87552K, 0% used [0x0000000081800000,0x0000000081802000,0x0000000086d80000)
 Metaspace       used 3751K, capacity 5176K, committed 5376K, reserved 1056768K
  class space    used 401K, capacity 488K, committed 512K, reserved 1048576K
}
Event: 2.487 GC heap before
{Heap before GC invocations=2 (full 0):
 PSYoungGen      total 38400K, used 37797K [0x00000000d5d80000, 0x00000000d8800000, 0x0000000100000000)
  eden space 33280K, 100% used [0x00000000d5d80000,0x00000000d7e00000,0x00000000d7e00000)
  from space 5120K, 88% used [0x00000000d7e00000,0x00000000d82696b8,0x00000000d8300000)
  to   space 5120K, 0% used [0x00000000d8300000,0x00000000d8300000,0x00000000d8800000)
 ParOldGen       total 87552K, used 8K [0x0000000081800000, 0x0000000086d80000, 0x00000000d5d80000)
  object space 87552K, 0% used [0x0000000081800000,0x0000000081802000,0x0000000086d80000)
 Metaspace       used 3786K, capacity 5176K, committed 5376K, reserved 1056768K
  class space    used 401K, capacity 488K, committed 512K, reserved 1048576K
Event: 2.493 GC heap after
Heap after GC invocations=2 (full 0):
 PSYoungGen      total 38400K, used 5118K [0x00000000d5d80000, 0x00000000d8800000, 0x0000000100000000)
  eden space 33280K, 0% used [0x00000000d5d80000,0x00000000d5d80000,0x00000000d7e00000)
  from space 5120K, 99% used [0x00000000d8300000,0x00000000d87ff9e0,0x00000000d8800000)
  to   space 5120K, 0% used [0x00000000d7e00000,0x00000000d7e00000,0x00000000d8300000)
 ParOldGen       total 87552K, used 1384K [0x0000000081800000, 0x0000000086d80000, 0x00000000d5d80000)
  object space 87552K, 1% used [0x0000000081800000,0x000000008195a1d8,0x0000000086d80000)
 Metaspace       used 3786K, capacity 5176K, committed 5376K, reserved 1056768K
  class space    used 401K, capacity 488K, committed 512K, reserved 1048576K
}
Event: 2.739 GC heap before
{Heap before GC invocations=3 (full 0):
 PSYoungGen      total 38400K, used 38398K [0x00000000d5d80000, 0x00000000d8800000, 0x0000000100000000)
  eden space 33280K, 100% used [0x00000000d5d80000,0x00000000d7e00000,0x00000000d7e00000)
  from space 5120K, 99% used [0x00000000d8300000,0x00000000d87ff9e0,0x00000000d8800000)
  to   space 5120K, 0% used [0x00000000d7e00000,0x00000000d7e00000,0x00000000d8300000)
 ParOldGen       total 87552K, used 1384K [0x0000000081800000, 0x0000000086d80000, 0x00000000d5d80000)
  object space 87552K, 1% used [0x0000000081800000,0x000000008195a1d8,0x0000000086d80000)
 Metaspace       used 3805K, capacity 5176K, committed 5376K, reserved 1056768K
  class space    used 404K, capacity 488K, committed 512K, reserved 1048576K
Event: 2.764 GC heap after
Heap after GC invocations=3 (full 0):
 PSYoungGen      total 38400K, used 5100K [0x00000000d5d80000, 0x00000000d8800000, 0x0000000100000000)
  eden space 33280K, 0% used [0x00000000d5d80000,0x00000000d5d80000,0x00000000d7e00000)
  from space 5120K, 99% used [0x00000000d7e00000,0x00000000d82fb050,0x00000000d8300000)
  to   space 5120K, 0% used [0x00000000d8300000,0x00000000d8300000,0x00000000d8800000)
 ParOldGen       total 87552K, used 5623K [0x0000000081800000, 0x0000000086d80000, 0x00000000d5d80000)
  object space 87552K, 6% used [0x0000000081800000,0x0000000081d7ddb8,0x0000000086d80000)
 Metaspace       used 3805K, capacity 5176K, committed 5376K, reserved 1056768K
  class space    used 404K, capacity 488K, committed 512K, reserved 1048576K
}
Event: 2.911 GC heap before
{Heap before GC invocations=4 (full 0):
 PSYoungGen      total 38400K, used 38380K [0x00000000d5d80000, 0x00000000d8800000, 0x0000000100000000)
  eden space 33280K, 100% used [0x00000000d5d80000,0x00000000d7e00000,0x00000000d7e00000)
  from space 5120K, 99% used [0x00000000d7e00000,0x00000000d82fb050,0x00000000d8300000)
  to   space 5120K, 0% used [0x00000000d8300000,0x00000000d8300000,0x00000000d8800000)
 ParOldGen       total 87552K, used 5623K [0x0000000081800000, 0x0000000086d80000, 0x00000000d5d80000)
  object space 87552K, 6% used [0x0000000081800000,0x0000000081d7ddb8,0x0000000086d80000)
 Metaspace       used 3806K, capacity 5176K, committed 5376K, reserved 1056768K
  class space    used 404K, capacity 488K, committed 512K, reserved 1048576K
Event: 2.923 GC heap after
Heap after GC invocations=4 (full 0):
 PSYoungGen      total 38400K, used 5100K [0x00000000d5d80000, 0x00000000d8800000, 0x0000000100000000)
  eden space 33280K, 0% used [0x00000000d5d80000,0x00000000d5d80000,0x00000000d7e00000)
  from space 5120K, 99% used [0x00000000d8300000,0x00000000d87fb070,0x00000000d8800000)
  to   space 5120K, 0% used [0x00000000d7e00000,0x00000000d7e00000,0x00000000d8300000)
 ParOldGen       total 87552K, used 10168K [0x0000000081800000, 0x0000000086d80000, 0x00000000d5d80000)
  object space 87552K, 11% used [0x0000000081800000,0x00000000821ee140,0x0000000086d80000)
 Metaspace       used 3806K, capacity 5176K, committed 5376K, reserved 1056768K
  class space    used 404K, capacity 488K, committed 512K, reserved 1048576K
}

Deoptimization events (6 events):
Event: 1.425 Thread 0x00000000001ae800 Uncommon trap: reason=unstable_if action=reinterpret pc=0x0000000002a70374 method=java.lang.String.<init>([CII)V @ 18
Event: 1.962 Thread 0x00000000001ae800 Uncommon trap: reason=class_check action=maybe_recompile pc=0x0000000002b28f0c method=com.android.dx.cf.attrib.AttConstantValue.<init>(Lcom/android/dx/rop/cst/TypedConstant;)V @ 14
Event: 1.962 Thread 0x00000000001ae800 Uncommon trap: reason=class_check action=maybe_recompile pc=0x0000000002b28f0c method=com.android.dx.cf.attrib.AttConstantValue.<init>(Lcom/android/dx/rop/cst/TypedConstant;)V @ 14
Event: 1.962 Thread 0x00000000001ae800 Uncommon trap: reason=class_check action=maybe_recompile pc=0x0000000002b28f0c method=com.android.dx.cf.attrib.AttConstantValue.<init>(Lcom/android/dx/rop/cst/TypedConstant;)V @ 14
Event: 1.966 Thread 0x00000000001ae800 Uncommon trap: reason=class_check action=maybe_recompile pc=0x0000000002b28f0c method=com.android.dx.cf.attrib.AttConstantValue.<init>(Lcom/android/dx/rop/cst/TypedConstant;)V @ 14
Event: 1.994 Thread 0x00000000001ae800 Uncommon trap: reason=unstable_if action=reinterpret pc=0x0000000002b4a3b4 method=com.android.dx.cf.direct.StdAttributeFactory.parse0(Lcom/android/dx/cf/direct/DirectClassFile;ILjava/lang/String;IILcom/android/dx/cf/iface/ParseObserver;)Lcom/android/dx/cf/

Internal exceptions (2 events):
Event: 0.032 Thread 0x00000000001ae800 Exception <a 'java/lang/NoSuchMethodError': Method sun.misc.Unsafe.defineClass(Ljava/lang/String;[BII)Ljava/lang/Class; name or signature does not match> (0x00000000d5d93078) thrown at [C:\re\workspace\8-2-build-windows-amd64-cygwin\jdk8u66\5298\hotspot\srœ*Jí÷H ?
Event: 0.032 Thread 0x00000000001ae800 Exception <a 'java/lang/NoSuchMethodError': Method sun.misc.Unsafe.prefetchRead(Ljava/lang/Object;J)V name or signature does not match> (0x00000000d5d93360) thrown at [C:\re\workspace\8-2-build-windows-amd64-cygwin\jdk8u66\5298\hotspot\src\share\vm\prims\j

Events (10 events):
Event: 2.494 loading class com/android/multidex/ArchivePathElement$1
Event: 2.494 loading class com/android/multidex/ArchivePathElement$1 done
Event: 2.494 loading class com/android/multidex/ArchivePathElement$1$1
Event: 2.494 loading class com/android/multidex/ArchivePathElement$1$1 done
Event: 2.494 loading class java/util/NoSuchElementException
Event: 2.494 loading class java/util/NoSuchElementException done
Event: 2.739 Executing VM operation: ParallelGCFailedAllocation
Event: 2.764 Executing VM operation: ParallelGCFailedAllocation done
Event: 2.911 Executing VM operation: ParallelGCFailedAllocation
Event: 2.923 Executing VM operation: ParallelGCFailedAllocation done


Dynamic libraries:
0x000000013f8c0000 - 0x000000013f8f7000 	D:\jdkjava\jdk1.8.0_31\bin\java.exe
0x00000000776a0000 - 0x000000007784a000 	C:\Windows\SYSTEM32\ntdll.dll
0x0000000076e60000 - 0x0000000076f7f000 	C:\Windows\system32\kernel32.dll
0x000007fefdca0000 - 0x000007fefdd0a000 	C:\Windows\system32\KERNELBASE.dll
0x000007fefdf60000 - 0x000007fefe03b000 	C:\Windows\system32\ADVAPI32.dll
0x000007fefe0f0000 - 0x000007fefe18f000 	C:\Windows\system32\msvcrt.dll
0x000007fefe040000 - 0x000007fefe05f000 	C:\Windows\SYSTEM32\sechost.dll
0x000007feff610000 - 0x000007feff73d000 	C:\Windows\system32\RPCRT4.dll
0x0000000077240000 - 0x000000007733a000 	C:\Windows\system32\USER32.dll
0x000007fefef30000 - 0x000007fefef97000 	C:\Windows\system32\GDI32.dll
0x000007feff7c0000 - 0x000007feff7ce000 	C:\Windows\system32\LPK.dll
0x000007feff180000 - 0x000007feff24b000 	C:\Windows\system32\USP10.dll
0x000007fefc110000 - 0x000007fefc304000 	C:\Windows\WinSxS\amd64_microsoft.windows.common-controls_6595b64144ccf1df_6.0.7601.18837_none_fa3b1e3d17594757\COMCTL32.dll
0x000007feff740000 - 0x000007feff7b1000 	C:\Windows\system32\SHLWAPI.dll
0x000007feff2f0000 - 0x000007feff31e000 	C:\Windows\system32\IMM32.DLL
0x000007fefddf0000 - 0x000007fefdef9000 	C:\Windows\system32\MSCTF.dll
0x00000000605d0000 - 0x00000000606a2000 	D:\jdkjava\jdk1.8.0_31\jre\bin\msvcr100.dll
0x000000005fd40000 - 0x00000000605c9000 	D:\jdkjava\jdk1.8.0_31\jre\bin\server\jvm.dll
0x000007fef8df0000 - 0x000007fef8df9000 	C:\Windows\system32\WSOCK32.dll
0x000007feff340000 - 0x000007feff38d000 	C:\Windows\system32\WS2_32.dll
0x000007fefef20000 - 0x000007fefef28000 	C:\Windows\system32\NSI.dll
0x000007fefdc40000 - 0x000007fefdc7b000 	C:\Windows\system32\WINMM.dll
0x000007fefca00000 - 0x000007fefca0c000 	C:\Windows\system32\VERSION.dll
0x0000000077860000 - 0x0000000077867000 	C:\Windows\system32\PSAPI.DLL
0x0000000061290000 - 0x000000006129f000 	D:\jdkjava\jdk1.8.0_31\jre\bin\verify.dll
0x000000005fd10000 - 0x000000005fd39000 	D:\jdkjava\jdk1.8.0_31\jre\bin\java.dll
0x000000005fcf0000 - 0x000000005fd06000 	D:\jdkjava\jdk1.8.0_31\jre\bin\zip.dll
0x000007fefe190000 - 0x000007fefef1a000 	C:\Windows\system32\SHELL32.dll
0x000007feff390000 - 0x000007feff58c000 	C:\Windows\system32\ole32.dll
0x000007fefd8e0000 - 0x000007fefd8ef000 	C:\Windows\system32\profapi.dll

VM Arguments:
jvm_args: -Djava.awt.headless=true -Dfile.encoding=UTF-8 -Duser.country=CN -Duser.language=zh -Duser.variant 
java_command: com.android.multidex.ClassReferenceListBuilder E:\zdh\as_workspace\HeadStyle\app\build\intermediates\multi-dex\release\componentClasses.jar E:\zdh\as_workspace\HeadStyle\app\build\intermediates\transforms\jarMerging\release\0.jar
java_class_path (initial): E:\Android\sdk\build-tools\26.0.2\lib\dx.jar
Launcher Type: SUN_STANDARD

Environment Variables:
JAVA_HOME=D:\jdkjava\jdk1.8.0_31
CLASSPATH=.;D:\jdkjava\jdk1.8.0_31\lib\tools.jar;D:\jdkjava\jdk1.8.0_31\lib\dt.jar
PATH=E:\ffmpeg\bin;D:\jdkjava\jdk1.8.0_31\bin;C:\Python27\Scripts;C:\Python27;E:\Android\sdk\platform-tools;C:\Program Files (x86)\Git\cmd;D:\sdk\platform-tools;C:\ProgramData\Oracle\Java\javapath;D:\jdkjava\jdk1.8.0_31\bin;C:\Program Files (x86)\NVIDIA Corporation\PhysX\Common;C:\Windows\system32;C:\Windows;C:\Windows\System32\Wbem;C:\Windows\System32\WindowsPowerShell\v1.0\;C:\Program Files (x86)\Common Files\microsoft shared\TigerKin;C:\Program Files (x86)\Git\cmd;D:\Program Files\nodejs\;C:\Program Files\PuTTY\;C:\Program Files\TortoiseSVN\bin;C:\Users\admin\AppData\Roaming\npm;C:\Program Files (x86)\SSH Communications Security\SSH Secure Shell;C:\Users\admin\AppData\Local\Programs\Fiddler
USERNAME=admin
OS=Windows_NT
PROCESSOR_IDENTIFIER=Intel64 Family 6 Model 60 Stepping 3, GenuineIntel



---------------  S Y S T E M  ---------------

OS: Windows 7 , 64 bit Build 7601 (6.1.7601.23915)

CPU:total 4 (4 cores per cpu, 1 threads per core) family 6 model 60 stepping 3, cmov, cx8, fxsr, mmx, sse, sse2, sse3, ssse3, sse4.1, sse4.2, popcnt, avx, avx2, aes, clmul, erms, rtm, lzcnt, tsc, tscinvbit, bmi1, bmi2

Memory: 4k page, physical 8286452k(1103548k free), swap 9333168k(5124k free)

vm_info: Java HotSpot(TM) 64-Bit Server VM (25.66-b18) for windows-amd64 JRE (1.8.0_66-b18), built on Nov  9 2015 10:51:13 by "java_re" with MS VC++ 10.0 (VS2010)

time: Sat Dec 23 20:33:54 2017
elapsed time: 3 seconds (0d 0h 0m 3s)

