# There is insufficient memory for the Java Runtime Environment to continue.
# Native memory allocation (malloc) failed to allocate 78496 bytes for Chunk::new
# Possible reasons:
#   The system is out of physical RAM or swap space
#   In 32 bit mode, the process size limit was hit
# Possible solutions:
#   Reduce memory load on the system
#   Increase physical memory or swap space
#   Check if swap backing store is full
#   Use 64 bit Java on a 64 bit OS
#   Decrease Java heap size (-Xmx/-Xms)
#   Decrease number of Java threads
#   Decrease Java thread stack sizes (-Xss)
#   Set larger code cache with -XX:ReservedCodeCacheSize=
# This output file may be truncated or incomplete.
#
#  Out of Memory Error (allocation.cpp:390), pid=4980, tid=6116
#
# JRE version: Java(TM) SE Runtime Environment (8.0_66-b18) (build 1.8.0_66-b18)
# Java VM: Java HotSpot(TM) 64-Bit Server VM (25.66-b18 mixed mode windows-amd64 compressed oops)
# Failed to write core dump. Minidumps are not enabled by default on client versions of Windows
#

---------------  T H R E A D  ---------------

Current thread (0x0000000058847000):  JavaThread "C2 CompilerThread0" daemon [_thread_in_native, id=6116, stack(0x0000000058ee0000,0x0000000058fe0000)]

Stack: [0x0000000058ee0000,0x0000000058fe0000]
[error occurred during error reporting (printing stack bounds), id 0xc0000005]

Native frames: (J=compiled Java code, j=interpreted, Vv=VM code, C=native code)


Current CompileTask:
C2:    222  195       4       com.android.dx.rop.cst.CstString::utf8BytesToString (391 bytes)


---------------  P R O C E S S  ---------------

Java Threads: ( => current thread )
  0x00000000588d7000 JavaThread "Service Thread" daemon [_thread_blocked, id=1224, stack(0x00000000594f0000,0x00000000595f0000)]
  0x00000000573ab000 JavaThread "C1 CompilerThread2" daemon [_thread_in_vm, id=6408, stack(0x0000000059300000,0x0000000059400000)]
  0x00000000573a9000 JavaThread "C2 CompilerThread1" daemon [_thread_blocked, id=7128, stack(0x0000000059180000,0x0000000059280000)]
=>0x0000000058847000 JavaThread "C2 CompilerThread0" daemon [_thread_in_native, id=6116, stack(0x0000000058ee0000,0x0000000058fe0000)]
  0x000000005883a800 JavaThread "Attach Listener" daemon [_thread_blocked, id=8904, stack(0x0000000058ce0000,0x0000000058de0000)]
  0x000000005739e000 JavaThread "Signal Dispatcher" daemon [_thread_blocked, id=8196, stack(0x00000000582b0000,0x00000000583b0000)]
  0x0000000057347000 JavaThread "Finalizer" daemon [_thread_blocked, id=6996, stack(0x0000000058730000,0x0000000058830000)]
  0x0000000057340000 JavaThread "Reference Handler" daemon [_thread_blocked, id=8352, stack(0x0000000058580000,0x0000000058680000)]
  0x000000000222e800 JavaThread "main" [_thread_in_native, id=6360, stack(0x0000000002490000,0x0000000002590000)]

Other Threads:
  0x000000005733a800 VMThread [stack: 0x0000000058480000,0x0000000058580000] [id=6672]
  0x0000000058917800 WatcherThread [stack: 0x0000000059640000,0x0000000059740000] [id=7860]

VM state:not at safepoint (normal execution)

VM Mutex/Monitor currently owned by a thread: None

Heap:
 PSYoungGen      total 38400K, used 5990K [0x00000000d5d80000, 0x00000000d8800000, 0x0000000100000000)
  eden space 33280K, 18% used [0x00000000d5d80000,0x00000000d6359bd0,0x00000000d7e00000)
  from space 5120K, 0% used [0x00000000d8300000,0x00000000d8300000,0x00000000d8800000)
  to   space 5120K, 0% used [0x00000000d7e00000,0x00000000d7e00000,0x00000000d8300000)
 ParOldGen       total 87552K, used 0K [0x0000000081800000, 0x0000000086d80000, 0x00000000d5d80000)
  object space 87552K, 0% used [0x0000000081800000,0x0000000081800000,0x0000000086d80000)
 Metaspace       used 3590K, capacity 5016K, committed 5120K, reserved 1056768K
  class space    used 396K, capacity 456K, committed 512K, reserved 1048576K

Card table byte_map: [0x0000000011950000,0x0000000011d50000] byte_map_base: 0x0000000011544000

Marking Bits: (ParMarkBitMap*) 0x000000007028a5b0
 Begin Bits: [0x0000000012670000, 0x0000000014610000)
 End Bits:   [0x0000000014610000, 0x00000000165b0000)

Polling page: 0x0000000000160000

CodeCache: size=245760Kb used=1617Kb max_used=1617Kb free=244142Kb
 bounds [0x0000000002590000, 0x0000000002800000, 0x0000000011590000]
 total_blobs=464 nmethods=213 adapters=164
 compilation: enabled

Compilation events (10 events):
Event: 0.213 Thread 0x00000000573ab000  208       3       com.android.dx.cf.direct.AttributeListParser::getEndOffset (9 bytes)
Event: 0.213 Thread 0x00000000573ab000 nmethod 208 0x0000000002717510 code [0x0000000002717680, 0x00000000027178c8]
Event: 0.213 Thread 0x00000000573ab000  209       3       com.android.dx.cf.direct.AttributeListParser::getList (9 bytes)
Event: 0.213 Thread 0x00000000573ab000 nmethod 209 0x0000000002723210 code [0x0000000002723380, 0x00000000027235c8]
Event: 0.213 Thread 0x00000000573ab000  192       1       java.util.ArrayList::access$100 (5 bytes)
Event: 0.213 Thread 0x00000000573ab000 nmethod 192 0x0000000002717210 code [0x0000000002717360, 0x0000000002717450]
Event: 0.213 Thread 0x00000000573ab000  202       1       com.android.dx.rop.cst.CstType::getClassType (5 bytes)
Event: 0.213 Thread 0x00000000573ab000 nmethod 202 0x0000000002723690 code [0x00000000027237e0, 0x00000000027238f0]
Event: 0.213 Thread 0x00000000573ab000  193       3       java.util.zip.Inflater::ensureOpen (47 bytes)
Event: 0.214 Thread 0x00000000573ab000 nmethod 193 0x0000000002723950 code [0x0000000002723ac0, 0x0000000002723d88]

GC Heap History (0 events):
No events

Deoptimization events (0 events):
No events

Internal exceptions (2 events):
Event: 0.025 Thread 0x000000000222e800 Exception <a 'java/lang/NoSuchMethodError': Method sun.misc.Unsafe.defineClass(Ljava/lang/String;[BII)Ljava/lang/Class; name or signature does not match> (0x00000000d5d93078) thrown at [C:\re\workspace\8-2-build-windows-amd64-cygwin\jdk8u66\5298\hotspot\src!À@¶Ý™?
Event: 0.025 Thread 0x000000000222e800 Exception <a 'java/lang/NoSuchMethodError': Method sun.misc.Unsafe.prefetchRead(Ljava/lang/Object;J)V name or signature does not match> (0x00000000d5d93360) thrown at [C:\re\workspace\8-2-build-windows-amd64-cygwin\jdk8u66\5298\hotspot\src\share\vm\prims\j

Events (10 events):
Event: 0.174 loading class com/android/dx/cf/attrib/InnerClassList
Event: 0.174 loading class com/android/dx/cf/attrib/InnerClassList done
Event: 0.174 loading class com/android/dx/cf/attrib/InnerClassList$Item
Event: 0.174 loading class com/android/dx/cf/attrib/InnerClassList$Item done
Event: 0.174 loading class com/android/dx/cf/attrib/AttInnerClasses
Event: 0.174 loading class com/android/dx/cf/attrib/AttInnerClasses done
Event: 0.209 loading class com/android/dx/cf/direct/DirectClassFile$DcfTypeList
Event: 0.209 loading class com/android/dx/cf/direct/DirectClassFile$DcfTypeList done
Event: 0.209 loading class com/android/dx/cf/code/ByteCatchList$Item
Event: 0.209 loading class com/android/dx/cf/code/ByteCatchList$Item done


Dynamic libraries:
0x000000013f7c0000 - 0x000000013f7f7000 	D:\jdkjava\jdk1.8.0_31\bin\java.exe
0x0000000077a60000 - 0x0000000077c0a000 	C:\Windows\SYSTEM32\ntdll.dll
0x0000000077220000 - 0x000000007733f000 	C:\Windows\system32\kernel32.dll
0x000007fefdfd0000 - 0x000007fefe03a000 	C:\Windows\system32\KERNELBASE.dll
0x000007fefe570000 - 0x000007fefe64b000 	C:\Windows\system32\ADVAPI32.dll
0x000007fefe820000 - 0x000007fefe8bf000 	C:\Windows\system32\msvcrt.dll
0x000007fefe9a0000 - 0x000007fefe9bf000 	C:\Windows\SYSTEM32\sechost.dll
0x000007fefeb00000 - 0x000007fefec2d000 	C:\Windows\system32\RPCRT4.dll
0x00000000775e0000 - 0x00000000776da000 	C:\Windows\system32\USER32.dll
0x000007fefea90000 - 0x000007fefeaf7000 	C:\Windows\system32\GDI32.dll
0x000007fefe500000 - 0x000007fefe50e000 	C:\Windows\system32\LPK.dll
0x000007fefe9c0000 - 0x000007fefea8b000 	C:\Windows\system32\USP10.dll
0x000007fefc730000 - 0x000007fefc924000 	C:\Windows\WinSxS\amd64_microsoft.windows.common-controls_6595b64144ccf1df_6.0.7601.18837_none_fa3b1e3d17594757\COMCTL32.dll
0x000007fefe200000 - 0x000007fefe271000 	C:\Windows\system32\SHLWAPI.dll
0x000007fefe650000 - 0x000007fefe67e000 	C:\Windows\system32\IMM32.DLL
0x000007fefec30000 - 0x000007fefed39000 	C:\Windows\system32\MSCTF.dll
0x0000000057400000 - 0x00000000574d2000 	D:\jdkjava\jdk1.8.0_31\jre\bin\msvcr100.dll
0x000000006fa80000 - 0x0000000070309000 	D:\jdkjava\jdk1.8.0_31\jre\bin\server\jvm.dll
0x000007fef5b10000 - 0x000007fef5b19000 	C:\Windows\system32\WSOCK32.dll
0x000007fefe8c0000 - 0x000007fefe90d000 	C:\Windows\system32\WS2_32.dll
0x000007fefe110000 - 0x000007fefe118000 	C:\Windows\system32\NSI.dll
0x000007fefddf0000 - 0x000007fefde2b000 	C:\Windows\system32\WINMM.dll
0x000007fefcdc0000 - 0x000007fefcdcc000 	C:\Windows\system32\VERSION.dll
0x0000000077c30000 - 0x0000000077c37000 	C:\Windows\system32\PSAPI.DLL
0x000000006f890000 - 0x000000006f89f000 	D:\jdkjava\jdk1.8.0_31\jre\bin\verify.dll
0x000000006f860000 - 0x000000006f889000 	D:\jdkjava\jdk1.8.0_31\jre\bin\java.dll
0x000000006f840000 - 0x000000006f856000 	D:\jdkjava\jdk1.8.0_31\jre\bin\zip.dll
0x000007fefed40000 - 0x000007feffaca000 	C:\Windows\system32\SHELL32.dll
0x000007fefe280000 - 0x000007fefe47c000 	C:\Windows\system32\ole32.dll
0x000007fefdca0000 - 0x000007fefdcaf000 	C:\Windows\system32\profapi.dll

VM Arguments:
jvm_args: -Djava.awt.headless=true -Dfile.encoding=UTF-8 -Duser.country=CN -Duser.language=zh -Duser.variant 
java_command: com.android.multidex.ClassReferenceListBuilder E:\zdh\as_workspace\HeadStyle\app\build\intermediates\multi-dex\release\componentClasses.jar E:\zdh\as_workspace\HeadStyle\app\build\intermediates\transforms\jarMerging\release\0.jar
java_class_path (initial): E:\Android\sdk\build-tools\26.0.2\lib\dx.jar
Launcher Type: SUN_STANDARD

Environment Variables:
JAVA_HOME=D:\jdkjava\jdk1.8.0_31
CLASSPATH=.;D:\jdkjava\jdk1.8.0_31\lib\tools.jar;D:\jdkjava\jdk1.8.0_31\lib\dt.jar
PATH=E:\ffmpeg\bin;D:\jdkjava\jdk1.8.0_31\bin;C:\Python27\Scripts;C:\Python27;E:\Android\sdk\platform-tools;C:\Program Files (x86)\Git\cmd;D:\sdk\platform-tools;C:\ProgramData\Oracle\Java\javapath;D:\jdkjava\jdk1.8.0_31\bin;C:\Program Files (x86)\NVIDIA Corporation\PhysX\Common;C:\Windows\system32;C:\Windows;C:\Windows\System32\Wbem;C:\Windows\System32\WindowsPowerShell\v1.0\;C:\Program Files (x86)\Common Files\microsoft shared\TigerKin;C:\Program Files (x86)\Git\cmd;D:\Program Files\nodejs\;C:\Program Files\PuTTY\;C:\Program Files\TortoiseSVN\bin;C:\Users\admin\AppData\Roaming\npm;C:\Program Files (x86)\SSH Communications Security\SSH Secure Shell;C:\Users\admin\AppData\Local\Programs\Fiddler
USERNAME=admin
OS=Windows_NT
PROCESSOR_IDENTIFIER=Intel64 Family 6 Model 60 Stepping 3, GenuineIntel



---------------  S Y S T E M  ---------------

OS: Windows 7 , 64 bit Build 7601 (6.1.7601.23915)

CPU:total 4 (4 cores per cpu, 1 threads per core) family 6 model 60 stepping 3, cmov, cx8, fxsr, mmx, sse, sse2, sse3, ssse3, sse4.1, sse4.2, popcnt, avx, avx2, aes, clmul, erms, rtm, lzcnt, tsc, tscinvbit, bmi1, bmi2

Memory: 4k page, physical 8286452k(884512k free), swap 9333168k(5132k free)

vm_info: Java HotSpot(TM) 64-Bit Server VM (25.66-b18) for windows-amd64 JRE (1.8.0_66-b18), built on Nov  9 2015 10:51:13 by "java_re" with MS VC++ 10.0 (VS2010)

time: Fri Jan 05 12:17:34 2018
elapsed time: 0 seconds (0d 0h 0m 0s)

