#
# There is insufficient memory for the Java Runtime Environment to continue.
# Native memory allocation (malloc) failed to allocate 32744 bytes for ChunkPool::allocate
# Possible reasons:
#   The system is out of physical RAM or swap space
#   In 32 bit mode, the process size limit was hit
# Possible solutions:
#   Reduce memory load on the system
#   Increase physical memory or swap space
#   Check if swap backing store is full
#   Use 64 bit Java on a 64 bit OS
#   Decrease Java heap size (-Xmx/-Xms)
#   Decrease number of Java threads
#   Decrease Java thread stack sizes (-Xss)
#   Set larger code cache with -XX:ReservedCodeCacheSize=
# This output file may be truncated or incomplete.
#
#  Out of Memory Error (allocation.cpp:273), pid=8700, tid=0x0000000000001e24
#
# JRE version: OpenJDK Runtime Environment (8.0_152-b01) (build 1.8.0_152-release-915-b01)
# Java VM: OpenJDK 64-Bit Server VM (25.152-b01 mixed mode windows-amd64 compressed oops)
# Failed to write core dump. Minidumps are not enabled by default on client versions of Windows
#

---------------  T H R E A D  ---------------

Current thread (0x00000000589a0800):  JavaThread "C2 CompilerThread1" daemon [_thread_in_native, id=7716, stack(0x0000000058e10000,0x0000000058f10000)]

Stack: [0x0000000058e10000,0x0000000058f10000]
[error occurred during error reporting (printing stack bounds), id 0xc0000005]

Native frames: (J=compiled Java code, j=interpreted, Vv=VM code, C=native code)


Current CompileTask:
C2:   1325  416       4      
[error occurred during error reporting (printing current compile task), id 0xe0000001]


---------------  P R O C E S S  ---------------

Java Threads: ( => current thread )
  0x0000000058a1f000 JavaThread "Service Thread" daemon [_thread_blocked, id=8604, stack(0x00000000596d0000,0x00000000597d0000)]
  0x00000000589a4000 JavaThread "C1 CompilerThread2" daemon [_thread_blocked, id=8684, stack(0x00000000594c0000,0x00000000595c0000)]
=>0x00000000589a0800 JavaThread "C2 CompilerThread1" daemon [_thread_in_native, id=7716, stack(0x0000000058e10000,0x0000000058f10000)]
  0x000000005765d000 JavaThread "C2 CompilerThread0" daemon [_thread_in_native, id=8344, stack(0x00000000592b0000,0x00000000593b0000)]
  0x000000005898b800 JavaThread "Attach Listener" daemon [_thread_blocked, id=9188, stack(0x00000000590d0000,0x00000000591d0000)]
  0x000000005898a800 JavaThread "Signal Dispatcher" daemon [_thread_blocked, id=8892, stack(0x0000000058f10000,0x0000000059010000)]
  0x0000000057638000 JavaThread "Finalizer" daemon [_thread_blocked, id=8476, stack(0x0000000058750000,0x0000000058850000)]
  0x00000000575f1000 JavaThread "Reference Handler" daemon [_thread_blocked, id=900, stack(0x0000000058880000,0x0000000058980000)]
  0x000000000251e800 JavaThread "main" [_thread_in_Java, id=7912, stack(0x0000000002670000,0x0000000002770000)]

Other Threads:
  0x00000000575e9800 VMThread [stack: 0x0000000058650000,0x0000000058750000] [id=5784]
  0x0000000058a21000 WatcherThread [stack: 0x0000000059940000,0x0000000059a40000] [id=8752]

VM state:not at safepoint (normal execution)

VM Mutex/Monitor currently owned by a thread: None

Heap:
 PSYoungGen      total 38400K, used 21958K [0x00000000d5d80000, 0x00000000d8800000, 0x0000000100000000)
  eden space 33280K, 52% used [0x00000000d5d80000,0x00000000d6e8a028,0x00000000d7e00000)
  from space 5120K, 88% used [0x00000000d7e00000,0x00000000d8267838,0x00000000d8300000)
  to   space 5120K, 0% used [0x00000000d8300000,0x00000000d8300000,0x00000000d8800000)
 ParOldGen       total 87552K, used 0K [0x0000000081800000, 0x0000000086d80000, 0x00000000d5d80000)
  object space 87552K, 0% used [0x0000000081800000,0x0000000081800000,0x0000000086d80000)
 Metaspace       used 3841K, capacity 5144K, committed 5376K, reserved 1056768K
  class space    used 395K, capacity 456K, committed 512K, reserved 1048576K

Card table byte_map: [0x0000000011b30000,0x0000000011f30000] byte_map_base: 0x0000000011724000

Marking Bits: (ParMarkBitMap*) 0x0000000063643950
 Begin Bits: [0x0000000012920000, 0x00000000148c0000)
 End Bits:   [0x00000000148c0000, 0x0000000016860000)

Polling page: 0x0000000000260000

CodeCache: size=245760Kb used=3244Kb max_used=3244Kb free=242515Kb
 bounds [0x0000000002770000, 0x0000000002aa0000, 0x0000000011770000]
 total_blobs=776 nmethods=525 adapters=165
 compilation: enabled

Compilation events (10 events):
Event: 1.244 Thread 0x00000000589a4000  526       3       com.android.dx.cf.attrib.AttRuntimeVisibleAnnotations::<init> (9 bytes)
Event: 1.244 Thread 0x00000000589a4000 nmethod 526 0x0000000002a973d0 code [0x0000000002a97540, 0x0000000002a976e8]
Event: 1.261 Thread 0x00000000589a4000  529       3       com.android.dx.cf.attrib.AttSignature::<init> (26 bytes)
Event: 1.261 Thread 0x00000000589a4000 nmethod 529 0x0000000002a97790 code [0x0000000002a97920, 0x0000000002a97c88]
Event: 1.261 Thread 0x00000000589a4000  530       3       com.android.dx.cf.direct.StdAttributeFactory::signature (94 bytes)
Event: 1.263 Thread 0x00000000589a4000 nmethod 530 0x0000000002a97dd0 code [0x0000000002a98240, 0x0000000002a9aac8]
Event: 1.267 Thread 0x00000000589a4000  532       3       java.util.ArrayDeque::pollFirst (42 bytes)
Event: 1.267 Thread 0x00000000589a4000 nmethod 532 0x0000000002a9cd10 code [0x0000000002a9ce80, 0x0000000002a9d1b0]
Event: 1.268 Thread 0x00000000589a4000  533       1       com.android.dx.cf.direct.DirectClassFile$DcfTypeList::size (5 bytes)
Event: 1.268 Thread 0x00000000589a4000 nmethod 533 0x0000000002a9d310 code [0x0000000002a9d460, 0x0000000002a9d570]

GC Heap History (2 events):
Event: 1.179 GC heap before
{Heap before GC invocations=1 (full 0):
 PSYoungGen      total 38400K, used 33280K [0x00000000d5d80000, 0x00000000d8800000, 0x0000000100000000)
  eden space 33280K, 100% used [0x00000000d5d80000,0x00000000d7e00000,0x00000000d7e00000)
  from space 5120K, 0% used [0x00000000d8300000,0x00000000d8300000,0x00000000d8800000)
  to   space 5120K, 0% used [0x00000000d7e00000,0x00000000d7e00000,0x00000000d8300000)
 ParOldGen       total 87552K, used 0K [0x0000000081800000, 0x0000000086d80000, 0x00000000d5d80000)
  object space 87552K, 0% used [0x0000000081800000,0x0000000081800000,0x0000000086d80000)
 Metaspace       used 3829K, capacity 5144K, committed 5376K, reserved 1056768K
  class space    used 395K, capacity 456K, committed 512K, reserved 1048576K
Event: 1.193 GC heap after
Heap after GC invocations=1 (full 0):
 PSYoungGen      total 38400K, used 4510K [0x00000000d5d80000, 0x00000000d8800000, 0x0000000100000000)
  eden space 33280K, 0% used [0x00000000d5d80000,0x00000000d5d80000,0x00000000d7e00000)
  from space 5120K, 88% used [0x00000000d7e00000,0x00000000d8267838,0x00000000d8300000)
  to   space 5120K, 0% used [0x00000000d8300000,0x00000000d8300000,0x00000000d8800000)
 ParOldGen       total 87552K, used 0K [0x0000000081800000, 0x0000000086d80000, 0x00000000d5d80000)
  object space 87552K, 0% used [0x0000000081800000,0x0000000081800000,0x0000000086d80000)
 Metaspace       used 3829K, capacity 5144K, committed 5376K, reserved 1056768K
  class space    used 395K, capacity 456K, committed 512K, reserved 1048576K
}

Deoptimization events (5 events):
Event: 0.690 Thread 0x000000000251e800 Uncommon trap: reason=unstable_if action=reinterpret pc=0x0000000002934e68 method=com.android.dx.rop.cst.StdConstantPool.set(ILcom/android/dx/rop/cst/Constant;)V @ 12
Event: 0.738 Thread 0x000000000251e800 Uncommon trap: reason=unloaded action=reinterpret pc=0x0000000002982a2c method=com.android.dx.cf.cst.ConstantPoolParser.parse0(ILjava/util/BitSet;)Lcom/android/dx/rop/cst/Constant; @ 198
Event: 0.977 Thread 0x000000000251e800 Uncommon trap: reason=unstable_if action=reinterpret pc=0x00000000029005c0 method=java.lang.String.<init>([CII)V @ 18
Event: 1.027 Thread 0x000000000251e800 Uncommon trap: reason=unstable_if action=reinterpret pc=0x00000000029cf718 method=com.android.dx.cf.direct.StdAttributeFactory.parse0(Lcom/android/dx/cf/direct/DirectClassFile;ILjava/lang/String;IILcom/android/dx/cf/iface/ParseObserver;)Lcom/android/dx/cf
Event: 1.076 Thread 0x000000000251e800 Uncommon trap: reason=unstable_if action=reinterpret pc=0x00000000029de308 method=java.util.concurrent.ConcurrentHashMap.get(Ljava/lang/Object;)Ljava/lang/Object; @ 127

Classes redefined (0 events):
No events

Internal exceptions (2 events):
Event: 0.022 Thread 0x000000000251e800 Exception <a 'java/lang/NoSuchMethodError': Method sun.misc.Unsafe.defineClass(Ljava/lang/String;[BII)Ljava/lang/Class; name or signature does not match> (0x00000000d5d87ca8) thrown at [D:\src\AOSP-openjdk-cygwin\jdk8u\hotspot\src\share\vm\prims\jni.cpp, 
Event: 0.022 Thread 0x000000000251e800 Exception <a 'java/lang/NoSuchMethodError': Method sun.misc.Unsafe.prefetchRead(Ljava/lang/Object;J)V name or signature does not match> (0x00000000d5d87f90) thrown at [D:\src\AOSP-openjdk-cygwin\jdk8u\hotspot\src\share\vm\prims\jni.cpp, line 4011]

Events (10 events):
Event: 1.027 Thread 0x000000000251e800 Uncommon trap: trap_request=0xffffff65 fr.pc=0x00000000029cf718
Event: 1.027 Thread 0x000000000251e800 DEOPT PACKING pc=0x00000000029cf718 sp=0x000000000276f1c0
Event: 1.027 Thread 0x000000000251e800 DEOPT UNPACKING pc=0x00000000027b556a sp=0x000000000276f168 mode 2
Event: 1.042 loading class com/android/dx/cf/attrib/AttAnnotationDefault
Event: 1.042 loading class com/android/dx/cf/attrib/AttAnnotationDefault done
Event: 1.076 Thread 0x000000000251e800 Uncommon trap: trap_request=0xffffff65 fr.pc=0x00000000029de308
Event: 1.076 Thread 0x000000000251e800 DEOPT PACKING pc=0x00000000029de308 sp=0x000000000276f120
Event: 1.076 Thread 0x000000000251e800 DEOPT UNPACKING pc=0x00000000027b556a sp=0x000000000276ef30 mode 2
Event: 1.179 Executing VM operation: ParallelGCFailedAllocation
Event: 1.193 Executing VM operation: ParallelGCFailedAllocation done


Dynamic libraries:
0x000000013f780000 - 0x000000013f7b1000 	C:\Program Files\Android\Android Studio\jre\bin\java.exe
0x0000000077440000 - 0x00000000775ea000 	C:\Windows\SYSTEM32\ntdll.dll
0x0000000076c00000 - 0x0000000076d1f000 	C:\Windows\system32\kernel32.dll
0x000007fefd890000 - 0x000007fefd8fa000 	C:\Windows\system32\KERNELBASE.dll
0x000007feff470000 - 0x000007feff54b000 	C:\Windows\system32\ADVAPI32.dll
0x000007fefec60000 - 0x000007fefecff000 	C:\Windows\system32\msvcrt.dll
0x000007feff730000 - 0x000007feff74f000 	C:\Windows\SYSTEM32\sechost.dll
0x000007feff340000 - 0x000007feff46d000 	C:\Windows\system32\RPCRT4.dll
0x0000000077340000 - 0x000000007743a000 	C:\Windows\system32\USER32.dll
0x000007fefdcf0000 - 0x000007fefdd57000 	C:\Windows\system32\GDI32.dll
0x000007fefef80000 - 0x000007fefef8e000 	C:\Windows\system32\LPK.dll
0x000007feff270000 - 0x000007feff33b000 	C:\Windows\system32\USP10.dll
0x000007fefc2e0000 - 0x000007fefc4d4000 	C:\Windows\WinSxS\amd64_microsoft.windows.common-controls_6595b64144ccf1df_6.0.7601.18837_none_fa3b1e3d17594757\COMCTL32.dll
0x000007fefdd60000 - 0x000007fefddd1000 	C:\Windows\system32\SHLWAPI.dll
0x000007feff660000 - 0x000007feff68e000 	C:\Windows\system32\IMM32.DLL
0x000007feff550000 - 0x000007feff659000 	C:\Windows\system32\MSCTF.dll
0x00000000653a0000 - 0x0000000065472000 	C:\Program Files\Android\Android Studio\jre\jre\bin\msvcr100.dll
0x0000000062e80000 - 0x00000000636be000 	C:\Program Files\Android\Android Studio\jre\jre\bin\server\jvm.dll
0x000007fef9de0000 - 0x000007fef9de9000 	C:\Windows\system32\WSOCK32.dll
0x000007fefde70000 - 0x000007fefdebd000 	C:\Windows\system32\WS2_32.dll
0x000007fefec50000 - 0x000007fefec58000 	C:\Windows\system32\NSI.dll
0x000007fefd730000 - 0x000007fefd76b000 	C:\Windows\system32\WINMM.dll
0x000007fefc7d0000 - 0x000007fefc7dc000 	C:\Windows\system32\VERSION.dll
0x0000000077600000 - 0x0000000077607000 	C:\Windows\system32\PSAPI.DLL
0x000007fefb8f0000 - 0x000007fefb8ff000 	C:\Program Files\Android\Android Studio\jre\jre\bin\verify.dll
0x000007fefb4b0000 - 0x000007fefb4d9000 	C:\Program Files\Android\Android Studio\jre\jre\bin\java.dll
0x000007fefb540000 - 0x000007fefb556000 	C:\Program Files\Android\Android Studio\jre\jre\bin\zip.dll
0x000007fefdec0000 - 0x000007fefec4a000 	C:\Windows\system32\SHELL32.dll
0x000007feff070000 - 0x000007feff26c000 	C:\Windows\system32\ole32.dll
0x000007fefd680000 - 0x000007fefd68f000 	C:\Windows\system32\profapi.dll

VM Arguments:
jvm_args: -Djava.awt.headless=true -Dfile.encoding=UTF-8 -Duser.country=CN -Duser.language=zh -Duser.variant 
java_command: com.android.multidex.ClassReferenceListBuilder E:\zdh\as_workspace\HeadStyle\app\build\intermediates\multi-dex\release\componentClasses.jar E:\zdh\as_workspace\HeadStyle\app\build\intermediates\transforms\jarMerging\release\0.jar
java_class_path (initial): E:\Android\sdk\build-tools\26.0.2\lib\dx.jar
Launcher Type: SUN_STANDARD

Environment Variables:
JAVA_HOME=D:\jdkjava\jdk1.8.0_31
CLASSPATH=.;D:\jdkjava\jdk1.8.0_31\lib\tools.jar;D:\jdkjava\jdk1.8.0_31\lib\dt.jar
PATH=E:\ffmpeg\bin;D:\jdkjava\jdk1.8.0_31\bin;C:\Python27\Scripts;C:\Python27;E:\Android\sdk\platform-tools;C:\Program Files (x86)\Git\cmd;D:\sdk\platform-tools;C:\ProgramData\Oracle\Java\javapath;D:\jdkjava\jdk1.8.0_31\bin;C:\Program Files (x86)\NVIDIA Corporation\PhysX\Common;C:\Windows\system32;C:\Windows;C:\Windows\System32\Wbem;C:\Windows\System32\WindowsPowerShell\v1.0\;C:\Program Files (x86)\Common Files\microsoft shared\TigerKin;C:\Program Files (x86)\Git\cmd;C:\Program Files\PuTTY\;C:\Program Files\TortoiseSVN\bin;C:\Program Files\nodejs\;C:\Program Files (x86)\SSH Communications Security\SSH Secure Shell;C:\Users\admin\AppData\Local\Programs\Fiddler;C:\Users\admin\AppData\Roaming\npm
USERNAME=admin
OS=Windows_NT
PROCESSOR_IDENTIFIER=Intel64 Family 6 Model 60 Stepping 3, GenuineIntel



---------------  S Y S T E M  ---------------

OS: Windows 7 , 64 bit Build 7601 (6.1.7601.23915)

CPU:total 4 (initial active 4) (4 cores per cpu, 1 threads per core) family 6 model 60 stepping 3, cmov, cx8, fxsr, mmx, sse, sse2, sse3, ssse3, sse4.1, sse4.2, popcnt, avx, avx2, aes, clmul, erms, rtm, lzcnt, tsc, tscinvbit, bmi1, bmi2

Memory: 4k page, physical 8286452k(705500k free), swap 9333168k(5128k free)

vm_info: OpenJDK 64-Bit Server VM (25.152-b01) for windows-amd64 JRE (1.8.0_152-release-915-b01), built by "builder" with MS VC++ 10.0 (VS2010)

time: Mon Mar 05 10:34:40 2018
elapsed time: 1 seconds (0d 0h 0m 1s)

